{"C:\\Users\\Chris\\Desktop\\MVP_Artisan\\artisanflow\\App.js": {"path":"C:\\Users\\Chris\\Desktop\\MVP_Artisan\\artisanflow\\App.js","statementMap":{"0":{"start":{"line":21,"column":0},"end":{"line":21,"column":13}},"1":{"start":{"line":24,"column":0},"end":{"line":24,"column":46}},"2":{"start":{"line":25,"column":0},"end":{"line":25,"column":51}},"3":{"start":{"line":26,"column":0},"end":{"line":26,"column":97}},"4":{"start":{"line":27,"column":0},"end":{"line":27,"column":49}},"5":{"start":{"line":30,"column":24},"end":{"line":41,"column":1}},"6":{"start":{"line":44,"column":16},"end":{"line":44,"column":30}},"7":{"start":{"line":45,"column":32},"end":{"line":45,"column":46}},"8":{"start":{"line":46,"column":32},"end":{"line":46,"column":46}},"9":{"start":{"line":47,"column":38},"end":{"line":47,"column":52}},"10":{"start":{"line":48,"column":79},"end":{"line":48,"column":94}},"11":{"start":{"line":51,"column":2},"end":{"line":76,"column":9}},"12":{"start":{"line":52,"column":20},"end":{"line":52,"column":24}},"13":{"start":{"line":54,"column":4},"end":{"line":71,"column":7}},"14":{"start":{"line":55,"column":6},"end":{"line":55,"column":29}},"15":{"start":{"line":55,"column":22},"end":{"line":55,"column":29}},"16":{"start":{"line":57,"column":6},"end":{"line":57,"column":94}},"17":{"start":{"line":58,"column":6},"end":{"line":58,"column":33}},"18":{"start":{"line":59,"column":6},"end":{"line":59,"column":24}},"19":{"start":{"line":62,"column":6},"end":{"line":70,"column":7}},"20":{"start":{"line":63,"column":8},"end":{"line":69,"column":17}},"21":{"start":{"line":64,"column":10},"end":{"line":68,"column":13}},"22":{"start":{"line":65,"column":12},"end":{"line":67,"column":13}},"23":{"start":{"line":66,"column":14},"end":{"line":66,"column":84}},"24":{"start":{"line":73,"column":4},"end":{"line":75,"column":6}},"25":{"start":{"line":74,"column":6},"end":{"line":74,"column":24}},"26":{"start":{"line":79,"column":2},"end":{"line":95,"column":9}},"27":{"start":{"line":80,"column":39},"end":{"line":90,"column":6}},"28":{"start":{"line":81,"column":6},"end":{"line":81,"column":49}},"29":{"start":{"line":82,"column":6},"end":{"line":82,"column":29}},"30":{"start":{"line":85,"column":6},"end":{"line":89,"column":7}},"31":{"start":{"line":86,"column":8},"end":{"line":88,"column":17}},"32":{"start":{"line":87,"column":10},"end":{"line":87,"column":48}},"33":{"start":{"line":92,"column":4},"end":{"line":94,"column":6}},"34":{"start":{"line":93,"column":6},"end":{"line":93,"column":34}},"35":{"start":{"line":98,"column":2},"end":{"line":113,"column":9}},"36":{"start":{"line":99,"column":28},"end":{"line":108,"column":13}},"37":{"start":{"line":100,"column":29},"end":{"line":100,"column":54}},"38":{"start":{"line":101,"column":23},"end":{"line":101,"column":54}},"39":{"start":{"line":102,"column":6},"end":{"line":107,"column":7}},"40":{"start":{"line":103,"column":22},"end":{"line":103,"column":53}},"41":{"start":{"line":104,"column":8},"end":{"line":106,"column":9}},"42":{"start":{"line":105,"column":10},"end":{"line":105,"column":48}},"43":{"start":{"line":110,"column":4},"end":{"line":112,"column":6}},"44":{"start":{"line":111,"column":6},"end":{"line":111,"column":37}},"45":{"start":{"line":116,"column":2},"end":{"line":118,"column":3}},"46":{"start":{"line":117,"column":4},"end":{"line":117,"column":66}},"47":{"start":{"line":117,"column":41},"end":{"line":117,"column":61}},"48":{"start":{"line":120,"column":2},"end":{"line":126,"column":3}},"49":{"start":{"line":121,"column":4},"end":{"line":125,"column":6}},"50":{"start":{"line":129,"column":2},"end":{"line":137,"column":3}},"51":{"start":{"line":130,"column":4},"end":{"line":136,"column":6}},"52":{"start":{"line":139,"column":2},"end":{"line":149,"column":4}},"53":{"start":{"line":152,"column":15},"end":{"line":158,"column":2}}},"fnMap":{"0":{"name":"App","decl":{"start":{"line":43,"column":24},"end":{"line":43,"column":27}},"loc":{"start":{"line":43,"column":30},"end":{"line":150,"column":1}},"line":43},"1":{"name":"(anonymous_1)","decl":{"start":{"line":51,"column":12},"end":{"line":51,"column":13}},"loc":{"start":{"line":51,"column":18},"end":{"line":76,"column":3}},"line":51},"2":{"name":"(anonymous_2)","decl":{"start":{"line":54,"column":29},"end":{"line":54,"column":30}},"loc":{"start":{"line":54,"column":49},"end":{"line":71,"column":5}},"line":54},"3":{"name":"(anonymous_3)","decl":{"start":{"line":63,"column":19},"end":{"line":63,"column":20}},"loc":{"start":{"line":63,"column":25},"end":{"line":69,"column":9}},"line":63},"4":{"name":"(anonymous_4)","decl":{"start":{"line":64,"column":53},"end":{"line":64,"column":54}},"loc":{"start":{"line":64,"column":65},"end":{"line":68,"column":11}},"line":64},"5":{"name":"(anonymous_5)","decl":{"start":{"line":73,"column":11},"end":{"line":73,"column":12}},"loc":{"start":{"line":73,"column":17},"end":{"line":75,"column":5}},"line":73},"6":{"name":"(anonymous_6)","decl":{"start":{"line":79,"column":12},"end":{"line":79,"column":13}},"loc":{"start":{"line":79,"column":18},"end":{"line":95,"column":3}},"line":79},"7":{"name":"(anonymous_7)","decl":{"start":{"line":80,"column":57},"end":{"line":80,"column":58}},"loc":{"start":{"line":80,"column":80},"end":{"line":90,"column":5}},"line":80},"8":{"name":"(anonymous_8)","decl":{"start":{"line":86,"column":19},"end":{"line":86,"column":20}},"loc":{"start":{"line":86,"column":25},"end":{"line":88,"column":9}},"line":86},"9":{"name":"(anonymous_9)","decl":{"start":{"line":92,"column":11},"end":{"line":92,"column":12}},"loc":{"start":{"line":92,"column":17},"end":{"line":94,"column":5}},"line":92},"10":{"name":"(anonymous_10)","decl":{"start":{"line":98,"column":12},"end":{"line":98,"column":13}},"loc":{"start":{"line":98,"column":18},"end":{"line":113,"column":3}},"line":98},"11":{"name":"(anonymous_11)","decl":{"start":{"line":99,"column":40},"end":{"line":99,"column":41}},"loc":{"start":{"line":99,"column":52},"end":{"line":108,"column":5}},"line":99},"12":{"name":"(anonymous_12)","decl":{"start":{"line":110,"column":11},"end":{"line":110,"column":12}},"loc":{"start":{"line":110,"column":17},"end":{"line":112,"column":5}},"line":110},"13":{"name":"(anonymous_13)","decl":{"start":{"line":117,"column":35},"end":{"line":117,"column":36}},"loc":{"start":{"line":117,"column":41},"end":{"line":117,"column":61}},"line":117}},"branchMap":{"0":{"loc":{"start":{"line":55,"column":6},"end":{"line":55,"column":29}},"type":"if","locations":[{"start":{"line":55,"column":6},"end":{"line":55,"column":29}},{"start":{},"end":{}}],"line":55},"1":{"loc":{"start":{"line":57,"column":46},"end":{"line":57,"column":90}},"type":"cond-expr","locations":[{"start":{"line":57,"column":63},"end":{"line":57,"column":73}},{"start":{"line":57,"column":76},"end":{"line":57,"column":90}}],"line":57},"2":{"loc":{"start":{"line":62,"column":6},"end":{"line":70,"column":7}},"type":"if","locations":[{"start":{"line":62,"column":6},"end":{"line":70,"column":7}},{"start":{},"end":{}}],"line":62},"3":{"loc":{"start":{"line":65,"column":12},"end":{"line":67,"column":13}},"type":"if","locations":[{"start":{"line":65,"column":12},"end":{"line":67,"column":13}},{"start":{},"end":{}}],"line":65},"4":{"loc":{"start":{"line":85,"column":6},"end":{"line":89,"column":7}},"type":"if","locations":[{"start":{"line":85,"column":6},"end":{"line":89,"column":7}},{"start":{},"end":{}}],"line":85},"5":{"loc":{"start":{"line":85,"column":10},"end":{"line":85,"column":45}},"type":"binary-expr","locations":[{"start":{"line":85,"column":10},"end":{"line":85,"column":20}},{"start":{"line":85,"column":24},"end":{"line":85,"column":45}}],"line":85},"6":{"loc":{"start":{"line":102,"column":6},"end":{"line":107,"column":7}},"type":"if","locations":[{"start":{"line":102,"column":6},"end":{"line":107,"column":7}},{"start":{},"end":{}}],"line":102},"7":{"loc":{"start":{"line":102,"column":10},"end":{"line":102,"column":36}},"type":"binary-expr","locations":[{"start":{"line":102,"column":10},"end":{"line":102,"column":18}},{"start":{"line":102,"column":22},"end":{"line":102,"column":36}}],"line":102},"8":{"loc":{"start":{"line":104,"column":8},"end":{"line":106,"column":9}},"type":"if","locations":[{"start":{"line":104,"column":8},"end":{"line":106,"column":9}},{"start":{},"end":{}}],"line":104},"9":{"loc":{"start":{"line":116,"column":2},"end":{"line":118,"column":3}},"type":"if","locations":[{"start":{"line":116,"column":2},"end":{"line":118,"column":3}},{"start":{},"end":{}}],"line":116},"10":{"loc":{"start":{"line":120,"column":2},"end":{"line":126,"column":3}},"type":"if","locations":[{"start":{"line":120,"column":2},"end":{"line":126,"column":3}},{"start":{},"end":{}}],"line":120},"11":{"loc":{"start":{"line":120,"column":6},"end":{"line":120,"column":34}},"type":"binary-expr","locations":[{"start":{"line":120,"column":6},"end":{"line":120,"column":13}},{"start":{"line":120,"column":17},"end":{"line":120,"column":34}}],"line":120},"12":{"loc":{"start":{"line":129,"column":2},"end":{"line":137,"column":3}},"type":"if","locations":[{"start":{"line":129,"column":2},"end":{"line":137,"column":3}},{"start":{},"end":{}}],"line":129},"13":{"loc":{"start":{"line":129,"column":6},"end":{"line":129,"column":31}},"type":"binary-expr","locations":[{"start":{"line":129,"column":6},"end":{"line":129,"column":13}},{"start":{"line":129,"column":17},"end":{"line":129,"column":31}}],"line":129},"14":{"loc":{"start":{"line":143,"column":11},"end":{"line":143,"column":54}},"type":"cond-expr","locations":[{"start":{"line":143,"column":21},"end":{"line":143,"column":37}},{"start":{"line":143,"column":40},"end":{"line":143,"column":54}}],"line":143}},"s":{"0":0,"1":0,"2":0,"3":0,"4":0,"5":0,"6":0,"7":0,"8":0,"9":0,"10":0,"11":0,"12":0,"13":0,"14":0,"15":0,"16":0,"17":0,"18":0,"19":0,"20":0,"21":0,"22":0,"23":0,"24":0,"25":0,"26":0,"27":0,"28":0,"29":0,"30":0,"31":0,"32":0,"33":0,"34":0,"35":0,"36":0,"37":0,"38":0,"39":0,"40":0,"41":0,"42":0,"43":0,"44":0,"45":0,"46":0,"47":0,"48":0,"49":0,"50":0,"51":0,"52":0,"53":0},"f":{"0":0,"1":0,"2":0,"3":0,"4":0,"5":0,"6":0,"7":0,"8":0,"9":0,"10":0,"11":0,"12":0,"13":0},"b":{"0":[0,0],"1":[0,0],"2":[0,0],"3":[0,0],"4":[0,0],"5":[0,0],"6":[0,0],"7":[0,0],"8":[0,0],"9":[0,0],"10":[0,0],"11":[0,0],"12":[0,0],"13":[0,0],"14":[0,0]}}
,"C:\\Users\\Chris\\Desktop\\MVP_Artisan\\artisanflow\\DevisFactures.js": {"path":"C:\\Users\\Chris\\Desktop\\MVP_Artisan\\artisanflow\\DevisFactures.js","statementMap":{"0":{"start":{"line":18,"column":18},"end":{"line":18,"column":22}},"1":{"start":{"line":19,"column":25},"end":{"line":19,"column":30}},"2":{"start":{"line":20,"column":0},"end":{"line":34,"column":1}},"3":{"start":{"line":22,"column":24},"end":{"line":22,"column":45}},"4":{"start":{"line":23,"column":2},"end":{"line":27,"column":3}},"5":{"start":{"line":24,"column":4},"end":{"line":24,"column":44}},"6":{"start":{"line":25,"column":4},"end":{"line":25,"column":30}},"7":{"start":{"line":26,"column":4},"end":{"line":26,"column":83}},"8":{"start":{"line":31,"column":2},"end":{"line":33,"column":3}},"9":{"start":{"line":32,"column":4},"end":{"line":32,"column":102}},"10":{"start":{"line":38,"column":18},"end":{"line":38,"column":34}},"11":{"start":{"line":40,"column":28},"end":{"line":40,"column":40}},"12":{"start":{"line":41,"column":36},"end":{"line":41,"column":50}},"13":{"start":{"line":42,"column":42},"end":{"line":42,"column":57}},"14":{"start":{"line":43,"column":36},"end":{"line":43,"column":51}},"15":{"start":{"line":44,"column":34},"end":{"line":44,"column":49}},"16":{"start":{"line":45,"column":36},"end":{"line":45,"column":50}},"17":{"start":{"line":48,"column":30},"end":{"line":48,"column":42}},"18":{"start":{"line":49,"column":32},"end":{"line":49,"column":44}},"19":{"start":{"line":50,"column":24},"end":{"line":50,"column":38}},"20":{"start":{"line":51,"column":28},"end":{"line":51,"column":40}},"21":{"start":{"line":52,"column":44},"end":{"line":52,"column":56}},"22":{"start":{"line":53,"column":30},"end":{"line":53,"column":75}},"23":{"start":{"line":54,"column":42},"end":{"line":54,"column":54}},"24":{"start":{"line":56,"column":28},"end":{"line":56,"column":40}},"25":{"start":{"line":57,"column":19},"end":{"line":57,"column":31}},"26":{"start":{"line":59,"column":2},"end":{"line":61,"column":18}},"27":{"start":{"line":60,"column":4},"end":{"line":60,"column":16}},"28":{"start":{"line":63,"column":2},"end":{"line":72,"column":9}},"29":{"start":{"line":64,"column":4},"end":{"line":71,"column":6}},"30":{"start":{"line":65,"column":6},"end":{"line":65,"column":59}},"31":{"start":{"line":65,"column":28},"end":{"line":65,"column":59}},"32":{"start":{"line":66,"column":6},"end":{"line":70,"column":7}},"33":{"start":{"line":67,"column":8},"end":{"line":69,"column":10}},"34":{"start":{"line":68,"column":10},"end":{"line":68,"column":70}},"35":{"start":{"line":74,"column":20},"end":{"line":93,"column":3}},"36":{"start":{"line":75,"column":4},"end":{"line":92,"column":5}},"37":{"start":{"line":76,"column":24},"end":{"line":76,"column":54}},"38":{"start":{"line":77,"column":30},"end":{"line":81,"column":50}},"39":{"start":{"line":83,"column":6},"end":{"line":87,"column":7}},"40":{"start":{"line":84,"column":8},"end":{"line":84,"column":59}},"41":{"start":{"line":85,"column":8},"end":{"line":85,"column":68}},"42":{"start":{"line":86,"column":8},"end":{"line":86,"column":15}},"43":{"start":{"line":88,"column":6},"end":{"line":88,"column":27}},"44":{"start":{"line":90,"column":6},"end":{"line":90,"column":58}},"45":{"start":{"line":91,"column":6},"end":{"line":91,"column":70}},"46":{"start":{"line":95,"column":25},"end":{"line":100,"column":3}},"47":{"start":{"line":96,"column":19},"end":{"line":96,"column":40}},"48":{"start":{"line":97,"column":17},"end":{"line":97,"column":41}},"49":{"start":{"line":98,"column":19},"end":{"line":98,"column":80}},"50":{"start":{"line":99,"column":4},"end":{"line":99,"column":41}},"51":{"start":{"line":102,"column":20},"end":{"line":112,"column":3}},"52":{"start":{"line":103,"column":4},"end":{"line":103,"column":23}},"53":{"start":{"line":104,"column":4},"end":{"line":104,"column":23}},"54":{"start":{"line":105,"column":4},"end":{"line":105,"column":18}},"55":{"start":{"line":106,"column":4},"end":{"line":106,"column":19}},"56":{"start":{"line":107,"column":4},"end":{"line":107,"column":17}},"57":{"start":{"line":108,"column":4},"end":{"line":108,"column":17}},"58":{"start":{"line":109,"column":4},"end":{"line":109,"column":25}},"59":{"start":{"line":110,"column":4},"end":{"line":110,"column":24}},"60":{"start":{"line":111,"column":4},"end":{"line":111,"column":51}},"61":{"start":{"line":114,"column":30},"end":{"line":118,"column":3}},"62":{"start":{"line":115,"column":22},"end":{"line":115,"column":46}},"63":{"start":{"line":116,"column":23},"end":{"line":116,"column":43}},"64":{"start":{"line":117,"column":4},"end":{"line":117,"column":46}},"65":{"start":{"line":120,"column":19},"end":{"line":192,"column":3}},"66":{"start":{"line":121,"column":4},"end":{"line":124,"column":5}},"67":{"start":{"line":122,"column":6},"end":{"line":122,"column":65}},"68":{"start":{"line":123,"column":6},"end":{"line":123,"column":13}},"69":{"start":{"line":126,"column":22},"end":{"line":126,"column":41}},"70":{"start":{"line":127,"column":4},"end":{"line":130,"column":5}},"71":{"start":{"line":128,"column":6},"end":{"line":128,"column":77}},"72":{"start":{"line":129,"column":6},"end":{"line":129,"column":13}},"73":{"start":{"line":133,"column":46},"end":{"line":133,"column":68}},"74":{"start":{"line":134,"column":4},"end":{"line":137,"column":5}},"75":{"start":{"line":135,"column":6},"end":{"line":135,"column":62}},"76":{"start":{"line":136,"column":6},"end":{"line":136,"column":13}},"77":{"start":{"line":139,"column":4},"end":{"line":191,"column":5}},"78":{"start":{"line":140,"column":6},"end":{"line":140,"column":25}},"79":{"start":{"line":143,"column":33},"end":{"line":143,"column":62}},"80":{"start":{"line":144,"column":6},"end":{"line":144,"column":64}},"81":{"start":{"line":144,"column":17},"end":{"line":144,"column":64}},"82":{"start":{"line":146,"column":25},"end":{"line":146,"column":45}},"83":{"start":{"line":147,"column":25},"end":{"line":147,"column":59}},"84":{"start":{"line":149,"column":24},"end":{"line":149,"column":54}},"85":{"start":{"line":150,"column":19},"end":{"line":161,"column":7}},"86":{"start":{"line":163,"column":6},"end":{"line":167,"column":7}},"87":{"start":{"line":164,"column":8},"end":{"line":164,"column":42}},"88":{"start":{"line":165,"column":13},"end":{"line":167,"column":7}},"89":{"start":{"line":166,"column":8},"end":{"line":166,"column":42}},"90":{"start":{"line":170,"column":6},"end":{"line":179,"column":7}},"91":{"start":{"line":171,"column":39},"end":{"line":174,"column":30}},"92":{"start":{"line":175,"column":8},"end":{"line":175,"column":28}},"93":{"start":{"line":177,"column":39},"end":{"line":177,"column":84}},"94":{"start":{"line":178,"column":8},"end":{"line":178,"column":28}},"95":{"start":{"line":181,"column":6},"end":{"line":181,"column":29}},"96":{"start":{"line":181,"column":17},"end":{"line":181,"column":29}},"97":{"start":{"line":183,"column":6},"end":{"line":183,"column":126}},"98":{"start":{"line":184,"column":6},"end":{"line":184,"column":18}},"99":{"start":{"line":185,"column":6},"end":{"line":185,"column":24}},"100":{"start":{"line":187,"column":6},"end":{"line":187,"column":55}},"101":{"start":{"line":188,"column":6},"end":{"line":188,"column":72}},"102":{"start":{"line":190,"column":6},"end":{"line":190,"column":26}},"103":{"start":{"line":194,"column":25},"end":{"line":218,"column":3}},"104":{"start":{"line":195,"column":4},"end":{"line":217,"column":5}},"105":{"start":{"line":196,"column":25},"end":{"line":196,"column":62}},"106":{"start":{"line":197,"column":6},"end":{"line":200,"column":7}},"107":{"start":{"line":198,"column":8},"end":{"line":198,"column":74}},"108":{"start":{"line":199,"column":8},"end":{"line":199,"column":15}},"109":{"start":{"line":202,"column":6},"end":{"line":205,"column":9}},"110":{"start":{"line":207,"column":24},"end":{"line":207,"column":45}},"111":{"start":{"line":209,"column":8},"end":{"line":211,"column":10}},"112":{"start":{"line":212,"column":6},"end":{"line":212,"column":35}},"113":{"start":{"line":213,"column":6},"end":{"line":213,"column":30}},"114":{"start":{"line":215,"column":6},"end":{"line":215,"column":49}},"115":{"start":{"line":216,"column":6},"end":{"line":216,"column":72}},"116":{"start":{"line":220,"column":24},"end":{"line":304,"column":3}},"117":{"start":{"line":221,"column":4},"end":{"line":303,"column":5}},"118":{"start":{"line":222,"column":6},"end":{"line":222,"column":29}},"119":{"start":{"line":222,"column":22},"end":{"line":222,"column":29}},"120":{"start":{"line":224,"column":6},"end":{"line":224,"column":43}},"121":{"start":{"line":225,"column":18},"end":{"line":225,"column":36}},"122":{"start":{"line":227,"column":6},"end":{"line":227,"column":28}},"123":{"start":{"line":228,"column":28},"end":{"line":228,"column":30}},"124":{"start":{"line":230,"column":6},"end":{"line":295,"column":7}},"125":{"start":{"line":231,"column":8},"end":{"line":294,"column":9}},"126":{"start":{"line":232,"column":10},"end":{"line":258,"column":11}},"127":{"start":{"line":235,"column":30},"end":{"line":235,"column":45}},"128":{"start":{"line":236,"column":29},"end":{"line":236,"column":70}},"129":{"start":{"line":237,"column":30},"end":{"line":237,"column":55}},"130":{"start":{"line":239,"column":28},"end":{"line":239,"column":67}},"131":{"start":{"line":240,"column":12},"end":{"line":242,"column":13}},"132":{"start":{"line":241,"column":14},"end":{"line":241,"column":85}},"133":{"start":{"line":244,"column":30},"end":{"line":244,"column":70}},"134":{"start":{"line":245,"column":12},"end":{"line":252,"column":13}},"135":{"start":{"line":246,"column":14},"end":{"line":246,"column":137}},"136":{"start":{"line":247,"column":31},"end":{"line":247,"column":104}},"137":{"start":{"line":248,"column":14},"end":{"line":248,"column":66}},"138":{"start":{"line":249,"column":14},"end":{"line":249,"column":65}},"139":{"start":{"line":251,"column":14},"end":{"line":251,"column":81}},"140":{"start":{"line":254,"column":12},"end":{"line":257,"column":15}},"141":{"start":{"line":260,"column":30},"end":{"line":260,"column":91}},"142":{"start":{"line":261,"column":25},"end":{"line":261,"column":38}},"143":{"start":{"line":262,"column":10},"end":{"line":262,"column":48}},"144":{"start":{"line":265,"column":12},"end":{"line":291,"column":13}},"145":{"start":{"line":266,"column":32},"end":{"line":266,"column":54}},"146":{"start":{"line":269,"column":39},"end":{"line":269,"column":65}},"147":{"start":{"line":272,"column":33},"end":{"line":272,"column":53}},"148":{"start":{"line":273,"column":40},"end":{"line":273,"column":68}},"149":{"start":{"line":276,"column":33},"end":{"line":276,"column":96}},"150":{"start":{"line":277,"column":34},"end":{"line":277,"column":93}},"151":{"start":{"line":277,"column":59},"end":{"line":277,"column":92}},"152":{"start":{"line":279,"column":38},"end":{"line":279,"column":108}},"153":{"start":{"line":281,"column":14},"end":{"line":290,"column":15}},"154":{"start":{"line":282,"column":16},"end":{"line":282,"column":44}},"155":{"start":{"line":284,"column":16},"end":{"line":284,"column":91}},"156":{"start":{"line":285,"column":16},"end":{"line":288,"column":18}},"157":{"start":{"line":289,"column":16},"end":{"line":289,"column":37}},"158":{"start":{"line":293,"column":10},"end":{"line":293,"column":64}},"159":{"start":{"line":297,"column":6},"end":{"line":297,"column":25}},"160":{"start":{"line":298,"column":6},"end":{"line":298,"column":106}},"161":{"start":{"line":300,"column":6},"end":{"line":300,"column":48}},"162":{"start":{"line":302,"column":6},"end":{"line":302,"column":29}},"163":{"start":{"line":306,"column":21},"end":{"line":330,"column":3}},"164":{"start":{"line":307,"column":4},"end":{"line":329,"column":7}},"165":{"start":{"line":313,"column":10},"end":{"line":326,"column":11}},"166":{"start":{"line":314,"column":30},"end":{"line":314,"column":60}},"167":{"start":{"line":315,"column":30},"end":{"line":315,"column":82}},"168":{"start":{"line":316,"column":12},"end":{"line":320,"column":13}},"169":{"start":{"line":317,"column":14},"end":{"line":317,"column":66}},"170":{"start":{"line":318,"column":14},"end":{"line":318,"column":74}},"171":{"start":{"line":319,"column":14},"end":{"line":319,"column":21}},"172":{"start":{"line":321,"column":12},"end":{"line":321,"column":30}},"173":{"start":{"line":322,"column":12},"end":{"line":322,"column":80}},"174":{"start":{"line":324,"column":12},"end":{"line":324,"column":65}},"175":{"start":{"line":325,"column":12},"end":{"line":325,"column":67}},"176":{"start":{"line":332,"column":19},"end":{"line":342,"column":3}},"177":{"start":{"line":333,"column":4},"end":{"line":333,"column":26}},"178":{"start":{"line":334,"column":4},"end":{"line":334,"column":27}},"179":{"start":{"line":335,"column":4},"end":{"line":335,"column":43}},"180":{"start":{"line":336,"column":4},"end":{"line":336,"column":40}},"181":{"start":{"line":337,"column":4},"end":{"line":337,"column":31}},"182":{"start":{"line":338,"column":4},"end":{"line":338,"column":47}},"183":{"start":{"line":339,"column":4},"end":{"line":339,"column":27}},"184":{"start":{"line":340,"column":4},"end":{"line":340,"column":83}},"185":{"start":{"line":341,"column":4},"end":{"line":341,"column":22}},"186":{"start":{"line":344,"column":21},"end":{"line":361,"column":3}},"187":{"start":{"line":345,"column":4},"end":{"line":360,"column":23}},"188":{"start":{"line":347,"column":21},"end":{"line":347,"column":35}},"189":{"start":{"line":348,"column":25},"end":{"line":348,"column":44}},"190":{"start":{"line":363,"column":24},"end":{"line":365,"column":48}},"191":{"start":{"line":367,"column":2},"end":{"line":520,"column":4}},"192":{"start":{"line":376,"column":12},"end":{"line":379,"column":13}},"193":{"start":{"line":377,"column":14},"end":{"line":377,"column":42}},"194":{"start":{"line":378,"column":14},"end":{"line":378,"column":32}},"195":{"start":{"line":434,"column":16},"end":{"line":442,"column":35}},"196":{"start":{"line":437,"column":33},"end":{"line":437,"column":47}},"197":{"start":{"line":513,"column":32},"end":{"line":513,"column":39}},"198":{"start":{"line":523,"column":15},"end":{"line":562,"column":2}}},"fnMap":{"0":{"name":"DevisFactures","decl":{"start":{"line":36,"column":24},"end":{"line":36,"column":37}},"loc":{"start":{"line":36,"column":79},"end":{"line":521,"column":1}},"line":36},"1":{"name":"(anonymous_1)","decl":{"start":{"line":59,"column":12},"end":{"line":59,"column":13}},"loc":{"start":{"line":59,"column":18},"end":{"line":61,"column":3}},"line":59},"2":{"name":"(anonymous_2)","decl":{"start":{"line":63,"column":12},"end":{"line":63,"column":13}},"loc":{"start":{"line":63,"column":18},"end":{"line":72,"column":3}},"line":63},"3":{"name":"(anonymous_3)","decl":{"start":{"line":64,"column":11},"end":{"line":64,"column":12}},"loc":{"start":{"line":64,"column":17},"end":{"line":71,"column":5}},"line":64},"4":{"name":"(anonymous_4)","decl":{"start":{"line":67,"column":50},"end":{"line":67,"column":51}},"loc":{"start":{"line":68,"column":10},"end":{"line":68,"column":70}},"line":68},"5":{"name":"(anonymous_5)","decl":{"start":{"line":74,"column":20},"end":{"line":74,"column":21}},"loc":{"start":{"line":74,"column":32},"end":{"line":93,"column":3}},"line":74},"6":{"name":"(anonymous_6)","decl":{"start":{"line":95,"column":25},"end":{"line":95,"column":26}},"loc":{"start":{"line":95,"column":31},"end":{"line":100,"column":3}},"line":95},"7":{"name":"(anonymous_7)","decl":{"start":{"line":102,"column":20},"end":{"line":102,"column":21}},"loc":{"start":{"line":102,"column":26},"end":{"line":112,"column":3}},"line":102},"8":{"name":"(anonymous_8)","decl":{"start":{"line":114,"column":30},"end":{"line":114,"column":31}},"loc":{"start":{"line":114,"column":36},"end":{"line":118,"column":3}},"line":114},"9":{"name":"(anonymous_9)","decl":{"start":{"line":120,"column":19},"end":{"line":120,"column":20}},"loc":{"start":{"line":120,"column":31},"end":{"line":192,"column":3}},"line":120},"10":{"name":"(anonymous_10)","decl":{"start":{"line":194,"column":25},"end":{"line":194,"column":26}},"loc":{"start":{"line":194,"column":37},"end":{"line":218,"column":3}},"line":194},"11":{"name":"(anonymous_11)","decl":{"start":{"line":220,"column":24},"end":{"line":220,"column":25}},"loc":{"start":{"line":220,"column":36},"end":{"line":304,"column":3}},"line":220},"12":{"name":"(anonymous_12)","decl":{"start":{"line":277,"column":50},"end":{"line":277,"column":51}},"loc":{"start":{"line":277,"column":59},"end":{"line":277,"column":92}},"line":277},"13":{"name":"(anonymous_13)","decl":{"start":{"line":306,"column":21},"end":{"line":306,"column":22}},"loc":{"start":{"line":306,"column":35},"end":{"line":330,"column":3}},"line":306},"14":{"name":"(anonymous_14)","decl":{"start":{"line":312,"column":17},"end":{"line":312,"column":18}},"loc":{"start":{"line":312,"column":29},"end":{"line":327,"column":9}},"line":312},"15":{"name":"(anonymous_15)","decl":{"start":{"line":332,"column":19},"end":{"line":332,"column":20}},"loc":{"start":{"line":332,"column":29},"end":{"line":342,"column":3}},"line":332},"16":{"name":"(anonymous_16)","decl":{"start":{"line":344,"column":21},"end":{"line":344,"column":22}},"loc":{"start":{"line":345,"column":4},"end":{"line":360,"column":23}},"line":345},"17":{"name":"(anonymous_17)","decl":{"start":{"line":347,"column":15},"end":{"line":347,"column":16}},"loc":{"start":{"line":347,"column":21},"end":{"line":347,"column":35}},"line":347},"18":{"name":"(anonymous_18)","decl":{"start":{"line":348,"column":19},"end":{"line":348,"column":20}},"loc":{"start":{"line":348,"column":25},"end":{"line":348,"column":44}},"line":348},"19":{"name":"(anonymous_19)","decl":{"start":{"line":375,"column":19},"end":{"line":375,"column":20}},"loc":{"start":{"line":375,"column":25},"end":{"line":380,"column":11}},"line":375},"20":{"name":"(anonymous_20)","decl":{"start":{"line":433,"column":33},"end":{"line":433,"column":34}},"loc":{"start":{"line":434,"column":16},"end":{"line":442,"column":35}},"line":434},"21":{"name":"(anonymous_21)","decl":{"start":{"line":437,"column":27},"end":{"line":437,"column":28}},"loc":{"start":{"line":437,"column":33},"end":{"line":437,"column":47}},"line":437},"22":{"name":"(anonymous_22)","decl":{"start":{"line":513,"column":22},"end":{"line":513,"column":23}},"loc":{"start":{"line":513,"column":32},"end":{"line":513,"column":39}},"line":513}},"branchMap":{"0":{"loc":{"start":{"line":23,"column":2},"end":{"line":27,"column":3}},"type":"if","locations":[{"start":{"line":23,"column":2},"end":{"line":27,"column":3}},{"start":{},"end":{}}],"line":23},"1":{"loc":{"start":{"line":23,"column":6},"end":{"line":23,"column":48}},"type":"binary-expr","locations":[{"start":{"line":23,"column":6},"end":{"line":23,"column":19}},{"start":{"line":23,"column":23},"end":{"line":23,"column":48}}],"line":23},"2":{"loc":{"start":{"line":31,"column":2},"end":{"line":33,"column":3}},"type":"if","locations":[{"start":{"line":31,"column":2},"end":{"line":33,"column":3}},{"start":{},"end":{}}],"line":31},"3":{"loc":{"start":{"line":36,"column":61},"end":{"line":36,"column":75}},"type":"default-arg","locations":[{"start":{"line":36,"column":68},"end":{"line":36,"column":75}}],"line":36},"4":{"loc":{"start":{"line":53,"column":39},"end":{"line":53,"column":74}},"type":"cond-expr","locations":[{"start":{"line":53,"column":49},"end":{"line":53,"column":60}},{"start":{"line":53,"column":63},"end":{"line":53,"column":74}}],"line":53},"5":{"loc":{"start":{"line":65,"column":6},"end":{"line":65,"column":59}},"type":"if","locations":[{"start":{"line":65,"column":6},"end":{"line":65,"column":59}},{"start":{},"end":{}}],"line":65},"6":{"loc":{"start":{"line":66,"column":6},"end":{"line":70,"column":7}},"type":"if","locations":[{"start":{"line":66,"column":6},"end":{"line":70,"column":7}},{"start":{},"end":{}}],"line":66},"7":{"loc":{"start":{"line":76,"column":24},"end":{"line":76,"column":54}},"type":"cond-expr","locations":[{"start":{"line":76,"column":34},"end":{"line":76,"column":41}},{"start":{"line":76,"column":44},"end":{"line":76,"column":54}}],"line":76},"8":{"loc":{"start":{"line":83,"column":6},"end":{"line":87,"column":7}},"type":"if","locations":[{"start":{"line":83,"column":6},"end":{"line":87,"column":7}},{"start":{},"end":{}}],"line":83},"9":{"loc":{"start":{"line":88,"column":15},"end":{"line":88,"column":25}},"type":"binary-expr","locations":[{"start":{"line":88,"column":15},"end":{"line":88,"column":19}},{"start":{"line":88,"column":23},"end":{"line":88,"column":25}}],"line":88},"10":{"loc":{"start":{"line":96,"column":19},"end":{"line":96,"column":40}},"type":"cond-expr","locations":[{"start":{"line":96,"column":29},"end":{"line":96,"column":33}},{"start":{"line":96,"column":36},"end":{"line":96,"column":40}}],"line":96},"11":{"loc":{"start":{"line":111,"column":14},"end":{"line":111,"column":49}},"type":"cond-expr","locations":[{"start":{"line":111,"column":24},"end":{"line":111,"column":35}},{"start":{"line":111,"column":38},"end":{"line":111,"column":49}}],"line":111},"12":{"loc":{"start":{"line":115,"column":22},"end":{"line":115,"column":46}},"type":"binary-expr","locations":[{"start":{"line":115,"column":22},"end":{"line":115,"column":41}},{"start":{"line":115,"column":45},"end":{"line":115,"column":46}}],"line":115},"13":{"loc":{"start":{"line":116,"column":23},"end":{"line":116,"column":43}},"type":"binary-expr","locations":[{"start":{"line":116,"column":23},"end":{"line":116,"column":38}},{"start":{"line":116,"column":42},"end":{"line":116,"column":43}}],"line":116},"14":{"loc":{"start":{"line":121,"column":4},"end":{"line":124,"column":5}},"type":"if","locations":[{"start":{"line":121,"column":4},"end":{"line":124,"column":5}},{"start":{},"end":{}}],"line":121},"15":{"loc":{"start":{"line":127,"column":4},"end":{"line":130,"column":5}},"type":"if","locations":[{"start":{"line":127,"column":4},"end":{"line":130,"column":5}},{"start":{},"end":{}}],"line":127},"16":{"loc":{"start":{"line":127,"column":8},"end":{"line":127,"column":42}},"type":"binary-expr","locations":[{"start":{"line":127,"column":8},"end":{"line":127,"column":24}},{"start":{"line":127,"column":28},"end":{"line":127,"column":42}}],"line":127},"17":{"loc":{"start":{"line":134,"column":4},"end":{"line":137,"column":5}},"type":"if","locations":[{"start":{"line":134,"column":4},"end":{"line":137,"column":5}},{"start":{},"end":{}}],"line":134},"18":{"loc":{"start":{"line":144,"column":6},"end":{"line":144,"column":64}},"type":"if","locations":[{"start":{"line":144,"column":6},"end":{"line":144,"column":64}},{"start":{},"end":{}}],"line":144},"19":{"loc":{"start":{"line":146,"column":25},"end":{"line":146,"column":45}},"type":"binary-expr","locations":[{"start":{"line":146,"column":25},"end":{"line":146,"column":40}},{"start":{"line":146,"column":44},"end":{"line":146,"column":45}}],"line":146},"20":{"loc":{"start":{"line":149,"column":24},"end":{"line":149,"column":54}},"type":"cond-expr","locations":[{"start":{"line":149,"column":34},"end":{"line":149,"column":41}},{"start":{"line":149,"column":44},"end":{"line":149,"column":54}}],"line":149},"21":{"loc":{"start":{"line":151,"column":20},"end":{"line":151,"column":46}},"type":"binary-expr","locations":[{"start":{"line":151,"column":20},"end":{"line":151,"column":38}},{"start":{"line":151,"column":42},"end":{"line":151,"column":46}}],"line":151},"22":{"loc":{"start":{"line":159,"column":15},"end":{"line":159,"column":35}},"type":"binary-expr","locations":[{"start":{"line":159,"column":15},"end":{"line":159,"column":27}},{"start":{"line":159,"column":31},"end":{"line":159,"column":35}}],"line":159},"23":{"loc":{"start":{"line":160,"column":23},"end":{"line":160,"column":51}},"type":"binary-expr","locations":[{"start":{"line":160,"column":23},"end":{"line":160,"column":43}},{"start":{"line":160,"column":47},"end":{"line":160,"column":51}}],"line":160},"24":{"loc":{"start":{"line":163,"column":6},"end":{"line":167,"column":7}},"type":"if","locations":[{"start":{"line":163,"column":6},"end":{"line":167,"column":7}},{"start":{"line":165,"column":13},"end":{"line":167,"column":7}}],"line":163},"25":{"loc":{"start":{"line":163,"column":10},"end":{"line":163,"column":33}},"type":"binary-expr","locations":[{"start":{"line":163,"column":10},"end":{"line":163,"column":17}},{"start":{"line":163,"column":21},"end":{"line":163,"column":33}}],"line":163},"26":{"loc":{"start":{"line":165,"column":13},"end":{"line":167,"column":7}},"type":"if","locations":[{"start":{"line":165,"column":13},"end":{"line":167,"column":7}},{"start":{},"end":{}}],"line":165},"27":{"loc":{"start":{"line":165,"column":17},"end":{"line":165,"column":41}},"type":"binary-expr","locations":[{"start":{"line":165,"column":17},"end":{"line":165,"column":25}},{"start":{"line":165,"column":29},"end":{"line":165,"column":41}}],"line":165},"28":{"loc":{"start":{"line":170,"column":6},"end":{"line":179,"column":7}},"type":"if","locations":[{"start":{"line":170,"column":6},"end":{"line":179,"column":7}},{"start":{"line":176,"column":13},"end":{"line":179,"column":7}}],"line":170},"29":{"loc":{"start":{"line":181,"column":6},"end":{"line":181,"column":29}},"type":"if","locations":[{"start":{"line":181,"column":6},"end":{"line":181,"column":29}},{"start":{},"end":{}}],"line":181},"30":{"loc":{"start":{"line":183,"column":24},"end":{"line":183,"column":124}},"type":"cond-expr","locations":[{"start":{"line":183,"column":36},"end":{"line":183,"column":80}},{"start":{"line":183,"column":83},"end":{"line":183,"column":124}}],"line":183},"31":{"loc":{"start":{"line":183,"column":39},"end":{"line":183,"column":68}},"type":"cond-expr","locations":[{"start":{"line":183,"column":49},"end":{"line":183,"column":56}},{"start":{"line":183,"column":59},"end":{"line":183,"column":68}}],"line":183},"32":{"loc":{"start":{"line":183,"column":86},"end":{"line":183,"column":115}},"type":"cond-expr","locations":[{"start":{"line":183,"column":96},"end":{"line":183,"column":103}},{"start":{"line":183,"column":106},"end":{"line":183,"column":115}}],"line":183},"33":{"loc":{"start":{"line":188,"column":28},"end":{"line":188,"column":70}},"type":"binary-expr","locations":[{"start":{"line":188,"column":28},"end":{"line":188,"column":39}},{"start":{"line":188,"column":43},"end":{"line":188,"column":70}}],"line":188},"34":{"loc":{"start":{"line":197,"column":6},"end":{"line":200,"column":7}},"type":"if","locations":[{"start":{"line":197,"column":6},"end":{"line":200,"column":7}},{"start":{},"end":{}}],"line":197},"35":{"loc":{"start":{"line":222,"column":6},"end":{"line":222,"column":29}},"type":"if","locations":[{"start":{"line":222,"column":6},"end":{"line":222,"column":29}},{"start":{},"end":{}}],"line":222},"36":{"loc":{"start":{"line":230,"column":6},"end":{"line":295,"column":7}},"type":"if","locations":[{"start":{"line":230,"column":6},"end":{"line":295,"column":7}},{"start":{},"end":{}}],"line":230},"37":{"loc":{"start":{"line":232,"column":10},"end":{"line":258,"column":11}},"type":"if","locations":[{"start":{"line":232,"column":10},"end":{"line":258,"column":11}},{"start":{},"end":{}}],"line":232},"38":{"loc":{"start":{"line":240,"column":12},"end":{"line":242,"column":13}},"type":"if","locations":[{"start":{"line":240,"column":12},"end":{"line":242,"column":13}},{"start":{},"end":{}}],"line":240},"39":{"loc":{"start":{"line":245,"column":12},"end":{"line":252,"column":13}},"type":"if","locations":[{"start":{"line":245,"column":12},"end":{"line":252,"column":13}},{"start":{"line":250,"column":19},"end":{"line":252,"column":13}}],"line":245},"40":{"loc":{"start":{"line":262,"column":28},"end":{"line":262,"column":47}},"type":"binary-expr","locations":[{"start":{"line":262,"column":28},"end":{"line":262,"column":41}},{"start":{"line":262,"column":45},"end":{"line":262,"column":47}}],"line":262},"41":{"loc":{"start":{"line":265,"column":12},"end":{"line":291,"column":13}},"type":"if","locations":[{"start":{"line":265,"column":12},"end":{"line":291,"column":13}},{"start":{},"end":{}}],"line":265},"42":{"loc":{"start":{"line":265,"column":16},"end":{"line":265,"column":57}},"type":"binary-expr","locations":[{"start":{"line":265,"column":16},"end":{"line":265,"column":31}},{"start":{"line":265,"column":35},"end":{"line":265,"column":57}}],"line":265},"43":{"loc":{"start":{"line":279,"column":38},"end":{"line":279,"column":108}},"type":"binary-expr","locations":[{"start":{"line":279,"column":38},"end":{"line":279,"column":55}},{"start":{"line":279,"column":59},"end":{"line":279,"column":70}},{"start":{"line":279,"column":74},"end":{"line":279,"column":92}},{"start":{"line":279,"column":96},"end":{"line":279,"column":108}}],"line":279},"44":{"loc":{"start":{"line":281,"column":14},"end":{"line":290,"column":15}},"type":"if","locations":[{"start":{"line":281,"column":14},"end":{"line":290,"column":15}},{"start":{"line":283,"column":21},"end":{"line":290,"column":15}}],"line":281},"45":{"loc":{"start":{"line":298,"column":24},"end":{"line":298,"column":104}},"type":"cond-expr","locations":[{"start":{"line":298,"column":42},"end":{"line":298,"column":77}},{"start":{"line":298,"column":80},"end":{"line":298,"column":104}}],"line":298},"46":{"loc":{"start":{"line":314,"column":30},"end":{"line":314,"column":60}},"type":"cond-expr","locations":[{"start":{"line":314,"column":40},"end":{"line":314,"column":47}},{"start":{"line":314,"column":50},"end":{"line":314,"column":60}}],"line":314},"47":{"loc":{"start":{"line":316,"column":12},"end":{"line":320,"column":13}},"type":"if","locations":[{"start":{"line":316,"column":12},"end":{"line":320,"column":13}},{"start":{},"end":{}}],"line":316},"48":{"loc":{"start":{"line":322,"column":33},"end":{"line":322,"column":62}},"type":"cond-expr","locations":[{"start":{"line":322,"column":43},"end":{"line":322,"column":50}},{"start":{"line":322,"column":53},"end":{"line":322,"column":62}}],"line":322},"49":{"loc":{"start":{"line":337,"column":13},"end":{"line":337,"column":29}},"type":"binary-expr","locations":[{"start":{"line":337,"column":13},"end":{"line":337,"column":23}},{"start":{"line":337,"column":27},"end":{"line":337,"column":29}}],"line":337},"50":{"loc":{"start":{"line":338,"column":21},"end":{"line":338,"column":45}},"type":"binary-expr","locations":[{"start":{"line":338,"column":21},"end":{"line":338,"column":39}},{"start":{"line":338,"column":43},"end":{"line":338,"column":45}}],"line":338},"51":{"loc":{"start":{"line":340,"column":20},"end":{"line":340,"column":81}},"type":"cond-expr","locations":[{"start":{"line":340,"column":30},"end":{"line":340,"column":54}},{"start":{"line":340,"column":57},"end":{"line":340,"column":81}}],"line":340},"52":{"loc":{"start":{"line":340,"column":30},"end":{"line":340,"column":54}},"type":"binary-expr","locations":[{"start":{"line":340,"column":30},"end":{"line":340,"column":48}},{"start":{"line":340,"column":52},"end":{"line":340,"column":54}}],"line":340},"53":{"loc":{"start":{"line":340,"column":57},"end":{"line":340,"column":81}},"type":"binary-expr","locations":[{"start":{"line":340,"column":57},"end":{"line":340,"column":75}},{"start":{"line":340,"column":79},"end":{"line":340,"column":81}}],"line":340},"54":{"loc":{"start":{"line":355,"column":7},"end":{"line":359,"column":7}},"type":"binary-expr","locations":[{"start":{"line":355,"column":7},"end":{"line":355,"column":25}},{"start":{"line":356,"column":8},"end":{"line":358,"column":15}}],"line":355},"55":{"loc":{"start":{"line":363,"column":24},"end":{"line":365,"column":48}},"type":"cond-expr","locations":[{"start":{"line":364,"column":6},"end":{"line":364,"column":50}},{"start":{"line":365,"column":6},"end":{"line":365,"column":48}}],"line":363},"56":{"loc":{"start":{"line":371,"column":11},"end":{"line":371,"column":47}},"type":"cond-expr","locations":[{"start":{"line":371,"column":21},"end":{"line":371,"column":31}},{"start":{"line":371,"column":34},"end":{"line":371,"column":47}}],"line":371},"57":{"loc":{"start":{"line":376,"column":12},"end":{"line":379,"column":13}},"type":"if","locations":[{"start":{"line":376,"column":12},"end":{"line":379,"column":13}},{"start":{},"end":{}}],"line":376},"58":{"loc":{"start":{"line":386,"column":7},"end":{"line":509,"column":7}},"type":"binary-expr","locations":[{"start":{"line":386,"column":7},"end":{"line":386,"column":15}},{"start":{"line":387,"column":8},"end":{"line":508,"column":15}}],"line":386},"59":{"loc":{"start":{"line":416,"column":11},"end":{"line":420,"column":11}},"type":"binary-expr","locations":[{"start":{"line":416,"column":11},"end":{"line":416,"column":18}},{"start":{"line":417,"column":12},"end":{"line":419,"column":19}}],"line":416},"60":{"loc":{"start":{"line":424,"column":25},"end":{"line":424,"column":94}},"type":"cond-expr","locations":[{"start":{"line":424,"column":35},"end":{"line":424,"column":63}},{"start":{"line":424,"column":66},"end":{"line":424,"column":94}}],"line":424},"61":{"loc":{"start":{"line":436,"column":44},"end":{"line":436,"column":84}},"type":"binary-expr","locations":[{"start":{"line":436,"column":44},"end":{"line":436,"column":58}},{"start":{"line":436,"column":62},"end":{"line":436,"column":84}}],"line":436},"62":{"loc":{"start":{"line":439,"column":54},"end":{"line":439,"column":98}},"type":"binary-expr","locations":[{"start":{"line":439,"column":54},"end":{"line":439,"column":68}},{"start":{"line":439,"column":72},"end":{"line":439,"column":98}}],"line":439},"63":{"loc":{"start":{"line":457,"column":11},"end":{"line":462,"column":11}},"type":"binary-expr","locations":[{"start":{"line":457,"column":11},"end":{"line":457,"column":24}},{"start":{"line":458,"column":12},"end":{"line":461,"column":19}}],"line":457},"64":{"loc":{"start":{"line":465,"column":13},"end":{"line":469,"column":13}},"type":"binary-expr","locations":[{"start":{"line":465,"column":13},"end":{"line":465,"column":32}},{"start":{"line":466,"column":14},"end":{"line":468,"column":21}}],"line":465},"65":{"loc":{"start":{"line":470,"column":13},"end":{"line":480,"column":13}},"type":"cond-expr","locations":[{"start":{"line":471,"column":14},"end":{"line":475,"column":33}},{"start":{"line":477,"column":14},"end":{"line":479,"column":33}}],"line":470},"66":{"loc":{"start":{"line":473,"column":23},"end":{"line":473,"column":106}},"type":"cond-expr","locations":[{"start":{"line":473,"column":44},"end":{"line":473,"column":69}},{"start":{"line":473,"column":72},"end":{"line":473,"column":106}}],"line":473},"67":{"loc":{"start":{"line":483,"column":11},"end":{"line":488,"column":11}},"type":"binary-expr","locations":[{"start":{"line":483,"column":11},"end":{"line":483,"column":23}},{"start":{"line":484,"column":12},"end":{"line":487,"column":19}}],"line":483},"68":{"loc":{"start":{"line":492,"column":38},"end":{"line":492,"column":67}},"type":"binary-expr","locations":[{"start":{"line":492,"column":38},"end":{"line":492,"column":47}},{"start":{"line":492,"column":51},"end":{"line":492,"column":67}}],"line":492},"69":{"loc":{"start":{"line":496,"column":15},"end":{"line":502,"column":15}},"type":"cond-expr","locations":[{"start":{"line":497,"column":16},"end":{"line":497,"column":50}},{"start":{"line":499,"column":16},"end":{"line":501,"column":23}}],"line":496},"70":{"loc":{"start":{"line":500,"column":19},"end":{"line":500,"column":57}},"type":"cond-expr","locations":[{"start":{"line":500,"column":31},"end":{"line":500,"column":44}},{"start":{"line":500,"column":47},"end":{"line":500,"column":57}}],"line":500}},"s":{"0":0,"1":0,"2":0,"3":0,"4":0,"5":0,"6":0,"7":0,"8":0,"9":0,"10":0,"11":0,"12":0,"13":0,"14":0,"15":0,"16":0,"17":0,"18":0,"19":0,"20":0,"21":0,"22":0,"23":0,"24":0,"25":0,"26":0,"27":0,"28":0,"29":0,"30":0,"31":0,"32":0,"33":0,"34":0,"35":0,"36":0,"37":0,"38":0,"39":0,"40":0,"41":0,"42":0,"43":0,"44":0,"45":0,"46":0,"47":0,"48":0,"49":0,"50":0,"51":0,"52":0,"53":0,"54":0,"55":0,"56":0,"57":0,"58":0,"59":0,"60":0,"61":0,"62":0,"63":0,"64":0,"65":0,"66":0,"67":0,"68":0,"69":0,"70":0,"71":0,"72":0,"73":0,"74":0,"75":0,"76":0,"77":0,"78":0,"79":0,"80":0,"81":0,"82":0,"83":0,"84":0,"85":0,"86":0,"87":0,"88":0,"89":0,"90":0,"91":0,"92":0,"93":0,"94":0,"95":0,"96":0,"97":0,"98":0,"99":0,"100":0,"101":0,"102":0,"103":0,"104":0,"105":0,"106":0,"107":0,"108":0,"109":0,"110":0,"111":0,"112":0,"113":0,"114":0,"115":0,"116":0,"117":0,"118":0,"119":0,"120":0,"121":0,"122":0,"123":0,"124":0,"125":0,"126":0,"127":0,"128":0,"129":0,"130":0,"131":0,"132":0,"133":0,"134":0,"135":0,"136":0,"137":0,"138":0,"139":0,"140":0,"141":0,"142":0,"143":0,"144":0,"145":0,"146":0,"147":0,"148":0,"149":0,"150":0,"151":0,"152":0,"153":0,"154":0,"155":0,"156":0,"157":0,"158":0,"159":0,"160":0,"161":0,"162":0,"163":0,"164":0,"165":0,"166":0,"167":0,"168":0,"169":0,"170":0,"171":0,"172":0,"173":0,"174":0,"175":0,"176":0,"177":0,"178":0,"179":0,"180":0,"181":0,"182":0,"183":0,"184":0,"185":0,"186":0,"187":0,"188":0,"189":0,"190":0,"191":0,"192":0,"193":0,"194":0,"195":0,"196":0,"197":0,"198":0},"f":{"0":0,"1":0,"2":0,"3":0,"4":0,"5":0,"6":0,"7":0,"8":0,"9":0,"10":0,"11":0,"12":0,"13":0,"14":0,"15":0,"16":0,"17":0,"18":0,"19":0,"20":0,"21":0,"22":0},"b":{"0":[0,0],"1":[0,0],"2":[0,0],"3":[0],"4":[0,0],"5":[0,0],"6":[0,0],"7":[0,0],"8":[0,0],"9":[0,0],"10":[0,0],"11":[0,0],"12":[0,0],"13":[0,0],"14":[0,0],"15":[0,0],"16":[0,0],"17":[0,0],"18":[0,0],"19":[0,0],"20":[0,0],"21":[0,0],"22":[0,0],"23":[0,0],"24":[0,0],"25":[0,0],"26":[0,0],"27":[0,0],"28":[0,0],"29":[0,0],"30":[0,0],"31":[0,0],"32":[0,0],"33":[0,0],"34":[0,0],"35":[0,0],"36":[0,0],"37":[0,0],"38":[0,0],"39":[0,0],"40":[0,0],"41":[0,0],"42":[0,0],"43":[0,0,0,0],"44":[0,0],"45":[0,0],"46":[0,0],"47":[0,0],"48":[0,0],"49":[0,0],"50":[0,0],"51":[0,0],"52":[0,0],"53":[0,0],"54":[0,0],"55":[0,0],"56":[0,0],"57":[0,0],"58":[0,0],"59":[0,0],"60":[0,0],"61":[0,0],"62":[0,0],"63":[0,0],"64":[0,0],"65":[0,0],"66":[0,0],"67":[0,0],"68":[0,0],"69":[0,0],"70":[0,0]}}
,"C:\\Users\\Chris\\Desktop\\MVP_Artisan\\artisanflow\\PhotoUploader.js": {"path":"C:\\Users\\Chris\\Desktop\\MVP_Artisan\\artisanflow\\PhotoUploader.js","statementMap":{"0":{"start":{"line":13,"column":18},"end":{"line":13,"column":42}},"1":{"start":{"line":14,"column":19},"end":{"line":14,"column":35}},"2":{"start":{"line":17,"column":16},"end":{"line":17,"column":30}},"3":{"start":{"line":18,"column":17},"end":{"line":18,"column":36}},"4":{"start":{"line":19,"column":30},"end":{"line":19,"column":42}},"5":{"start":{"line":20,"column":36},"end":{"line":20,"column":51}},"6":{"start":{"line":21,"column":46},"end":{"line":21,"column":57}},"7":{"start":{"line":24,"column":48},"end":{"line":24,"column":63}},"8":{"start":{"line":25,"column":40},"end":{"line":25,"column":51}},"9":{"start":{"line":27,"column":21},"end":{"line":45,"column":3}},"10":{"start":{"line":28,"column":4},"end":{"line":44,"column":5}},"11":{"start":{"line":29,"column":30},"end":{"line":33,"column":50}},"12":{"start":{"line":35,"column":6},"end":{"line":39,"column":7}},"13":{"start":{"line":36,"column":8},"end":{"line":36,"column":58}},"14":{"start":{"line":37,"column":8},"end":{"line":37,"column":66}},"15":{"start":{"line":38,"column":8},"end":{"line":38,"column":15}},"16":{"start":{"line":40,"column":6},"end":{"line":40,"column":28}},"17":{"start":{"line":42,"column":6},"end":{"line":42,"column":57}},"18":{"start":{"line":43,"column":6},"end":{"line":43,"column":68}},"19":{"start":{"line":47,"column":2},"end":{"line":49,"column":18}},"20":{"start":{"line":48,"column":4},"end":{"line":48,"column":32}},"21":{"start":{"line":48,"column":19},"end":{"line":48,"column":32}},"22":{"start":{"line":51,"column":24},"end":{"line":174,"column":3}},"23":{"start":{"line":52,"column":46},"end":{"line":52,"column":68}},"24":{"start":{"line":53,"column":4},"end":{"line":56,"column":5}},"25":{"start":{"line":54,"column":6},"end":{"line":54,"column":90}},"26":{"start":{"line":55,"column":6},"end":{"line":55,"column":13}},"27":{"start":{"line":58,"column":4},"end":{"line":173,"column":5}},"28":{"start":{"line":59,"column":25},"end":{"line":59,"column":74}},"29":{"start":{"line":60,"column":6},"end":{"line":63,"column":7}},"30":{"start":{"line":61,"column":8},"end":{"line":61,"column":75}},"31":{"start":{"line":62,"column":8},"end":{"line":62,"column":15}},"32":{"start":{"line":65,"column":21},"end":{"line":68,"column":8}},"33":{"start":{"line":70,"column":6},"end":{"line":70,"column":34}},"34":{"start":{"line":70,"column":27},"end":{"line":70,"column":34}},"35":{"start":{"line":72,"column":6},"end":{"line":72,"column":25}},"36":{"start":{"line":73,"column":6},"end":{"line":73,"column":27}},"37":{"start":{"line":74,"column":26},"end":{"line":74,"column":46}},"38":{"start":{"line":77,"column":22},"end":{"line":77,"column":46}},"39":{"start":{"line":80,"column":6},"end":{"line":80,"column":28}},"40":{"start":{"line":83,"column":21},"end":{"line":83,"column":25}},"41":{"start":{"line":84,"column":22},"end":{"line":84,"column":26}},"42":{"start":{"line":89,"column":29},"end":{"line":95,"column":10}},"43":{"start":{"line":90,"column":21},"end":{"line":90,"column":24}},"44":{"start":{"line":94,"column":10},"end":{"line":94,"column":22}},"45":{"start":{"line":97,"column":6},"end":{"line":115,"column":7}},"46":{"start":{"line":98,"column":8},"end":{"line":114,"column":9}},"47":{"start":{"line":99,"column":27},"end":{"line":99,"column":67}},"48":{"start":{"line":101,"column":10},"end":{"line":111,"column":11}},"49":{"start":{"line":102,"column":47},"end":{"line":102,"column":97}},"50":{"start":{"line":103,"column":12},"end":{"line":110,"column":13}},"51":{"start":{"line":104,"column":31},"end":{"line":107,"column":16}},"52":{"start":{"line":108,"column":14},"end":{"line":108,"column":50}},"53":{"start":{"line":109,"column":14},"end":{"line":109,"column":52}},"54":{"start":{"line":118,"column":6},"end":{"line":118,"column":28}},"55":{"start":{"line":119,"column":25},"end":{"line":119,"column":57}},"56":{"start":{"line":120,"column":6},"end":{"line":120,"column":28}},"57":{"start":{"line":122,"column":19},"end":{"line":122,"column":46}},"58":{"start":{"line":123,"column":26},"end":{"line":123,"column":50}},"59":{"start":{"line":124,"column":20},"end":{"line":124,"column":47}},"60":{"start":{"line":125,"column":6},"end":{"line":125,"column":28}},"61":{"start":{"line":127,"column":23},"end":{"line":127,"column":64}},"62":{"start":{"line":130,"column":6},"end":{"line":130,"column":28}},"63":{"start":{"line":131,"column":53},"end":{"line":133,"column":78}},"64":{"start":{"line":134,"column":6},"end":{"line":134,"column":28}},"65":{"start":{"line":136,"column":6},"end":{"line":136,"column":37}},"66":{"start":{"line":136,"column":21},"end":{"line":136,"column":37}},"67":{"start":{"line":138,"column":32},"end":{"line":138,"column":94}},"68":{"start":{"line":139,"column":24},"end":{"line":139,"column":41}},"69":{"start":{"line":142,"column":33},"end":{"line":142,"column":62}},"70":{"start":{"line":145,"column":24},"end":{"line":151,"column":7}},"71":{"start":{"line":154,"column":6},"end":{"line":157,"column":7}},"72":{"start":{"line":155,"column":8},"end":{"line":155,"column":38}},"73":{"start":{"line":156,"column":8},"end":{"line":156,"column":40}},"74":{"start":{"line":159,"column":35},"end":{"line":159,"column":92}},"75":{"start":{"line":161,"column":6},"end":{"line":161,"column":37}},"76":{"start":{"line":161,"column":21},"end":{"line":161,"column":37}},"77":{"start":{"line":163,"column":6},"end":{"line":163,"column":28}},"78":{"start":{"line":164,"column":6},"end":{"line":164,"column":25}},"79":{"start":{"line":165,"column":6},"end":{"line":165,"column":29}},"80":{"start":{"line":166,"column":6},"end":{"line":166,"column":35}},"81":{"start":{"line":168,"column":6},"end":{"line":168,"column":43}},"82":{"start":{"line":169,"column":6},"end":{"line":169,"column":50}},"83":{"start":{"line":171,"column":6},"end":{"line":171,"column":26}},"84":{"start":{"line":172,"column":6},"end":{"line":172,"column":27}},"85":{"start":{"line":176,"column":22},"end":{"line":197,"column":3}},"86":{"start":{"line":177,"column":4},"end":{"line":196,"column":5}},"87":{"start":{"line":178,"column":19},"end":{"line":178,"column":53}},"88":{"start":{"line":179,"column":36},"end":{"line":179,"column":96}},"89":{"start":{"line":180,"column":6},"end":{"line":182,"column":7}},"90":{"start":{"line":181,"column":8},"end":{"line":181,"column":65}},"91":{"start":{"line":184,"column":24},"end":{"line":184,"column":83}},"92":{"start":{"line":185,"column":6},"end":{"line":189,"column":7}},"93":{"start":{"line":186,"column":8},"end":{"line":186,"column":55}},"94":{"start":{"line":187,"column":8},"end":{"line":187,"column":54}},"95":{"start":{"line":188,"column":8},"end":{"line":188,"column":15}},"96":{"start":{"line":191,"column":6},"end":{"line":191,"column":25}},"97":{"start":{"line":192,"column":6},"end":{"line":192,"column":37}},"98":{"start":{"line":194,"column":6},"end":{"line":194,"column":57}},"99":{"start":{"line":195,"column":6},"end":{"line":195,"column":49}},"100":{"start":{"line":200,"column":42},"end":{"line":254,"column":3}},"101":{"start":{"line":201,"column":4},"end":{"line":201,"column":65}},"102":{"start":{"line":201,"column":58},"end":{"line":201,"column":65}},"103":{"start":{"line":204,"column":24},"end":{"line":204,"column":89}},"104":{"start":{"line":205,"column":25},"end":{"line":205,"column":44}},"105":{"start":{"line":206,"column":4},"end":{"line":206,"column":30}},"106":{"start":{"line":206,"column":23},"end":{"line":206,"column":30}},"107":{"start":{"line":208,"column":4},"end":{"line":253,"column":6}},"108":{"start":{"line":217,"column":34},"end":{"line":217,"column":46}},"109":{"start":{"line":218,"column":34},"end":{"line":218,"column":45}},"110":{"start":{"line":221,"column":12},"end":{"line":221,"column":67}},"111":{"start":{"line":224,"column":44},"end":{"line":228,"column":56}},"112":{"start":{"line":230,"column":12},"end":{"line":249,"column":13}},"113":{"start":{"line":231,"column":14},"end":{"line":231,"column":39}},"114":{"start":{"line":234,"column":14},"end":{"line":248,"column":15}},"115":{"start":{"line":236,"column":16},"end":{"line":236,"column":42}},"116":{"start":{"line":239,"column":31},"end":{"line":239,"column":44}},"117":{"start":{"line":240,"column":16},"end":{"line":242,"column":17}},"118":{"start":{"line":241,"column":18},"end":{"line":241,"column":54}},"119":{"start":{"line":244,"column":16},"end":{"line":246,"column":17}},"120":{"start":{"line":245,"column":18},"end":{"line":245,"column":31}},"121":{"start":{"line":247,"column":16},"end":{"line":247,"column":41}},"122":{"start":{"line":257,"column":23},"end":{"line":261,"column":14}},"123":{"start":{"line":258,"column":4},"end":{"line":260,"column":8}},"124":{"start":{"line":258,"column":34},"end":{"line":260,"column":5}},"125":{"start":{"line":264,"column":21},"end":{"line":267,"column":3}},"126":{"start":{"line":265,"column":4},"end":{"line":265,"column":26}},"127":{"start":{"line":266,"column":4},"end":{"line":266,"column":29}},"128":{"start":{"line":269,"column":17},"end":{"line":269,"column":33}},"129":{"start":{"line":271,"column":2},"end":{"line":404,"column":4}},"130":{"start":{"line":306,"column":32},"end":{"line":306,"column":47}},"131":{"start":{"line":309,"column":34},"end":{"line":322,"column":11}},"132":{"start":{"line":310,"column":12},"end":{"line":310,"column":41}},"133":{"start":{"line":310,"column":29},"end":{"line":310,"column":41}},"134":{"start":{"line":311,"column":12},"end":{"line":321,"column":13}},"135":{"start":{"line":312,"column":27},"end":{"line":312,"column":47}},"136":{"start":{"line":313,"column":26},"end":{"line":313,"column":68}},"137":{"start":{"line":314,"column":28},"end":{"line":314,"column":77}},"138":{"start":{"line":315,"column":27},"end":{"line":315,"column":45}},"139":{"start":{"line":316,"column":28},"end":{"line":316,"column":71}},"140":{"start":{"line":317,"column":30},"end":{"line":317,"column":75}},"141":{"start":{"line":318,"column":14},"end":{"line":318,"column":69}},"142":{"start":{"line":320,"column":14},"end":{"line":320,"column":26}},"143":{"start":{"line":324,"column":28},"end":{"line":324,"column":77}},"144":{"start":{"line":325,"column":30},"end":{"line":326,"column":87}},"145":{"start":{"line":328,"column":10},"end":{"line":350,"column":12}},"146":{"start":{"line":332,"column":31},"end":{"line":332,"column":48}},"147":{"start":{"line":333,"column":35},"end":{"line":333,"column":65}},"148":{"start":{"line":361,"column":30},"end":{"line":361,"column":55}},"149":{"start":{"line":368,"column":10},"end":{"line":368,"column":53}},"150":{"start":{"line":368,"column":41},"end":{"line":368,"column":53}},"151":{"start":{"line":369,"column":10},"end":{"line":384,"column":12}},"152":{"start":{"line":377,"column":33},"end":{"line":377,"column":58}},"153":{"start":{"line":387,"column":10},"end":{"line":387,"column":53}},"154":{"start":{"line":387,"column":41},"end":{"line":387,"column":53}},"155":{"start":{"line":389,"column":10},"end":{"line":400,"column":12}},"156":{"start":{"line":393,"column":31},"end":{"line":393,"column":74}},"157":{"start":{"line":407,"column":18},"end":{"line":564,"column":2}},"158":{"start":{"line":407,"column":29},"end":{"line":564,"column":2}}},"fnMap":{"0":{"name":"PhotoUploader","decl":{"start":{"line":16,"column":24},"end":{"line":16,"column":37}},"loc":{"start":{"line":16,"column":53},"end":{"line":405,"column":1}},"line":16},"1":{"name":"(anonymous_1)","decl":{"start":{"line":27,"column":21},"end":{"line":27,"column":22}},"loc":{"start":{"line":27,"column":33},"end":{"line":45,"column":3}},"line":27},"2":{"name":"(anonymous_2)","decl":{"start":{"line":47,"column":12},"end":{"line":47,"column":13}},"loc":{"start":{"line":47,"column":18},"end":{"line":49,"column":3}},"line":47},"3":{"name":"(anonymous_3)","decl":{"start":{"line":51,"column":24},"end":{"line":51,"column":25}},"loc":{"start":{"line":51,"column":36},"end":{"line":174,"column":3}},"line":51},"4":{"name":"(anonymous_4)","decl":{"start":{"line":90,"column":14},"end":{"line":90,"column":15}},"loc":{"start":{"line":90,"column":21},"end":{"line":90,"column":24}},"line":90},"5":{"name":"(anonymous_5)","decl":{"start":{"line":91,"column":15},"end":{"line":91,"column":16}},"loc":{"start":{"line":91,"column":22},"end":{"line":95,"column":9}},"line":91},"6":{"name":"(anonymous_6)","decl":{"start":{"line":176,"column":22},"end":{"line":176,"column":23}},"loc":{"start":{"line":176,"column":41},"end":{"line":197,"column":3}},"line":176},"7":{"name":"(anonymous_7)","decl":{"start":{"line":200,"column":42},"end":{"line":200,"column":43}},"loc":{"start":{"line":200,"column":65},"end":{"line":254,"column":3}},"line":200},"8":{"name":"(anonymous_8)","decl":{"start":{"line":216,"column":19},"end":{"line":216,"column":20}},"loc":{"start":{"line":216,"column":31},"end":{"line":250,"column":11}},"line":216},"9":{"name":"(anonymous_9)","decl":{"start":{"line":257,"column":31},"end":{"line":257,"column":32}},"loc":{"start":{"line":257,"column":37},"end":{"line":261,"column":3}},"line":257},"10":{"name":"(anonymous_10)","decl":{"start":{"line":258,"column":22},"end":{"line":258,"column":23}},"loc":{"start":{"line":258,"column":34},"end":{"line":260,"column":5}},"line":258},"11":{"name":"(anonymous_11)","decl":{"start":{"line":264,"column":21},"end":{"line":264,"column":22}},"loc":{"start":{"line":264,"column":32},"end":{"line":267,"column":3}},"line":264},"12":{"name":"(anonymous_12)","decl":{"start":{"line":306,"column":22},"end":{"line":306,"column":23}},"loc":{"start":{"line":306,"column":32},"end":{"line":306,"column":47}},"line":306},"13":{"name":"(anonymous_13)","decl":{"start":{"line":307,"column":20},"end":{"line":307,"column":21}},"loc":{"start":{"line":307,"column":41},"end":{"line":351,"column":9}},"line":307},"14":{"name":"(anonymous_14)","decl":{"start":{"line":309,"column":34},"end":{"line":309,"column":35}},"loc":{"start":{"line":309,"column":50},"end":{"line":322,"column":11}},"line":309},"15":{"name":"(anonymous_15)","decl":{"start":{"line":332,"column":25},"end":{"line":332,"column":26}},"loc":{"start":{"line":332,"column":31},"end":{"line":332,"column":48}},"line":332},"16":{"name":"(anonymous_16)","decl":{"start":{"line":333,"column":29},"end":{"line":333,"column":30}},"loc":{"start":{"line":333,"column":35},"end":{"line":333,"column":65}},"line":333},"17":{"name":"(anonymous_17)","decl":{"start":{"line":361,"column":24},"end":{"line":361,"column":25}},"loc":{"start":{"line":361,"column":30},"end":{"line":361,"column":55}},"line":361},"18":{"name":"(anonymous_18)","decl":{"start":{"line":367,"column":25},"end":{"line":367,"column":26}},"loc":{"start":{"line":367,"column":45},"end":{"line":385,"column":9}},"line":367},"19":{"name":"(anonymous_19)","decl":{"start":{"line":377,"column":27},"end":{"line":377,"column":28}},"loc":{"start":{"line":377,"column":33},"end":{"line":377,"column":58}},"line":377},"20":{"name":"(anonymous_20)","decl":{"start":{"line":386,"column":25},"end":{"line":386,"column":26}},"loc":{"start":{"line":386,"column":45},"end":{"line":401,"column":9}},"line":386},"21":{"name":"(anonymous_21)","decl":{"start":{"line":393,"column":25},"end":{"line":393,"column":26}},"loc":{"start":{"line":393,"column":31},"end":{"line":393,"column":74}},"line":393},"22":{"name":"(anonymous_22)","decl":{"start":{"line":407,"column":18},"end":{"line":407,"column":19}},"loc":{"start":{"line":407,"column":29},"end":{"line":564,"column":2}},"line":407}},"branchMap":{"0":{"loc":{"start":{"line":35,"column":6},"end":{"line":39,"column":7}},"type":"if","locations":[{"start":{"line":35,"column":6},"end":{"line":39,"column":7}},{"start":{},"end":{}}],"line":35},"1":{"loc":{"start":{"line":40,"column":16},"end":{"line":40,"column":26}},"type":"binary-expr","locations":[{"start":{"line":40,"column":16},"end":{"line":40,"column":20}},{"start":{"line":40,"column":24},"end":{"line":40,"column":26}}],"line":40},"2":{"loc":{"start":{"line":48,"column":4},"end":{"line":48,"column":32}},"type":"if","locations":[{"start":{"line":48,"column":4},"end":{"line":48,"column":32}},{"start":{},"end":{}}],"line":48},"3":{"loc":{"start":{"line":53,"column":4},"end":{"line":56,"column":5}},"type":"if","locations":[{"start":{"line":53,"column":4},"end":{"line":56,"column":5}},{"start":{},"end":{}}],"line":53},"4":{"loc":{"start":{"line":53,"column":8},"end":{"line":53,"column":49}},"type":"binary-expr","locations":[{"start":{"line":53,"column":8},"end":{"line":53,"column":27}},{"start":{"line":53,"column":31},"end":{"line":53,"column":49}}],"line":53},"5":{"loc":{"start":{"line":60,"column":6},"end":{"line":63,"column":7}},"type":"if","locations":[{"start":{"line":60,"column":6},"end":{"line":63,"column":7}},{"start":{},"end":{}}],"line":60},"6":{"loc":{"start":{"line":70,"column":6},"end":{"line":70,"column":34}},"type":"if","locations":[{"start":{"line":70,"column":6},"end":{"line":70,"column":34}},{"start":{},"end":{}}],"line":70},"7":{"loc":{"start":{"line":97,"column":6},"end":{"line":115,"column":7}},"type":"if","locations":[{"start":{"line":97,"column":6},"end":{"line":115,"column":7}},{"start":{},"end":{}}],"line":97},"8":{"loc":{"start":{"line":99,"column":27},"end":{"line":99,"column":67}},"type":"binary-expr","locations":[{"start":{"line":99,"column":27},"end":{"line":99,"column":49}},{"start":{"line":99,"column":53},"end":{"line":99,"column":67}}],"line":99},"9":{"loc":{"start":{"line":101,"column":10},"end":{"line":111,"column":11}},"type":"if","locations":[{"start":{"line":101,"column":10},"end":{"line":111,"column":11}},{"start":{},"end":{}}],"line":101},"10":{"loc":{"start":{"line":101,"column":14},"end":{"line":101,"column":90}},"type":"binary-expr","locations":[{"start":{"line":101,"column":14},"end":{"line":101,"column":22}},{"start":{"line":101,"column":26},"end":{"line":101,"column":90}}],"line":101},"11":{"loc":{"start":{"line":103,"column":12},"end":{"line":110,"column":13}},"type":"if","locations":[{"start":{"line":103,"column":12},"end":{"line":110,"column":13}},{"start":{},"end":{}}],"line":103},"12":{"loc":{"start":{"line":136,"column":6},"end":{"line":136,"column":37}},"type":"if","locations":[{"start":{"line":136,"column":6},"end":{"line":136,"column":37}},{"start":{},"end":{}}],"line":136},"13":{"loc":{"start":{"line":154,"column":6},"end":{"line":157,"column":7}},"type":"if","locations":[{"start":{"line":154,"column":6},"end":{"line":157,"column":7}},{"start":{},"end":{}}],"line":154},"14":{"loc":{"start":{"line":154,"column":10},"end":{"line":154,"column":49}},"type":"binary-expr","locations":[{"start":{"line":154,"column":10},"end":{"line":154,"column":27}},{"start":{"line":154,"column":31},"end":{"line":154,"column":49}}],"line":154},"15":{"loc":{"start":{"line":161,"column":6},"end":{"line":161,"column":37}},"type":"if","locations":[{"start":{"line":161,"column":6},"end":{"line":161,"column":37}},{"start":{},"end":{}}],"line":161},"16":{"loc":{"start":{"line":180,"column":6},"end":{"line":182,"column":7}},"type":"if","locations":[{"start":{"line":180,"column":6},"end":{"line":182,"column":7}},{"start":{},"end":{}}],"line":180},"17":{"loc":{"start":{"line":185,"column":6},"end":{"line":189,"column":7}},"type":"if","locations":[{"start":{"line":185,"column":6},"end":{"line":189,"column":7}},{"start":{},"end":{}}],"line":185},"18":{"loc":{"start":{"line":201,"column":4},"end":{"line":201,"column":65}},"type":"if","locations":[{"start":{"line":201,"column":4},"end":{"line":201,"column":65}},{"start":{},"end":{}}],"line":201},"19":{"loc":{"start":{"line":201,"column":8},"end":{"line":201,"column":56}},"type":"binary-expr","locations":[{"start":{"line":201,"column":8},"end":{"line":201,"column":33}},{"start":{"line":201,"column":37},"end":{"line":201,"column":56}}],"line":201},"20":{"loc":{"start":{"line":204,"column":24},"end":{"line":204,"column":89}},"type":"cond-expr","locations":[{"start":{"line":204,"column":58},"end":{"line":204,"column":75}},{"start":{"line":204,"column":78},"end":{"line":204,"column":89}}],"line":204},"21":{"loc":{"start":{"line":206,"column":4},"end":{"line":206,"column":30}},"type":"if","locations":[{"start":{"line":206,"column":4},"end":{"line":206,"column":30}},{"start":{},"end":{}}],"line":206},"22":{"loc":{"start":{"line":230,"column":12},"end":{"line":249,"column":13}},"type":"if","locations":[{"start":{"line":230,"column":12},"end":{"line":249,"column":13}},{"start":{},"end":{}}],"line":230},"23":{"loc":{"start":{"line":234,"column":14},"end":{"line":248,"column":15}},"type":"if","locations":[{"start":{"line":234,"column":14},"end":{"line":248,"column":15}},{"start":{"line":237,"column":21},"end":{"line":248,"column":15}}],"line":234},"24":{"loc":{"start":{"line":240,"column":16},"end":{"line":242,"column":17}},"type":"if","locations":[{"start":{"line":240,"column":16},"end":{"line":242,"column":17}},{"start":{},"end":{}}],"line":240},"25":{"loc":{"start":{"line":244,"column":16},"end":{"line":246,"column":17}},"type":"if","locations":[{"start":{"line":244,"column":16},"end":{"line":246,"column":17}},{"start":{},"end":{}}],"line":244},"26":{"loc":{"start":{"line":284,"column":9},"end":{"line":294,"column":9}},"type":"cond-expr","locations":[{"start":{"line":285,"column":10},"end":{"line":288,"column":17}},{"start":{"line":290,"column":10},"end":{"line":293,"column":13}}],"line":284},"27":{"loc":{"start":{"line":297,"column":7},"end":{"line":301,"column":7}},"type":"binary-expr","locations":[{"start":{"line":297,"column":7},"end":{"line":297,"column":16}},{"start":{"line":297,"column":20},"end":{"line":297,"column":38}},{"start":{"line":298,"column":8},"end":{"line":300,"column":15}}],"line":297},"28":{"loc":{"start":{"line":310,"column":12},"end":{"line":310,"column":41}},"type":"if","locations":[{"start":{"line":310,"column":12},"end":{"line":310,"column":41}},{"start":{},"end":{}}],"line":310},"29":{"loc":{"start":{"line":324,"column":44},"end":{"line":324,"column":76}},"type":"binary-expr","locations":[{"start":{"line":324,"column":44},"end":{"line":324,"column":57}},{"start":{"line":324,"column":61},"end":{"line":324,"column":76}}],"line":324},"30":{"loc":{"start":{"line":325,"column":30},"end":{"line":326,"column":87}},"type":"binary-expr","locations":[{"start":{"line":325,"column":30},"end":{"line":325,"column":52}},{"start":{"line":325,"column":56},"end":{"line":325,"column":79}},{"start":{"line":326,"column":28},"end":{"line":326,"column":55}},{"start":{"line":326,"column":59},"end":{"line":326,"column":87}}],"line":325},"31":{"loc":{"start":{"line":338,"column":15},"end":{"line":348,"column":15}},"type":"binary-expr","locations":[{"start":{"line":338,"column":15},"end":{"line":338,"column":24}},{"start":{"line":339,"column":16},"end":{"line":347,"column":23}}],"line":338},"32":{"loc":{"start":{"line":341,"column":19},"end":{"line":346,"column":19}},"type":"binary-expr","locations":[{"start":{"line":341,"column":19},"end":{"line":341,"column":30}},{"start":{"line":342,"column":20},"end":{"line":345,"column":27}}],"line":341},"33":{"loc":{"start":{"line":368,"column":10},"end":{"line":368,"column":53}},"type":"if","locations":[{"start":{"line":368,"column":10},"end":{"line":368,"column":53}},{"start":{},"end":{}}],"line":368},"34":{"loc":{"start":{"line":387,"column":10},"end":{"line":387,"column":53}},"type":"if","locations":[{"start":{"line":387,"column":10},"end":{"line":387,"column":53}},{"start":{},"end":{}}],"line":387}},"s":{"0":0,"1":0,"2":0,"3":0,"4":0,"5":0,"6":0,"7":0,"8":0,"9":0,"10":0,"11":0,"12":0,"13":0,"14":0,"15":0,"16":0,"17":0,"18":0,"19":0,"20":0,"21":0,"22":0,"23":0,"24":0,"25":0,"26":0,"27":0,"28":0,"29":0,"30":0,"31":0,"32":0,"33":0,"34":0,"35":0,"36":0,"37":0,"38":0,"39":0,"40":0,"41":0,"42":0,"43":0,"44":0,"45":0,"46":0,"47":0,"48":0,"49":0,"50":0,"51":0,"52":0,"53":0,"54":0,"55":0,"56":0,"57":0,"58":0,"59":0,"60":0,"61":0,"62":0,"63":0,"64":0,"65":0,"66":0,"67":0,"68":0,"69":0,"70":0,"71":0,"72":0,"73":0,"74":0,"75":0,"76":0,"77":0,"78":0,"79":0,"80":0,"81":0,"82":0,"83":0,"84":0,"85":0,"86":0,"87":0,"88":0,"89":0,"90":0,"91":0,"92":0,"93":0,"94":0,"95":0,"96":0,"97":0,"98":0,"99":0,"100":0,"101":0,"102":0,"103":0,"104":0,"105":0,"106":0,"107":0,"108":0,"109":0,"110":0,"111":0,"112":0,"113":0,"114":0,"115":0,"116":0,"117":0,"118":0,"119":0,"120":0,"121":0,"122":0,"123":0,"124":0,"125":0,"126":0,"127":0,"128":0,"129":0,"130":0,"131":0,"132":0,"133":0,"134":0,"135":0,"136":0,"137":0,"138":0,"139":0,"140":0,"141":0,"142":0,"143":0,"144":0,"145":0,"146":0,"147":0,"148":0,"149":0,"150":0,"151":0,"152":0,"153":0,"154":0,"155":0,"156":0,"157":0,"158":0},"f":{"0":0,"1":0,"2":0,"3":0,"4":0,"5":0,"6":0,"7":0,"8":0,"9":0,"10":0,"11":0,"12":0,"13":0,"14":0,"15":0,"16":0,"17":0,"18":0,"19":0,"20":0,"21":0,"22":0},"b":{"0":[0,0],"1":[0,0],"2":[0,0],"3":[0,0],"4":[0,0],"5":[0,0],"6":[0,0],"7":[0,0],"8":[0,0],"9":[0,0],"10":[0,0],"11":[0,0],"12":[0,0],"13":[0,0],"14":[0,0],"15":[0,0],"16":[0,0],"17":[0,0],"18":[0,0],"19":[0,0],"20":[0,0],"21":[0,0],"22":[0,0],"23":[0,0],"24":[0,0],"25":[0,0],"26":[0,0],"27":[0,0,0],"28":[0,0],"29":[0,0],"30":[0,0,0,0],"31":[0,0],"32":[0,0],"33":[0,0],"34":[0,0]}}
,"C:\\Users\\Chris\\Desktop\\MVP_Artisan\\artisanflow\\VoiceRecorder.js": {"path":"C:\\Users\\Chris\\Desktop\\MVP_Artisan\\artisanflow\\VoiceRecorder.js","statementMap":{"0":{"start":{"line":28,"column":36},"end":{"line":28,"column":50}},"1":{"start":{"line":30,"column":36},"end":{"line":30,"column":50}},"2":{"start":{"line":32,"column":38},"end":{"line":32,"column":49}},"3":{"start":{"line":34,"column":36},"end":{"line":34,"column":51}},"4":{"start":{"line":36,"column":44},"end":{"line":36,"column":56}},"5":{"start":{"line":38,"column":28},"end":{"line":38,"column":40}},"6":{"start":{"line":40,"column":19},"end":{"line":40,"column":31}},"7":{"start":{"line":42,"column":36},"end":{"line":42,"column":50}},"8":{"start":{"line":44,"column":36},"end":{"line":44,"column":50}},"9":{"start":{"line":46,"column":34},"end":{"line":46,"column":46}},"10":{"start":{"line":49,"column":46},"end":{"line":49,"column":61}},"11":{"start":{"line":50,"column":56},"end":{"line":50,"column":68}},"12":{"start":{"line":51,"column":60},"end":{"line":51,"column":71}},"13":{"start":{"line":52,"column":46},"end":{"line":52,"column":60}},"14":{"start":{"line":55,"column":48},"end":{"line":55,"column":65}},"15":{"start":{"line":57,"column":20},"end":{"line":75,"column":3}},"16":{"start":{"line":58,"column":4},"end":{"line":74,"column":5}},"17":{"start":{"line":59,"column":38},"end":{"line":63,"column":50}},"18":{"start":{"line":65,"column":6},"end":{"line":69,"column":7}},"19":{"start":{"line":66,"column":8},"end":{"line":66,"column":73}},"20":{"start":{"line":67,"column":8},"end":{"line":67,"column":65}},"21":{"start":{"line":68,"column":8},"end":{"line":68,"column":15}},"22":{"start":{"line":70,"column":6},"end":{"line":70,"column":27}},"23":{"start":{"line":72,"column":6},"end":{"line":72,"column":56}},"24":{"start":{"line":73,"column":6},"end":{"line":73,"column":67}},"25":{"start":{"line":77,"column":2},"end":{"line":84,"column":18}},"26":{"start":{"line":78,"column":4},"end":{"line":78,"column":16}},"27":{"start":{"line":79,"column":4},"end":{"line":83,"column":6}},"28":{"start":{"line":80,"column":6},"end":{"line":82,"column":7}},"29":{"start":{"line":81,"column":8},"end":{"line":81,"column":39}},"30":{"start":{"line":86,"column":25},"end":{"line":127,"column":3}},"31":{"start":{"line":87,"column":4},"end":{"line":126,"column":5}},"32":{"start":{"line":88,"column":6},"end":{"line":88,"column":68}},"33":{"start":{"line":89,"column":38},"end":{"line":89,"column":75}},"34":{"start":{"line":90,"column":6},"end":{"line":90,"column":75}},"35":{"start":{"line":92,"column":6},"end":{"line":95,"column":7}},"36":{"start":{"line":93,"column":8},"end":{"line":93,"column":74}},"37":{"start":{"line":94,"column":8},"end":{"line":94,"column":15}},"38":{"start":{"line":97,"column":6},"end":{"line":97,"column":68}},"39":{"start":{"line":98,"column":6},"end":{"line":101,"column":9}},"40":{"start":{"line":103,"column":6},"end":{"line":103,"column":70}},"41":{"start":{"line":104,"column":24},"end":{"line":104,"column":45}},"42":{"start":{"line":106,"column":6},"end":{"line":108,"column":8}},"43":{"start":{"line":110,"column":6},"end":{"line":110,"column":71}},"44":{"start":{"line":111,"column":6},"end":{"line":111,"column":35}},"45":{"start":{"line":112,"column":6},"end":{"line":112,"column":30}},"46":{"start":{"line":114,"column":6},"end":{"line":114,"column":25}},"47":{"start":{"line":115,"column":6},"end":{"line":115,"column":23}},"48":{"start":{"line":116,"column":6},"end":{"line":116,"column":27}},"49":{"start":{"line":117,"column":6},"end":{"line":117,"column":30}},"50":{"start":{"line":118,"column":6},"end":{"line":118,"column":33}},"51":{"start":{"line":119,"column":6},"end":{"line":119,"column":34}},"52":{"start":{"line":121,"column":6},"end":{"line":121,"column":64}},"53":{"start":{"line":124,"column":6},"end":{"line":124,"column":74}},"54":{"start":{"line":125,"column":6},"end":{"line":125,"column":69}},"55":{"start":{"line":129,"column":24},"end":{"line":173,"column":3}},"56":{"start":{"line":130,"column":4},"end":{"line":172,"column":5}},"57":{"start":{"line":131,"column":6},"end":{"line":134,"column":7}},"58":{"start":{"line":132,"column":8},"end":{"line":132,"column":70}},"59":{"start":{"line":133,"column":8},"end":{"line":133,"column":15}},"60":{"start":{"line":136,"column":6},"end":{"line":136,"column":67}},"61":{"start":{"line":138,"column":6},"end":{"line":138,"column":43}},"62":{"start":{"line":139,"column":18},"end":{"line":139,"column":36}},"63":{"start":{"line":140,"column":6},"end":{"line":140,"column":55}},"64":{"start":{"line":142,"column":21},"end":{"line":142,"column":53}},"65":{"start":{"line":143,"column":23},"end":{"line":143,"column":50}},"66":{"start":{"line":144,"column":30},"end":{"line":144,"column":57}},"67":{"start":{"line":146,"column":6},"end":{"line":146,"column":30}},"68":{"start":{"line":149,"column":6},"end":{"line":160,"column":7}},"69":{"start":{"line":150,"column":8},"end":{"line":157,"column":10}},"70":{"start":{"line":154,"column":48},"end":{"line":154,"column":66}},"71":{"start":{"line":155,"column":56},"end":{"line":155,"column":73}},"72":{"start":{"line":158,"column":8},"end":{"line":158,"column":27}},"73":{"start":{"line":159,"column":8},"end":{"line":159,"column":15}},"74":{"start":{"line":162,"column":6},"end":{"line":162,"column":95}},"75":{"start":{"line":164,"column":6},"end":{"line":164,"column":25}},"76":{"start":{"line":165,"column":6},"end":{"line":165,"column":24}},"77":{"start":{"line":166,"column":6},"end":{"line":166,"column":34}},"78":{"start":{"line":168,"column":6},"end":{"line":168,"column":92}},"79":{"start":{"line":170,"column":6},"end":{"line":170,"column":70}},"80":{"start":{"line":171,"column":6},"end":{"line":171,"column":62}},"81":{"start":{"line":175,"column":24},"end":{"line":378,"column":3}},"82":{"start":{"line":176,"column":4},"end":{"line":176,"column":87}},"83":{"start":{"line":176,"column":20},"end":{"line":176,"column":87}},"84":{"start":{"line":179,"column":46},"end":{"line":179,"column":68}},"85":{"start":{"line":180,"column":4},"end":{"line":183,"column":5}},"86":{"start":{"line":181,"column":6},"end":{"line":181,"column":90}},"87":{"start":{"line":182,"column":6},"end":{"line":182,"column":13}},"88":{"start":{"line":185,"column":4},"end":{"line":377,"column":5}},"89":{"start":{"line":186,"column":6},"end":{"line":186,"column":25}},"90":{"start":{"line":188,"column":6},"end":{"line":188,"column":67}
[...]
ine":113,"column":6}},"24":{"start":{"line":116,"column":2},"end":{"line":196,"column":2}},"25":{"start":{"line":212,"column":2},"end":{"line":321,"column":3}},"26":{"start":{"line":213,"column":4},"end":{"line":218,"column":7}},"27":{"start":{"line":221,"column":4},"end":{"line":223,"column":5}},"28":{"start":{"line":222,"column":6},"end":{"line":222,"column":52}},"29":{"start":{"line":224,"column":4},"end":{"line":226,"column":5}},"30":{"start":{"line":225,"column":6},"end":{"line":225,"column":51}},"31":{"start":{"line":227,"column":4},"end":{"line":229,"column":5}},"32":{"start":{"line":228,"column":6},"end":{"line":228,"column":52}},"33":{"start":{"line":230,"column":4},"end":{"line":232,"column":5}},"34":{"start":{"line":231,"column":6},"end":{"line":231,"column":55}},"35":{"start":{"line":234,"column":19},"end":{"line":234,"column":40}},"36":{"start":{"line":235,"column":20},"end":{"line":235,"column":58}},"37":{"start":{"line":237,"column":4},"end":{"line":237,"column":91}},"38":{"start":{"line":240,"column":4},"end":{"line":240,"column":47}},"39":{"start":{"line":241,"column":17},"end":{"line":251,"column":6}},"40":{"start":{"line":253,"column":4},"end":{"line":255,"column":5}},"41":{"start":{"line":254,"column":6},"end":{"line":254,"column":46}},"42":{"start":{"line":257,"column":4},"end":{"line":257,"column":70}},"43":{"start":{"line":260,"column":4},"end":{"line":260,"column":58}},"44":{"start":{"line":263,"column":4},"end":{"line":268,"column":5}},"45":{"start":{"line":264,"column":6},"end":{"line":264,"column":59}},"46":{"start":{"line":266,"column":6},"end":{"line":266,"column":71}},"47":{"start":{"line":267,"column":6},"end":{"line":267,"column":75}},"48":{"start":{"line":270,"column":4},"end":{"line":272,"column":5}},"49":{"start":{"line":271,"column":6},"end":{"line":271,"column":73}},"50":{"start":{"line":274,"column":20},"end":{"line":274,"column":31}},"51":{"start":{"line":275,"column":4},"end":{"line":275,"column":52}},"52":{"start":{"line":278,"column":17},"end":{"line":278,"column":66}},"53":{"start":{"line":280,"column":2},"end":{"line":280,"column":46}},"54":{"start":{"line":282,"column":2},"end":{"line":317,"column":3}},"55":{"start":{"line":284,"column":17},"end":{"line":284,"column":33}},"56":{"start":{"line":285,"column":24},"end":{"line":285,"column":48}},"57":{"start":{"line":286,"column":18},"end":{"line":286,"column":45}},"58":{"start":{"line":288,"column":4},"end":{"line":288,"column":69}},"59":{"start":{"line":290,"column":47},"end":{"line":295,"column":8}},"60":{"start":{"line":297,"column":4},"end":{"line":301,"column":5}},"61":{"start":{"line":298,"column":6},"end":{"line":298,"column":50}},"62":{"start":{"line":299,"column":6},"end":{"line":300,"column":67}},"63":{"start":{"line":303,"column":4},"end":{"line":303,"column":52}},"64":{"start":{"line":306,"column":21},"end":{"line":306,"column":69}},"65":{"start":{"line":307,"column":19},"end":{"line":307,"column":34}},"66":{"start":{"line":309,"column":4},"end":{"line":309,"column":73}},"67":{"start":{"line":312,"column":4},"end":{"line":312,"column":45}},"68":{"start":{"line":314,"column":4},"end":{"line":314,"column":57}},"69":{"start":{"line":316,"column":4},"end":{"line":316,"column":51}},"70":{"start":{"line":319,"column":4},"end":{"line":319,"column":61}},"71":{"start":{"line":320,"column":4},"end":{"line":320,"column":16}}},"fnMap":{"0":{"name":"generateDevisNumber","decl":{"start":{"line":10,"column":9},"end":{"line":10,"column":28}},"loc":{"start":{"line":10,"column":31},"end":{"line":14,"column":1}},"line":10},"1":{"name":"buildDevisHTML","decl":{"start":{"line":26,"column":9},"end":{"line":26,"column":23}},"loc":{"start":{"line":26,"column":117},"end":{"line":197,"column":1}},"line":26},"2":{"name":"(anonymous_2)","decl":{"start":{"line":59,"column":34},"end":{"line":59,"column":35}},"loc":{"start":{"line":59,"column":41},"end":{"line":72,"column":3}},"line":59},"3":{"name":"(anonymous_3)","decl":{"start":{"line":74,"column":40},"end":{"line":74,"column":41}},"loc":{"start":{"line":74,"column":52},"end":{"line":74,"column":110}},"line":74},"4":{"name":"generateDevisPDF","decl":{"start":{"line":203,"column":22},"end":{"line":203,"column":38}},"loc":{"start":{"line":211,"column":3},"end":{"line":322,"column":1}},"line":211}},"branchMap":{"0":{"loc":{"start":{"line":26,"column":91},"end":{"line":26,"column":113}},"type":"default-arg","locations":[{"start":{"line":26,"column":102},"end":{"line":26,"column":113}}],"line":26},"1":{"loc":{"start":{"line":29,"column":8},"end":{"line":29,"column":62}},"type":"cond-expr","locations":[{"start":{"line":29,"column":18},"end":{"line":29,"column":57}},{"start":{"line":29,"column":60},"end":{"line":29,"column":62}}],"line":29},"2":{"loc":{"start":{"line":31,"column":30},"end":{"line":31,"column":49}},"type":"binary-expr","locations":[{"start":{"line":31,"column":30},"end":{"line":31,"column":43}},{"start":{"line":31,"column":47},"end":{"line":31,"column":49}}],"line":31},"3":{"loc":{"start":{"line":32,"column":10},"end":{"line":32,"column":69}},"type":"cond-expr","locations":[{"start":{"line":32,"column":27},"end":{"line":32,"column":64}},{"start":{"line":32,"column":67},"end":{"line":32,"column":69}}],"line":32},"4":{"loc":{"start":{"line":33,"column":10},"end":{"line":33,"column":65}},"type":"cond-expr","locations":[{"start":{"line":33,"column":29},"end":{"line":33,"column":60}},{"start":{"line":33,"column":63},"end":{"line":33,"column":65}}],"line":33},"5":{"loc":{"start":{"line":34,"column":10},"end":{"line":34,"column":61}},"type":"cond-expr","locations":[{"start":{"line":34,"column":27},"end":{"line":34,"column":56}},{"start":{"line":34,"column":59},"end":{"line":34,"column":61}}],"line":34},"6":{"loc":{"start":{"line":35,"column":10},"end":{"line":35,"column":61}},"type":"cond-expr","locations":[{"start":{"line":35,"column":27},"end":{"line":35,"column":56}},{"start":{"line":35,"column":59},"end":{"line":35,"column":61}}],"line":35},"7":{"loc":{"start":{"line":43,"column":21},"end":{"line":43,"column":39}},"type":"binary-expr","locations":[{"start":{"line":43,"column":21},"end":{"line":43,"column":33}},{"start":{"line":43,"column":37},"end":{"line":43,"column":39}}],"line":43},"8":{"loc":{"start":{"line":44,"column":8},"end":{"line":44,"column":61}},"type":"cond-expr","locations":[{"start":{"line":44,"column":26},"end":{"line":44,"column":56}},{"start":{"line":44,"column":59},"end":{"line":44,"column":61}}],"line":44},"9":{"loc":{"start":{"line":45,"column":8},"end":{"line":45,"column":57}},"type":"cond-expr","locations":[{"start":{"line":45,"column":24},"end":{"line":45,"column":52}},{"start":{"line":45,"column":55},"end":{"line":45,"column":57}}],"line":45},"10":{"loc":{"start":{"line":46,"column":8},"end":{"line":46,"column":57}},"type":"cond-expr","locations":[{"start":{"line":46,"column":24},"end":{"line":46,"column":52}},{"start":{"line":46,"column":55},"end":{"line":46,"column":57}}],"line":46},"11":{"loc":{"start":{"line":53,"column":21},"end":{"line":53,"column":41}},"type":"binary-expr","locations":[{"start":{"line":53,"column":21},"end":{"line":53,"column":35}},{"start":{"line":53,"column":39},"end":{"line":53,"column":41}}],"line":53},"12":{"loc":{"start":{"line":54,"column":8},"end":{"line":54,"column":63}},"type":"cond-expr","locations":[{"start":{"line":54,"column":27},"end":{"line":54,"column":58}},{"start":{"line":54,"column":61},"end":{"line":54,"column":63}}],"line":54},"13":{"loc":{"start":{"line":59,"column":16},"end":{"line":59,"column":28}},"type":"binary-expr","locations":[{"start":{"line":59,"column":16},"end":{"line":59,"column":22}},{"start":{"line":59,"column":26},"end":{"line":59,"column":28}}],"line":59},"14":{"loc":{"start":{"line":60,"column":21},"end":{"line":60,"column":36}},"type":"binary-expr","locations":[{"start":{"line":60,"column":21},"end":{"line":60,"column":31}},{"start":{"line":60,"column":35},"end":{"line":60,"column":36}}],"line":60},"15":{"loc":{"start":{"line":61,"column":22},"end":{"line":61,"column":40}},"type":"binary-expr","locations":[{"start":{"line":61,"column":22},"end":{"line":61,"column":35}},{"start":{"line":61,"column":39},"end":{"line":61,"column":40}}],"line":61},"16":{"loc":{"start":{"line":65,"column":14},"end":{"line":65,"column":33}},"type":"binary-expr","locations":[{"start":{"line":65,"column":14},"end":{"line":65,"column":27}},{"start":{"line":65,"column":31},"end":{"line":65,"column":33}}],"line":65},"17":{"loc":{"start":{"line":67,"column":14},"end":{"line":67,"column":26}},"type":"binary-expr","locations":[{"start":{"line":67,"column":14},"end":{"line":67,"column":20}},{"start":{"line":67,"column":24},"end":{"line":67,"column":26}}],"line":67},"18":{"loc":{"start":{"line":74,"column":19},"end":{"line":74,"column":31}},"type":"binary-expr","locations":[{"start":{"line":74,"column":19},"end":{"line":74,"column":25}},{"start":{"line":74,"column":29},"end":{"line":74,"column":31}}],"line":74},"19":{"loc":{"start":{"line":74,"column":65},"end":{"line":74,"column":80}},"type":"binary-expr","locations":[{"start":{"line":74,"column":65},"end":{"line":74,"column":75}},{"start":{"line":74,"column":79},"end":{"line":74,"column":80}}],"line":74},"20":{"loc":{"start":{"line":74,"column":91},"end":{"line":74,"column":109}},"type":"binary-expr","locations":[{"start":{"line":74,"column":91},"end":{"line":74,"column":104}},{"start":{"line":74,"column":108},"end":{"line":74,"column":109}}],"line":74},"21":{"loc":{"start":{"line":75,"column":25},"end":{"line":75,"column":33}},"type":"binary-expr","locations":[{"start":{"line":75,"column":25},"end":{"line":75,"column":28}},{"start":{"line":75,"column":32},"end":{"line":75,"column":33}}],"line":75},"22":{"loc":{"start":{"line":84,"column":2},"end":{"line":114,"column":3}},"type":"if","locations":[{"start":{"line":84,"column":2},"end":{"line":114,"column":3}},{"start":{"line":94,"column":9},"end":{"line":114,"column":3}}],"line":84},"23":{"loc":{"start":{"line":94,"column":9},"end":{"line":114,"column":3}},"type":"if","locations":[{"start":{"line":94,"column":9},"end":{"line":114,"column":3}},{"start":{"line":107,"column":9},"end":{"line":114,"column":3}}],"line":94},"24":{"loc":{"start":{"line":177,"column":8},"end":{"line":177,"column":18}},"type":"binary-expr","locations":[{"start":{"line":177,"column":8},"end":{"line":177,"column":12}},{"start":{"line":177,"column":16},"end":{"line":177,"column":18}}],"line":177},"25":{"loc":{"start":{"line":178,"column":8},"end":{"line":178,"column":104}},"type":"cond-expr","locations":[{"start":{"line":178,"column":15},"end":{"line":178,"column":17}},{"start":{"line":178,"column":20},"end":{"line":178,"column":104}}],"line":178},"26":{"loc":{"start":{"line":184,"column":46},"end":{"line":184,"column":52}},"type":"binary-expr","locations":[{"start":{"line":184,"column":46},"end":{"line":184,"column":49}},{"start":{"line":184,"column":51},"end":{"line":184,"column":52}}],"line":184},"27":{"loc":{"start":{"line":207,"column":2},"end":{"line":207,"column":13}},"type":"default-arg","locations":[{"start":{"line":207,"column":11},"end":{"line":207,"column":13}}],"line":207},"28":{"loc":{"start":{"line":208,"column":2},"end":{"line":208,"column":10}},"type":"default-arg","locations":[{"start":{"line":208,"column":8},"end":{"line":208,"column":10}}],"line":208},"29":{"loc":{"start":{"line":209,"column":2},"end":{"line":209,"column":16}},"type":"default-arg","locations":[{"start":{"line":209,"column":12},"end":{"line":209,"column":16}}],"line":209},"30":{"loc":{"start":{"line":210,"column":2},"end":{"line":210,"column":24}},"type":"default-arg","locations":[{"start":{"line":210,"column":13},"end":{"line":210,"column":24}}],"line":210},"31":{"loc":{"start":{"line":217,"column":19},"end":{"line":217,"column":38}},"type":"binary-expr","locations":[{"start":{"line":217,"column":19},"end":{"line":217,"column":33}},{"start":{"line":217,"column":37},"end":{"line":217,"column":38}}],"line":217},"32":{"loc":{"start":{"line":221,"column":4},"end":{"line":223,"column":5}},"type":"if","locations":[{"start":{"line":221,"column":4},"end":{"line":223,"column":5}},{"start":{},"end":{}}],"line":221},"33":{"loc":{"start":{"line":224,"column":4},"end":{"line":226,"column":5}},"type":"if","locations":[{"start":{"line":224,"column":4},"end":{"line":226,"column":5}},{"start":{},"end":{}}],"line":224},"34":{"loc":{"start":{"line":227,"column":4},"end":{"line":229,"column":5}},"type":"if","locations":[{"start":{"line":227,"column":4},"end":{"line":229,"column":5}},{"start":{},"end":{}}],"line":227},"35":{"loc":{"start":{"line":230,"column":4},"end":{"line":232,"column":5}},"type":"if","locations":[{"start":{"line":230,"column":4},"end":{"line":232,"column":5}},{"start":{},"end":{}}],"line":230},"36":{"loc":{"start":{"line":230,"column":8},"end":{"line":230,"column":38}},"type":"binary-expr","locations":[{"start":{"line":230,"column":8},"end":{"line":230,"column":15}},{"start":{"line":230,"column":19},"end":{"line":230,"column":38}}],"line":230},"37":{"loc":{"start":{"line":253,"column":4},"end":{"line":255,"column":5}},"type":"if","locations":[{"start":{"line":253,"column":4},"end":{"line":255,"column":5}},{"start":{},"end":{}}],"line":253},"38":{"loc":{"start":{"line":270,"column":4},"end":{"line":272,"column":5}},"type":"if","locations":[{"start":{"line":270,"column":4},"end":{"line":272,"column":5}},{"start":{},"end":{}}],"line":270},"39":{"loc":{"start":{"line":270,"column":8},"end":{"line":270,"column":40}},"type":"binary-expr","locations":[{"start":{"line":270,"column":8},"end":{"line":270,"column":20}},{"start":{"line":270,"column":24},"end":{"line":270,"column":40}}],"line":270},"40":{"loc":{"start":{"line":278,"column":26},"end":{"line":278,"column":50}},"type":"binary-expr","locations":[{"start":{"line":278,"column":26},"end":{"line":278,"column":37}},{"start":{"line":278,"column":41},"end":{"line":278,"column":50}}],"line":278},"41":{"loc":{"start":{"line":297,"column":4},"end":{"line":301,"column":5}},"type":"if","locations":[{"start":{"line":297,"column":4},"end":{"line":301,"column":5}},{"start":{},"end":{}}],"line":297},"42":{"loc":{"start":{"line":299,"column":41},"end":{"line":299,"column":67}},"type":"binary-expr","locations":[{"start":{"line":299,"column":41},"end":{"line":299,"column":54}},{"start":{"line":299,"column":58},"end":{"line":299,"column":67}}],"line":299}},"s":{"0":0,"1":0,"2":0,"3":0,"4":0,"5":0,"6":0,"7":0,"8":0,"9":0,"10":0,"11":0,"12":0,"13":0,"14":0,"15":0,"16":0,"17":0,"18":0,"19":0,"20":0,"21":0,"22":0,"23":0,"24":0,"25":0,"26":0,"27":0,"28":0,"29":0,"30":0,"31":0,"32":0,"33":0,"34":0,"35":0,"36":0,"37":0,"38":0,"39":0,"40":0,"41":0,"42":0,"43":0,"44":0,"45":0,"46":0,"47":0,"48":0,"49":0,"50":0,"51":0,"52":0,"53":0,"54":0,"55":0,"56":0,"57":0,"58":0,"59":0,"60":0,"61":0,"62":0,"63":0,"64":0,"65":0,"66":0,"67":0,"68":0,"69":0,"70":0,"71":0},"f":{"0":0,"1":0,"2":0,"3":0,"4":0},"b":{"0":[0],"1":[0,0],"2":[0,0],"3":[0,0],"4":[0,0],"5":[0,0],"6":[0,0],"7":[0,0],"8":[0,0],"9":[0,0],"10":[0,0],"11":[0,0],"12":[0,0],"13":[0,0],"14":[0,0],"15":[0,0],"16":[0,0],"17":[0,0],"18":[0,0],"19":[0,0],"20":[0,0],"21":[0,0],"22":[0,0],"23":[0,0],"24":[0,0],"25":[0,0],"26":[0,0],"27":[0],"28":[0],"29":[0],"30":[0],"31":[0,0],"32":[0,0],"33":[0,0],"34":[0,0],"35":[0,0],"36":[0,0],"37":[0,0],"38":[0,0],"39":[0,0],"40":[0,0],"41":[0,0],"42":[0,0]}}
,"C:\\Users\\Chris\\Desktop\\MVP_Artisan\\artisanflow\\validation\\schemas.js": {"path":"C:\\Users\\Chris\\Desktop\\MVP_Artisan\\artisanflow\\validation\\schemas.js","statementMap":{"0":{"start":{"line":11,"column":27},"end":{"line":15,"column":20}},"1":{"start":{"line":17,"column":27},"end":{"line":21,"column":20}},"2":{"start":{"line":23,"column":26},"end":{"line":23,"column":58}},"3":{"start":{"line":25,"column":26},"end":{"line":25,"column":41}},"4":{"start":{"line":27,"column":36},"end":{"line":27,"column":76}},"5":{"start":{"line":33,"column":28},"end":{"line":45,"column":2}},"6":{"start":{"line":47,"column":34},"end":{"line":47,"column":56}},"7":{"start":{"line":53,"column":29},"end":{"line":61,"column":2}},"8":{"start":{"line":63,"column":35},"end":{"line":63,"column":84}},"9":{"start":{"line":69,"column":27},"end":{"line":74,"column":2}},"10":{"start":{"line":80,"column":26},"end":{"line":89,"column":2}},"11":{"start":{"line":95,"column":27},"end":{"line":109,"column":2}},"12":{"start":{"line":111,"column":33},"end":{"line":114,"column":2}},"13":{"start":{"line":120,"column":29},"end":{"line":135,"column":2}},"14":{"start":{"line":137,"column":35},"end":{"line":140,"column":2}},"15":{"start":{"line":146,"column":27},"end":{"line":149,"column":2}},"16":{"start":{"line":151,"column":30},"end":{"line":158,"column":2}},"17":{"start":{"line":155,"column":20},"end":{"line":155,"column":58}},"18":{"start":{"line":171,"column":2},"end":{"line":184,"column":3}},"19":{"start":{"line":172,"column":22},"end":{"line":172,"column":40}},"20":{"start":{"line":173,"column":4},"end":{"line":173,"column":46}},"21":{"start":{"line":175,"column":4},"end":{"line":182,"column":5}},"22":{"start":{"line":176,"column":21},"end":{"line":176,"column":23}},"23":{"start":{"line":177,"column":6},"end":{"line":180,"column":9}},"24":{"start":{"line":178,"column":22},"end":{"line":178,"column":40}},"25":{"start":{"line":179,"column":8},"end":{"line":179,"column":36}},"26":{"start":{"line":181,"column":6},"end":{"line":181,"column":40}},"27":{"start":{"line":183,"column":4},"end":{"line":183,"column":83}},"28":{"start":{"line":191,"column":2},"end":{"line":204,"column":3}},"29":{"start":{"line":192,"column":22},"end":{"line":192,"column":51}},"30":{"start":{"line":193,"column":4},"end":{"line":193,"column":46}},"31":{"start":{"line":195,"column":4},"end":{"line":202,"column":5}},"32":{"start":{"line":196,"column":21},"end":{"line":196,"column":23}},"33":{"start":{"line":197,"column":6},"end":{"line":200,"column":9}},"34":{"start":{"line":198,"column":22},"end":{"line":198,"column":40}},"35":{"start":{"line":199,"column":8},"end":{"line":199,"column":36}},"36":{"start":{"line":201,"column":6},"end":{"line":201,"column":40}},"37":{"start":{"line":203,"column":4},"end":{"line":203,"column":83}}},"fnMap":{"0":{"name":"(anonymous_0)","decl":{"start":{"line":155,"column":10},"end":{"line":155,"column":11}},"loc":{"start":{"line":155,"column":20},"end":{"line":155,"column":58}},"line":155},"1":{"name":"validate","decl":{"start":{"line":170,"column":16},"end":{"line":170,"column":24}},"loc":{"start":{"line":170,"column":39},"end":{"line":185,"column":1}},"line":170},"2":{"name":"(anonymous_2)","decl":{"start":{"line":177,"column":27},"end":{"line":177,"column":28}},"loc":{"start":{"line":177,"column":34},"end":{"line":180,"column":7}},"line":177},"3":{"name":"validateAsync","decl":{"start":{"line":190,"column":22},"end":{"line":190,"column":35}},"loc":{"start":{"line":190,"column":50},"end":{"line":205,"column":1}},"line":190},"4":{"name":"(anonymous_4)","decl":{"start":{"line":197,"column":27},"end":{"line":197,"column":28}},"loc":{"start":{"line":197,"column":34},"end":{"line":200,"column":7}},"line":197}},"branchMap":{"0":{"loc":{"start":{"line":175,"column":4},"end":{"line":182,"column":5}},"type":"if","locations":[{"start":{"line":175,"column":4},"end":{"line":182,"column":5}},{"start":{},"end":{}}],"line":175},"1":{"loc":{"start":{"line":195,"column":4},"end":{"line":202,"column":5}},"type":"if","locations":[{"start":{"line":195,"column":4},"end":{"line":202,"column":5}},{"start":{},"end":{}}],"line":195}},"s":{"0":1,"1":1,"2":1,"3":1,"4":1,"5":1,"6":1,"7":1,"8":1,"9":1,"10":1,"11":1,"12":1,"13":1,"14":1,"15":1,"16":1,"17":0,"18":6,"19":6,"20":2,"21":4,"22":4,"23":4,"24":4,"25":4,"26":4,"27":0,"28":0,"29":0,"30":0,"31":0,"32":0,"33":0,"34":0,"35":0,"36":0,"37":0},"f":{"0":0,"1":6,"2":4,"3":0,"4":0},"b":{"0":[4,0],"1":[0,0]},"_coverageSchema":"1a1c01bbd47fc00a2c39e90264f33305004495a9","hash":"458725ab6ac862af4f47496f9fc6ead5e99664cc"}
}
