TN:
SF:App.js
FN:43,App
FN:51,(anonymous_1)
FN:54,(anonymous_2)
FN:63,(anonymous_3)
FN:64,(anonymous_4)
FN:73,(anonymous_5)
FN:79,(anonymous_6)
FN:80,(anonymous_7)
FN:86,(anonymous_8)
FN:92,(anonymous_9)
FN:98,(anonymous_10)
FN:99,(anonymous_11)
FN:110,(anonymous_12)
FN:117,(anonymous_13)
FNF:14
FNH:0
FNDA:0,App
FNDA:0,(anonymous_1)
FNDA:0,(anonymous_2)
FNDA:0,(anonymous_3)
FNDA:0,(anonymous_4)
FNDA:0,(anonymous_5)
FNDA:0,(anonymous_6)
FNDA:0,(anonymous_7)
FNDA:0,(anonymous_8)
FNDA:0,(anonymous_9)
FNDA:0,(anonymous_10)
FNDA:0,(anonymous_11)
FNDA:0,(anonymous_12)
FNDA:0,(anonymous_13)
DA:21,0
DA:24,0
DA:25,0
DA:26,0
DA:27,0
DA:30,0
DA:44,0
DA:45,0
DA:46,0
DA:47,0
DA:48,0
DA:51,0
DA:52,0
DA:54,0
DA:55,0
DA:57,0
DA:58,0
DA:59,0
DA:62,0
DA:63,0
DA:64,0
DA:65,0
DA:66,0
DA:73,0
DA:74,0
DA:79,0
DA:80,0
DA:81,0
DA:82,0
DA:85,0
DA:86,0
DA:87,0
DA:92,0
DA:93,0
DA:98,0
DA:99,0
DA:100,0
DA:101,0
DA:102,0
DA:103,0
DA:104,0
DA:105,0
DA:110,0
DA:111,0
DA:116,0
DA:117,0
DA:120,0
DA:121,0
DA:129,0
DA:130,0
DA:139,0
DA:152,0
LF:52
LH:0
BRDA:55,0,0,0
BRDA:55,0,1,0
BRDA:57,1,0,0
BRDA:57,1,1,0
BRDA:62,2,0,0
BRDA:62,2,1,0
BRDA:65,3,0,0
BRDA:65,3,1,0
BRDA:85,4,0,0
BRDA:85,4,1,0
BRDA:85,5,0,0
BRDA:85,5,1,0
BRDA:102,6,0,0
BRDA:102,6,1,0
BRDA:102,7,0,0
BRDA:102,7,1,0
BRDA:104,8,0,0
BRDA:104,8,1,0
BRDA:116,9,0,0
BRDA:116,9,1,0
BRDA:120,10,0,0
BRDA:120,10,1,0
BRDA:120,11,0,0
BRDA:120,11,1,0
BRDA:129,12,0,0
BRDA:129,12,1,0
BRDA:129,13,0,0
BRDA:129,13,1,0
BRDA:143,14,0,0
BRDA:143,14,1,0
BRF:30
BRH:0
end_of_record
TN:
SF:DevisFactures.js
FN:36,DevisFactures
FN:59,(anonymous_1)
FN:63,(anonymous_2)
FN:64,(anonymous_3)
FN:67,(anonymous_4)
FN:74,(anonymous_5)
FN:95,(anonymous_6)
FN:102,(anonymous_7)
FN:114,(anonymous_8)
FN:120,(anonymous_9)
FN:194,(anonymous_10)
FN:220,(anonymous_11)
FN:277,(anonymous_12)
FN:306,(anonymous_13)
FN:312,(anonymous_14)
FN:332,(anonymous_15)
FN:344,(anonymous_16)
FN:347,(anonymous_17)
FN:348,(anonymous_18)
FN:375,(anonymous_19)
FN:433,(anonymous_20)
FN:437,(anonymous_21)
FN:513,(anonymous_22)
FNF:23
FNH:0
FNDA:0,DevisFactures
FNDA:0,(anonymous_1)
FNDA:0,(anonymous_2)
FNDA:0,(anonymous_3)
FNDA:0,(anonymous_4)
FNDA:0,(anonymous_5)
FNDA:0,(anonymous_6)
FNDA:0,(anonymous_7)
FNDA:0,(anonymous_8)
FNDA:0,(anonymous_9)
FNDA:0,(anonymous_10)
FNDA:0,(anonymous_11)
FNDA:0,(anonymous_12)
FNDA:0,(anonymous_13)
FNDA:0,(anonymous_14)
FNDA:0,(anonymous_15)
FNDA:0,(anonymous_16)
FNDA:0,(anonymous_17)
FNDA:0,(anonymous_18)
FNDA:0,(anonymous_19)
FNDA:0,(anonymous_20)
FNDA:0,(anonymous_21)
FNDA:0,(anonymous_22)
DA:18,0
DA:19,0
DA:20,0
DA:22,0
DA:23,0
DA:24,0
DA:25,0
DA:26,0
DA:31,0
DA:32,0
DA:38,0
DA:40,0
DA:41,0
DA:42,0
DA:43,0
DA:44,0
DA:45,0
DA:48,0
DA:49,0
DA:50,0
DA:51,0
DA:52,0
DA:53,0
DA:54,0
DA:56,0
DA:57,0
DA:59,0
DA:60,0
DA:63,0
DA:64,0
DA:65,0
DA:66,0
DA:67,0
DA:68,0
DA:74,0
DA:75,0
DA:76,0
DA:77,0
DA:83,0
DA:84,0
DA:85,0
DA:86,0
DA:88,0
DA:90,0
DA:91,0
DA:95,0
DA:96,0
DA:97,0
DA:98,0
DA:99,0
DA:102,0
DA:103,0
DA:104,0
DA:105,0
DA:106,0
DA:107,0
DA:108,0
DA:109,0
DA:110,0
DA:111,0
DA:114,0
DA:115,0
DA:116,0
DA:117,0
DA:120,0
DA:121,0
DA:122,0
DA:123,0
DA:126,0
DA:127,0
DA:128,0
DA:129,0
DA:133,0
DA:134,0
DA:135,0
DA:136,0
DA:139,0
DA:140,0
DA:143,0
DA:144,0
DA:146,0
DA:147,0
DA:149,0
DA:150,0
DA:163,0
DA:164,0
DA:165,0
DA:166,0
DA:170,0
DA:171,0
DA:175,0
DA:177,0
DA:178,0
DA:181,0
DA:183,0
DA:184,0
DA:185,0
DA:187,0
DA:188,0
DA:190,0
DA:194,0
DA:195,0
DA:196,0
DA:197,0
DA:198,0
DA:199,0
DA:202,0
DA:207,0
DA:209,0
DA:212,0
DA:213,0
DA:215,0
DA:216,0
DA:220,0
DA:221,0
DA:222,0
DA:224,0
DA:225,0
DA:227,0
DA:228,0
DA:230,0
DA:231,0
DA:232,0
DA:235,0
DA:236,0
DA:237,0
DA:239,0
DA:240,0
DA:241,0
DA:244,0
DA:245,0
DA:246,0
DA:247,0
DA:248,0
DA:249,0
DA:251,0
DA:254,0
DA:260,0
DA:261,0
DA:262,0
DA:265,0
DA:266,0
DA:269,0
DA:272,0
DA:273,0
DA:276,0
DA:277,0
DA:279,0
DA:281,0
DA:282,0
DA:284,0
DA:285,0
DA:289,0
DA:293,0
DA:297,0
DA:298,0
DA:300,0
DA:302,0
DA:306,0
DA:307,0
DA:313,0
DA:314,0
DA:315,0
DA:316,0
DA:317,0
DA:318,0
DA:319,0
DA:321,0
DA:322,0
DA:324,0
DA:325,0
DA:332,0
DA:333,0
DA:334,0
DA:335,0
DA:336,0
DA:337,0
DA:338,0
DA:339,0
DA:340,0
DA:341,0
DA:344,0
DA:345,0
DA:347,0
DA:348,0
DA:363,0
DA:367,0
DA:376,0
DA:377,0
DA:378,0
DA:434,0
DA:437,0
DA:513,0
DA:523,0
LF:194
LH:0
BRDA:23,0,0,0
BRDA:23,0,1,0
BRDA:23,1,0,0
BRDA:23,1,1,0
BRDA:31,2,0,0
BRDA:31,2,1,0
BRDA:36,3,0,0
BRDA:53,4,0,0
BRDA:53,4,1,0
BRDA:65,5,0,0
BRDA:65,5,1,0
BRDA:66,6,0,0
BRDA:66,6,1,0
BRDA:76,7,0,0
BRDA:76,7,1,0
BRDA:83,8,0,0
BRDA:83,8,1,0
BRDA:88,9,0,0
BRDA:88,9,1,0
BRDA:96,10,0,0
BRDA:96,10,1,0
BRDA:111,11,0,0
BRDA:111,11,1,0
BRDA:115,12,0,0
BRDA:115,12,1,0
BRDA:116,13,0,0
BRDA:116,13,1,0
BRDA:121,14,0,0
BRDA:121,14,1,0
BRDA:127,15,0,0
BRDA:127,15,1,0
BRDA:127,16,0,0
BRDA:127,16,1,0
BRDA:134,17,0,0
BRDA:134,17,1,0
BRDA:144,18,0,0
BRDA:144,18,1,0
BRDA:146,19,0,0
BRDA:146,19,1,0
BRDA:149,20,0,0
BRDA:149,20,1,0
BRDA:151,21,0,0
BRDA:151,21,1,0
BRDA:159,22,0,0
BRDA:159,22,1,0
BRDA:160,23,0,0
BRDA:160,23,1,0
BRDA:163,24,0,0
BRDA:163,24,1,0
BRDA:163,25,0,0
BRDA:163,25,1,0
BRDA:165,26,0,0
BRDA:165,26,1,0
BRDA:165,27,0,0
BRDA:165,27,1,0
BRDA:170,28,0,0
BRDA:170,28,1,0
BRDA:181,29,0,0
BRDA:181,29,1,0
BRDA:183,30,0,0
BRDA:183,30,1,0
BRDA:183,31,0,0
BRDA:183,31,1,0
BRDA:183,32,0,0
BRDA:183,32,1,0
BRDA:188,33,0,0
BRDA:188,33,1,0
BRDA:197,34,0,0
BRDA:197,34,1,0
BRDA:222,35,0,0
BRDA:222,35,1,0
BRDA:230,36,0,0
BRDA:230,36,1,0
BRDA:232,37,0,0
BRDA:232,37,1,0
BRDA:240,38,0,0
BRDA:240,38,1,0
BRDA:245,39,0,0
BRDA:245,39,1,0
BRDA:262,40,0,0
BRDA:262,40,1,0
BRDA:265,41,0,0
BRDA:265,41,1,0
BRDA:265,42,0,0
BRDA:265,42,1,0
BRDA:279,43,0,0
BRDA:279,43,1,0
BRDA:279,43,2,0
BRDA:279,43,3,0
BRDA:281,44,0,0
BRDA:281,44,1,0
BRDA:298,45,0,0
BRDA:298,45,1,0
BRDA:314,46,0,0
BRDA:314,46,1,0
BRDA:316,47,0,0
BRDA:316,47,1,0
BRDA:322,48,0,0
BRDA:322,48,1,0
BRDA:337,49,0,0
BRDA:337,49,1,0
BRDA:338,50,0,0
BRDA:338,50,1,0
BRDA:340,51,0,0
BRDA:340,51,1,0
BRDA:340,52,0,0
BRDA:340,52,1,0
BRDA:340,53,0,0
BRDA:340,53,1,0
BRDA:355,54,0,0
BRDA:355,54,1,0
BRDA:363,55,0,0
BRDA:363,55,1,0
BRDA:371,56,0,0
BRDA:371,56,1,0
BRDA:376,57,0,0
BRDA:376,57,1,0
BRDA:386,58,0,0
BRDA:386,58,1,0
BRDA:416,59,0,0
BRDA:416,59,1,0
BRDA:424,60,0,0
BRDA:424,60,1,0
BRDA:436,61,0,0
BRDA:436,61,1,0
BRDA:439,62,0,0
BRDA:439,62,1,0
BRDA:457,63,0,0
BRDA:457,63,1,0
BRDA:465,64,0,0
BRDA:465,64,1,0
BRDA:470,65,0,0
BRDA:470,65,1,0
BRDA:473,66,0,0
BRDA:473,66,1,0
BRDA:483,67,0,0
BRDA:483,67,1,0
BRDA:492,68,0,0
BRDA:492,68,1,0
BRDA:496,69,0,0
BRDA:496,69,1,0
BRDA:500,70,0,0
BRDA:500,70,1,0
BRF:143
BRH:0
end_of_record
TN:
SF:PhotoUploader.js
FN:16,PhotoUploader
FN:27,(anonymous_1)
FN:47,(anonymous_2)
FN:51,(anonymous_3)
FN:90,(anonymous_4)
FN:91,(anonymous_5)
FN:176,(anonymous_6)
FN:200,(anonymous_7)
FN:216,(anonymous_8)
FN:257,(anonymous_9)
FN:258,(anonymous_10)
FN:264,(anonymous_11)
FN:306,(anonymous_12)
FN:307,(anonymous_13)
FN:309,(anonymous_14)
FN:332,(anonymous_15)
FN:333,(anonymous_16)
FN:361,(anonymous_17)
FN:367,(anonymous_18)
FN:377,(anonymous_19)
FN:386,(anonymous_20)
FN:393,(anonymous_21)
FN:407,(anonymous_22)
FNF:23
FNH:0
FNDA:0,PhotoUploader
FNDA:0,(anonymous_1)
FNDA:0,(anonymous_2)
FNDA:0,(anonymous_3)
FNDA:0,(anonymous_4)
FNDA:0,(anonymous_5)
FNDA:0,(anonymous_6)
FNDA:0,(anonymous_7)
FNDA:0,(anonymous_8)
FNDA:0,(anonymous_9)
FNDA:0,(anonymous_10)
FNDA:0,(anonymous_11)
FNDA:0,(anonymous_12)
FNDA:0,(anonymous_13)
FNDA:0,(anonymous_14)
FNDA:0,(anonymous_15)
FNDA:0,(anonymous_16)
FNDA:0,(anonymous_17)
FNDA:0,(anonymous_18)
FNDA:0,(anonymous_19)
FNDA:0,(anonymous_20)
FNDA:0,(anonymous_21)
FNDA:0,(anonymous_22)
DA:13,0
DA:14,0
DA:17,0
DA:18,0
DA:19,0
DA:20,0
DA:21,0
DA:24,0
DA:25,0
DA:27,0
DA:28,0
DA:29,0
DA:35,0
DA:36,0
DA:37,0
DA:38,0
DA:40,0
DA:42,0
DA:43,0
DA:47,0
DA:48,0
DA:51,0
DA:52,0
DA:53,0
DA:54,0
DA:55,0
DA:58,0
DA:59,0
DA:60,0
DA:61,0
DA:62,0
DA:65,0
DA:70,0
DA:72,0
DA:73,0
DA:74,0
DA:77,0
DA:80,0
DA:83,0
DA:84,0
DA:89,0
DA:90,0
DA:94,0
DA:97,0
DA:98,0
DA:99,0
DA:101,0
DA:102,0
DA:103,0
DA:104,0
DA:108,0
DA:109,0
DA:118,0
DA:119,0
DA:120,0
DA:122,0
DA:123,0
DA:124,0
DA:125,0
DA:127,0
DA:130,0
DA:131,0
DA:134,0
DA:136,0
DA:138,0
DA:139,0
DA:142,0
DA:145,0
DA:154,0
DA:155,0
DA:156,0
DA:159,0
DA:161,0
DA:163,0
DA:164,0
DA:165,0
DA:166,0
DA:168,0
DA:169,0
DA:171,0
DA:172,0
DA:176,0
DA:177,0
DA:178,0
DA:179,0
DA:180,0
DA:181,0
DA:184,0
DA:185,0
DA:186,0
DA:187,0
DA:188,0
DA:191,0
DA:192,0
DA:194,0
DA:195,0
DA:200,0
DA:201,0
DA:204,0
DA:205,0
DA:206,0
DA:208,0
DA:217,0
DA:218,0
DA:221,0
DA:224,0
DA:230,0
DA:231,0
DA:234,0
DA:236,0
DA:239,0
DA:240,0
DA:241,0
DA:244,0
DA:245,0
DA:247,0
DA:257,0
DA:258,0
DA:264,0
DA:265,0
DA:266,0
DA:269,0
DA:271,0
DA:306,0
DA:309,0
DA:310,0
DA:311,0
DA:312,0
DA:313,0
DA:314,0
DA:315,0
DA:316,0
DA:317,0
DA:318,0
DA:320,0
DA:324,0
DA:325,0
DA:328,0
DA:332,0
DA:333,0
DA:361,0
DA:368,0
DA:369,0
DA:377,0
DA:387,0
DA:389,0
DA:393,0
DA:407,0
LF:148
LH:0
BRDA:35,0,0,0
BRDA:35,0,1,0
BRDA:40,1,0,0
BRDA:40,1,1,0
BRDA:48,2,0,0
BRDA:48,2,1,0
BRDA:53,3,0,0
BRDA:53,3,1,0
BRDA:53,4,0,0
BRDA:53,4,1,0
BRDA:60,5,0,0
BRDA:60,5,1,0
BRDA:70,6,0,0
BRDA:70,6,1,0
BRDA:97,7,0,0
BRDA:97,7,1,0
BRDA:99,8,0,0
BRDA:99,8,1,0
BRDA:101,9,0,0
BRDA:101,9,1,0
BRDA:101,10,0,0
BRDA:101,10,1,0
BRDA:103,11,0,0
BRDA:103,11,1,0
BRDA:136,12,0,0
BRDA:136,12,1,0
BRDA:154,13,0,0
BRDA:154,13,1,0
BRDA:154,14,0,0
BRDA:154,14,1,0
BRDA:161,15,0,0
BRDA:161,15,1,0
BRDA:180,16,0,0
BRDA:180,16,1,0
BRDA:185,17,0,0
BRDA:185,17,1,0
BRDA:201,18,0,0
BRDA:201,18,1,0
BRDA:201,19,0,0
BRDA:201,19,1,0
BRDA:204,20,0,0
BRDA:204,20,1,0
BRDA:206,21,0,0
BRDA:206,21,1,0
BRDA:230,22,0,0
BRDA:230,22,1,0
BRDA:234,23,0,0
BRDA:234,23,1,0
BRDA:240,24,0,0
BRDA:240,24,1,0
BRDA:244,25,0,0
BRDA:244,25,1,0
BRDA:284,26,0,0
BRDA:284,26,1,0
BRDA:297,27,0,0
BRDA:297,27,1,0
BRDA:297,27,2,0
BRDA:310,28,0,0
BRDA:310,28,1,0
BRDA:324,29,0,0
BRDA:324,29,1,0
BRDA:325,30,0,0
BRDA:325,30,1,0
BRDA:325,30,2,0
BRDA:325,30,3,0
BRDA:338,31,0,0
BRDA:338,31,1,0
BRDA:341,32,0,0
BRDA:341,32,1,0
BRDA:368,33,0,0
BRDA:368,33,1,0
BRDA:387,34,0,0
BRDA:387,34,1,0
BRF:73
BRH:0
end_of_record
TN:
SF:VoiceRecorder.js
FN:26,VoiceRecorder
FN:57,(anonymous_1)
FN:77,(anonymous_2)
FN:79,(anonymous_3)
FN:86,(anonymous_4)
FN:129,(anonymous_5)
FN:154,(anonymous_6)
FN:155,(anonymous_7)
FN:175,(anonymous_8)
FN:247,(anonymous_9)
FN:248,(anonymous_10)
FN:302,(anonymous_11)
FN:380,(anonymous_12)
FN:406,(anonymous_13)
FN:419,(anonymous_14)
FN:437,(anonymous_15)
FN:446,(anonymous_16)
FN:490,(anonymous_17)
FN:511,(anonymous_18)
FN:530,(anonymous_19)
FN:539,(anonymous_20)
FN:568,(anonymous_21)
FN:569,(anonymous_22)
FN:570,(anonymous_23)
FN:594,(anonymous_24)
FN:603,(anonymous_25)
FN:628,(anonymous_26)
FN:633,(anonymous_27)
FN:634,(anonymous_28)
FN:641,(anonymous_29)
FN:685,(anonymous_30)
FN:686,(anonymous_31)
FN:693,(anonymous_32)
FN:694,(anonymous_33)
FN:695,(anonymous_34)
FN:733,(anonymous_35)
FN:808,(anonymous_36)
FN:809,(anonymous_37)
FNF:38
FNH:0
FNDA:0,VoiceRecorder
FNDA:0,(anonymous_1)
FNDA:0,(anonymous_2)
FNDA:0,(anonymous_3)
FNDA:0,(anonymous_4)
FNDA:0,(anonymous_5)
FNDA:0,(anonymous_6)
FNDA:0,(anonymous_7)
FNDA:0,(anonymous_8)
FNDA:0,(anonymous_9)
FNDA:0,(anonymous_10)
FNDA:0,(anonymous_11)
FNDA:0,(anonymous_12)
FNDA:0,(anonymous_13)
FNDA:0,(anonymous_14)
FNDA:0,(anonymous_15)
FNDA:0,(anonymous_16)
FNDA:0,(anonymous_17)
FNDA:0,(anonymous_18)
FNDA:0,(anonymous_19)
FNDA:0,(anonymous_20)
FNDA:0,(anonymous_21)
FNDA:0,(anonymous_22)
FNDA:0,(anonymous_23)
FNDA:0,(anonymous_24)
FNDA:0,(anonymous_25)
FNDA:0,(anonymous_26)
FNDA:0,(anonymous_27)
FNDA:0,(anonymous_28)
FNDA:0,(anonymous_29)
FNDA:0,(anonymous_30)
FNDA:0,(anonymous_31)
FNDA:0,(anonymous_32)
FNDA:0,(anonymous_33)
FNDA:0,(anonymous_34)
FNDA:0,(anonymous_35)
FNDA:0,(anonymous_36)
FNDA:0,(anonymous_37)
DA:28,0
DA:30,0
DA:32,0
DA:34,0
DA:36,0
DA:38,0
DA:40,0
DA:42,0
DA:44,0
DA:46,0
DA:49,0
DA:50,0
DA:51,0
DA:52,0
DA:55,0
DA:57,0
DA:58,0
DA:59,0
DA:65,0
DA:66,0
DA:67,0
DA:68,0
DA:70,0
DA:72,0
DA:73,0
DA:77,0
DA:78,0
DA:79,0
DA:80,0
DA:81,0
DA:86,0
DA:87,0
DA:88,0
DA:89,0
DA:90,0
DA:92,0
DA:93,0
DA:94,0
DA:97,0
DA:98,0
DA:103,0
DA:104,0
DA:106,0
DA:110,0
DA:111,0
DA:112,0
DA:114,0
DA:115,0
DA:116,0
DA:117,0
DA:118,0
DA:119,0
DA:121,0
DA:124,0
DA:125,0
DA:129,0
DA:130,0
DA:131,0
DA:132,0
DA:133,0
DA:136,0
DA:138,0
DA:139,0
DA:140,0
DA:142,0
DA:143,0
DA:144,0
DA:146,0
DA:149,0
DA:150,0
DA:154,0
DA:155,0
DA:158,0
DA:159,0
DA:162,0
DA:164,0
DA:165,0
DA:166,0
DA:168,0
DA:170,0
DA:171,0
DA:175,0
DA:176,0
DA:179,0
DA:180,0
DA:181,0
DA:182,0
DA:185,0
DA:186,0
DA:188,0
DA:190,0
DA:191,0
DA:192,0
DA:193,0
DA:195,0
DA:199,0
DA:201,0
DA:204,0
DA:205,0
DA:206,0
DA:208,0
DA:209,0
DA:211,0
DA:212,0
DA:213,0
DA:215,0
DA:216,0
DA:219,0
DA:220,0
DA:221,0
DA:222,0
DA:225,0
DA:226,0
DA:228,0
DA:231,0
DA:233,0
DA:236,0
DA:237,0
DA:242,0
DA:248,0
DA:253,0
DA:254,0
DA:255,0
DA:259,0
DA:261,0
DA:271,0
DA:273,0
DA:274,0
DA:277,0
DA:278,0
DA:279,0
DA:280,0
DA:281,0
DA:283,0
DA:290,0
DA:293,0
DA:295,0
DA:296,0
DA:297,0
DA:298,0
DA:301,0
DA:302,0
DA:303,0
DA:306,0
DA:309,0
DA:312,0
DA:313,0
DA:315,0
DA:316,0
DA:318,0
DA:320,0
DA:322,0
DA:323,0
DA:325,0
DA:334,0
DA:335,0
DA:336,0
DA:337,0
DA:346,0
DA:349,0
DA:350,0
DA:351,0
DA:354,0
DA:357,0
DA:360,0
DA:361,0
DA:362,0
DA:365,0
DA:369,0
DA:370,0
DA:373,0
DA:374,0
DA:375,0
DA:376,0
DA:380,0
DA:381,0
DA:382,0
DA:383,0
DA:384,0
DA:385,0
DA:388,0
DA:389,0
DA:390,0
DA:392,0
DA:393,0
DA:394,0
DA:395,0
DA:398,0
DA:401,0
DA:402,0
DA:403,0
DA:404,0
DA:406,0
DA:407,0
DA:408,0
DA:409,0
DA:410,0
DA:414,0
DA:415,0
DA:419,0
DA:420,0
DA:422,0
DA:426,0
DA:427,0
DA:428,0
DA:429,0
DA:430,0
DA:432,0
DA:437,0
DA:438,0
DA:447,0
DA:449,0
DA:450,0
DA:451,0
DA:454,0
DA:455,0
DA:459,0
DA:465,0
DA:470,0
DA:471,0
DA:472,0
DA:475,0
DA:476,0
DA:479,0
DA:481,0
DA:482,0
DA:490,0
DA:491,0
DA:495,0
DA:497,0
DA:498,0
DA:499,0
DA:500,0
DA:507,0
DA:508,0
DA:509,0
DA:511,0
DA:513,0
DA:530,0
DA:531,0
DA:539,0
DA:540,0
DA:548,0
DA:549,0
DA:550,0
DA:551,0
DA:553,0
DA:568,0
DA:569,0
DA:570,0
DA:596,0
DA:604,0
DA:605,0
DA:606,0
DA:629,0
DA:630,0
DA:633,0
DA:634,0
DA:642,0
DA:643,0
DA:644,0
DA:645,0
DA:648,0
DA:649,0
DA:656,0
DA:657,0
DA:666,0
DA:667,0
DA:675,0
DA:678,0
DA:681,0
DA:682,0
DA:685,0
DA:686,0
DA:693,0
DA:694,0
DA:695,0
DA:712,0
DA:740,0
DA:741,0
DA:742,0
DA:746,0
DA:808,0
DA:809,0
DA:816,0
LF:285
LH:0
BRDA:65,0,0,0
BRDA:65,0,1,0
BRDA:70,1,0,0
BRDA:70,1,1,0
BRDA:80,2,0,0
BRDA:80,2,1,0
BRDA:92,3,0,0
BRDA:92,3,1,0
BRDA:125,4,0,0
BRDA:125,4,1,0
BRDA:131,5,0,0
BRDA:131,5,1,0
BRDA:143,6,0,0
BRDA:143,6,1,0
BRDA:149,7,0,0
BRDA:149,7,1,0
BRDA:171,8,0,0
BRDA:171,8,1,0
BRDA:176,9,0,0
BRDA:176,9,1,0
BRDA:180,10,0,0
BRDA:180,10,1,0
BRDA:180,11,0,0
BRDA:180,11,1,0
BRDA:199,12,0,0
BRDA:199,12,1,0
BRDA:219,13,0,0
BRDA:219,13,1,0
BRDA:219,14,0,0
BRDA:219,14,1,0
BRDA:243,15,0,0
BRDA:243,15,1,0
BRDA:244,16,0,0
BRDA:244,16,1,0
BRDA:245,17,0,0
BRDA:245,17,1,0
BRDA:266,18,0,0
BRDA:266,18,1,0
BRDA:267,19,0,0
BRDA:267,19,1,0
BRDA:268,20,0,0
BRDA:268,20,1,0
BRDA:273,21,0,0
BRDA:273,21,1,0
BRDA:277,22,0,0
BRDA:277,22,1,0
BRDA:278,23,0,0
BRDA:278,23,1,0
BRDA:278,24,0,0
BRDA:278,24,1,0
BRDA:280,25,0,0
BRDA:280,25,1,0
BRDA:281,26,0,0
BRDA:281,26,1,0
BRDA:313,27,0,0
BRDA:313,27,1,0
BRDA:315,28,0,0
BRDA:315,28,1,0
BRDA:315,29,0,0
BRDA:315,29,1,0
BRDA:315,29,2,0
BRDA:315,29,3,0
BRDA:322,30,0,0
BRDA:322,30,1,0
BRDA:322,31,0,0
BRDA:322,31,1,0
BRDA:322,31,2,0
BRDA:334,32,0,0
BRDA:334,32,1,0
BRDA:349,33,0,0
BRDA:349,33,1,0
BRDA:349,34,0,0
BRDA:349,34,1,0
BRDA:351,35,0,0
BRDA:351,35,1,0
BRDA:360,36,0,0
BRDA:360,36,1,0
BRDA:361,37,0,0
BRDA:361,37,1,0
BRDA:369,38,0,0
BRDA:369,38,1,0
BRDA:369,39,0,0
BRDA:369,39,1,0
BRDA:382,40,0,0
BRDA:382,40,1,0
BRDA:388,41,0,0
BRDA:388,41,1,0
BRDA:389,42,0,0
BRDA:389,42,1,0
BRDA:394,43,0,0
BRDA:394,43,1,0
BRDA:407,44,0,0
BRDA:407,44,1,0
BRDA:415,45,0,0
BRDA:415,45,1,0
BRDA:426,46,0,0
BRDA:426,46,1,0
BRDA:432,47,0,0
BRDA:432,47,1,0
BRDA:449,48,0,0
BRDA:449,48,1,0
BRDA:454,49,0,0
BRDA:454,49,1,0
BRDA:470,50,0,0
BRDA:470,50,1,0
BRDA:482,51,0,0
BRDA:482,51,1,0
BRDA:499,52,0,0
BRDA:499,52,1,0
BRDA:565,53,0,0
BRDA:565,53,1,0
BRDA:574,54,0,0
BRDA:574,54,1,0
BRDA:580,55,0,0
BRDA:580,55,1,0
BRDA:582,56,0,0
BRDA:582,56,1,0
BRDA:616,57,0,0
BRDA:616,57,1,0
BRDA:619,58,0,0
BRDA:619,58,1,0
BRDA:620,59,0,0
BRDA:620,59,1,0
BRDA:643,60,0,0
BRDA:643,60,1,0
BRDA:643,61,0,0
BRDA:643,61,1,0
BRDA:656,62,0,0
BRDA:656,62,1,0
BRDA:656,63,0,0
BRDA:656,63,1,0
BRDA:656,63,2,0
BRDA:666,64,0,0
BRDA:666,64,1,0
BRDA:682,65,0,0
BRDA:682,65,1,0
BRDA:722,66,0,0
BRDA:722,66,1,0
BRDA:740,67,0,0
BRDA:740,67,1,0
BRDA:751,68,0,0
BRDA:751,68,1,0
BRDA:751,68,2,0
BRDA:752,69,0,0
BRDA:752,69,1,0
BRDA:752,69,2,0
BRDA:753,70,0,0
BRDA:753,70,1,0
BRDA:754,71,0,0
BRDA:754,71,1,0
BRDA:754,71,2,0
BRDA:756,72,0,0
BRDA:756,72,1,0
BRDA:759,73,0,0
BRDA:759,73,1,0
BRDA:759,74,0,0
BRDA:759,74,1,0
BRDA:759,75,0,0
BRDA:759,75,1,0
BRDA:765,76,0,0
BRDA:765,76,1,0
BRDA:782,77,0,0
BRDA:782,77,1,0
BRDA:782,77,2,0
BRDA:790,78,0,0
BRDA:790,78,1,0
BRDA:790,78,2,0
BRDA:794,79,0,0
BRDA:794,79,1,0
BRDA:797,80,0,0
BRDA:797,80,1,0
BRDA:798,81,0,0
BRDA:798,81,1,0
BRF:173
BRH:0
end_of_record
TN:
SF:index.js
FNF:0
FNH:0
DA:4,0
LF:1
LH:0
BRF:0
BRH:0
end_of_record
TN:
SF:jest.mocks.js
FNF:0
FNH:0
DA:5,0
LF:1
LH:0
BRF:0
BRH:0
end_of_record
TN:
SF:metro.config.js
FNF:0
FNH:0
DA:2,0
DA:5,0
DA:8,0
DA:20,0
LF:4
LH:0
BRF:0
BRH:0
end_of_record
TN:
SF:supabaseClient.js
FNF:0
FNH:0
DA:5,0
DA:6,0
DA:7,0
DA:8,0
DA:14,0
DA:15,0
DA:18,0
DA:19,0
DA:26,0
LF:9
LH:0
BRDA:8,0,0,0
BRDA:8,0,1,0
BRDA:14,1,0,0
BRDA:14,1,1,0
BRDA:15,2,0,0
BRDA:15,2,1,0
BRDA:18,3,0,0
BRDA:18,3,1,0
BRDA:18,4,0,0
BRDA:18,4,1,0
BRF:10
BRH:0
end_of_record
TN:
SF:test_edge_function.js
FN:31,(anonymous_0)
FN:57,(anonymous_1)
FN:66,(anonymous_2)
FNF:3
FNH:0
FNDA:0,(anonymous_0)
FNDA:0,(anonymous_1)
FNDA:0,(anonymous_2)
DA:5,0
DA:6,0
DA:8,0
DA:11,0
DA:19,0
DA:20,0
DA:21,0
DA:23,0
DA:32,0
DA:34,0
DA:35,0
DA:36,0
DA:37,0
DA:40,0
DA:42,0
DA:43,0
DA:44,0
DA:45,0
DA:46,0
DA:47,0
DA:48,0
DA:49,0
DA:50,0
DA:51,0
DA:52,0
DA:53,0
DA:55,0
DA:56,0
DA:57,0
DA:58,0
DA:61,0
DA:64,0
DA:67,0
LF:33
LH:0
BRDA:34,0,0,0
BRDA:34,0,1,0
BRDA:55,1,0,0
BRDA:55,1,1,0
BRF:4
BRH:0
end_of_record
TN:
SF:test_supabase_connection.js
FN:29,(anonymous_0)
FN:36,(anonymous_1)
FN:39,(anonymous_2)
FN:47,(anonymous_3)
FN:59,(anonymous_4)
FN:62,(anonymous_5)
FNF:6
FNH:0
FNDA:0,(anonymous_0)
FNDA:0,(anonymous_1)
FNDA:0,(anonymous_2)
FNDA:0,(anonymous_3)
FNDA:0,(anonymous_4)
FNDA:0,(anonymous_5)
DA:8,0
DA:11,0
DA:13,0
DA:16,0
DA:17,0
DA:18,0
DA:19,0
DA:22,0
DA:25,0
DA:26,0
DA:30,0
DA:31,0
DA:33,0
DA:37,0
DA:41,0
DA:42,0
DA:48,0
DA:49,0
DA:51,0
DA:52,0
DA:55,0
DA:60,0
DA:63,0
DA:64,0
LF:24
LH:0
BRDA:30,0,0,0
BRDA:30,0,1,0
BRDA:48,1,0,0
BRDA:48,1,1,0
BRF:4
BRH:0
end_of_record
TN:
SF:backup\App.js
FN:17,ClientsScreen
FN:24,(anonymous_1)
FN:32,(anonymous_2)
FN:36,(anonymous_3)
FN:62,(anonymous_4)
FN:68,(anonymous_5)
FN:76,(anonymous_6)
FN:82,(anonymous_7)
FN:131,(anonymous_8)
FN:140,ProjectsScreen
FN:150,(anonymous_10)
FN:162,(anonymous_11)
FN:170,(anonymous_12)
FN:171,(anonymous_13)
FN:177,(anonymous_14)
FN:221,(anonymous_15)
FN:227,(anonymous_16)
FN:235,(anonymous_17)
FN:244,(anonymous_18)
FN:272,(anonymous_19)
FN:273,(anonymous_20)
FN:281,(anonymous_21)
FN:306,(anonymous_22)
FN:315,App
FN:318,(anonymous_24)
FN:327,(anonymous_25)
FN:335,(anonymous_26)
FN:348,(anonymous_27)
FNF:28
FNH:0
FNDA:0,ClientsScreen
FNDA:0,(anonymous_1)
FNDA:0,(anonymous_2)
FNDA:0,(anonymous_3)
FNDA:0,(anonymous_4)
FNDA:0,(anonymous_5)
FNDA:0,(anonymous_6)
FNDA:0,(anonymous_7)
FNDA:0,(anonymous_8)
FNDA:0,ProjectsScreen
FNDA:0,(anonymous_10)
FNDA:0,(anonymous_11)
FNDA:0,(anonymous_12)
FNDA:0,(anonymous_13)
FNDA:0,(anonymous_14)
FNDA:0,(anonymous_15)
FNDA:0,(anonymous_16)
FNDA:0,(anonymous_17)
FNDA:0,(anonymous_18)
FNDA:0,(anonymous_19)
FNDA:0,(anonymous_20)
FNDA:0,(anonymous_21)
FNDA:0,(anonymous_22)
FNDA:0,App
FNDA:0,(anonymous_24)
FNDA:0,(anonymous_25)
FNDA:0,(anonymous_26)
FNDA:0,(anonymous_27)
DA:18,0
DA:19,0
DA:20,0
DA:21,0
DA:22,0
DA:24,0
DA:25,0
DA:29,0
DA:32,0
DA:33,0
DA:36,0
DA:37,0
DA:38,0
DA:40,0
DA:41,0
DA:42,0
DA:49,0
DA:50,0
DA:51,0
DA:52,0
DA:53,0
DA:54,0
DA:56,0
DA:58,0
DA:62,0
DA:63,0
DA:69,0
DA:70,0
DA:76,0
DA:77,0
DA:82,0
DA:91,0
DA:127,0
DA:131,0
DA:141,0
DA:142,0
DA:143,0
DA:144,0
DA:146,0
DA:147,0
DA:148,0
DA:150,0
DA:151,0
DA:155,0
DA:156,0
DA:157,0
DA:162,0
DA:163,0
DA:167,0
DA:170,0
DA:171,0
DA:172,0
DA:173,0
DA:177,0
DA:178,0
DA:179,0
DA:180,0
DA:182,0
DA:183,0
DA:186,0
DA:196,0
DA:197,0
DA:205,0
DA:208,0
DA:210,0
DA:211,0
DA:212,0
DA:213,0
DA:215,0
DA:217,0
DA:221,0
DA:222,0
DA:228,0
DA:229,0
DA:235,0
DA:236,0
DA:237,0
DA:244,0
DA:254,0
DA:272,0
DA:274,0
DA:281,0
DA:302,0
DA:306,0
DA:316,0
DA:317,0
DA:318,0
DA:319,0
DA:320,0
DA:323,0
DA:327,0
DA:335,0
DA:348,0
DA:362,0
LF:94
LH:0
BRDA:29,0,0,0
BRDA:29,0,1,0
BRDA:29,1,0,0
BRDA:29,1,1,0
BRDA:37,2,0,0
BRDA:37,2,1,0
BRDA:45,3,0,0
BRDA:45,3,1,0
BRDA:46,4,0,0
BRDA:46,4,1,0
BRDA:49,5,0,0
BRDA:49,5,1,0
BRDA:56,6,0,0
BRDA:56,6,1,0
BRDA:70,7,0,0
BRDA:70,7,1,0
BRDA:79,8,0,0
BRDA:79,8,1,0
BRDA:80,9,0,0
BRDA:80,9,1,0
BRDA:115,10,0,0
BRDA:115,10,1,0
BRDA:120,11,0,0
BRDA:120,11,1,0
BRDA:155,12,0,0
BRDA:155,12,1,0
BRDA:156,13,0,0
BRDA:156,13,1,0
BRDA:157,14,0,0
BRDA:157,14,1,0
BRDA:157,15,0,0
BRDA:157,15,1,0
BRDA:157,15,2,0
BRDA:167,16,0,0
BRDA:167,16,1,0
BRDA:167,17,0,0
BRDA:167,17,1,0
BRDA:178,18,0,0
BRDA:178,18,1,0
BRDA:180,19,0,0
BRDA:180,19,1,0
BRDA:189,20,0,0
BRDA:189,20,1,0
BRDA:191,21,0,0
BRDA:191,21,1,0
BRDA:196,22,0,0
BRDA:196,22,1,0
BRDA:196,23,0,0
BRDA:196,23,1,0
BRDA:200,24,0,0
BRDA:200,24,1,0
BRDA:202,25,0,0
BRDA:202,25,1,0
BRDA:208,26,0,0
BRDA:208,26,1,0
BRDA:215,27,0,0
BRDA:215,27,1,0
BRDA:229,28,0,0
BRDA:229,28,1,0
BRDA:236,29,0,0
BRDA:236,29,1,0
BRDA:236,29,2,0
BRDA:240,30,0,0
BRDA:240,30,1,0
BRDA:241,31,0,0
BRDA:241,31,1,0
BRDA:289,32,0,0
BRDA:289,32,1,0
BRDA:294,33,0,0
BRDA:294,33,1,0
BRDA:328,34,0,0
BRDA:328,34,1,0
BRDA:330,35,0,0
BRDA:330,35,1,0
BRDA:336,36,0,0
BRDA:336,36,1,0
BRDA:338,37,0,0
BRDA:338,37,1,0
BRF:78
BRH:0
end_of_record
TN:
SF:backup\VoiceRecorder.js
FN:7,VoiceRecorder
FN:13,(anonymous_1)
FN:14,(anonymous_2)
FN:20,(anonymous_3)
FN:46,(anonymous_4)
FN:89,(anonymous_5)
FNF:6
FNH:0
FNDA:0,VoiceRecorder
FNDA:0,(anonymous_1)
FNDA:0,(anonymous_2)
FNDA:0,(anonymous_3)
FNDA:0,(anonymous_4)
FNDA:0,(anonymous_5)
DA:8,0
DA:9,0
DA:10,0
DA:11,0
DA:13,0
DA:14,0
DA:15,0
DA:16,0
DA:20,0
DA:21,0
DA:22,0
DA:23,0
DA:24,0
DA:25,0
DA:27,0
DA:33,0
DA:34,0
DA:37,0
DA:38,0
DA:39,0
DA:41,0
DA:42,0
DA:46,0
DA:47,0
DA:48,0
DA:49,0
DA:50,0
DA:51,0
DA:52,0
DA:53,0
DA:55,0
DA:57,0
DA:59,0
DA:60,0
DA:62,0
DA:63,0
DA:68,0
DA:71,0
DA:75,0
DA:77,0
DA:79,0
DA:80,0
DA:82,0
DA:87,0
DA:88,0
DA:90,0
DA:91,0
DA:98,0
DA:118,0
LF:49
LH:0
BRDA:22,0,0,0
BRDA:22,0,1,0
BRDA:25,1,0,0
BRDA:25,1,1,0
BRDA:49,2,0,0
BRDA:49,2,1,0
BRDA:55,3,0,0
BRDA:55,3,1,0
BRDA:68,4,0,0
BRDA:68,4,1,0
BRDA:75,5,0,0
BRDA:75,5,1,0
BRDA:80,6,0,0
BRDA:80,6,1,0
BRDA:87,7,0,0
BRDA:87,7,1,0
BRDA:101,8,0,0
BRDA:101,8,1,0
BRDA:102,9,0,0
BRDA:102,9,1,0
BRDA:105,10,0,0
BRDA:105,10,1,0
BRDA:110,11,0,0
BRDA:110,11,1,0
BRDA:112,12,0,0
BRDA:112,12,1,0
BRF:26
BRH:0
end_of_record
TN:
SF:backup\index.js
FNF:0
FNH:0
DA:8,0
LF:1
LH:0
BRF:0
BRH:0
end_of_record
TN:
SF:backup\supabaseClient.js
FNF:0
FNH:0
DA:3,0
DA:5,0
DA:7,0
LF:3
LH:0
BRF:0
BRH:0
end_of_record
TN:
SF:components\ActiveProjectSelector.js
FN:23,ActiveProjectSelector
FN:34,(anonymous_1)
FN:38,(anonymous_2)
FN:74,(anonymous_3)
FN:79,(anonymous_4)
FN:86,(anonymous_5)
FN:94,(anonymous_6)
FN:108,(anonymous_7)
FN:147,(anonymous_8)
FN:153,(anonymous_9)
FN:179,(anonymous_10)
FN:180,(anonymous_11)
FN:183,(anonymous_12)
FN:220,(anonymous_13)
FNF:14
FNH:0
FNDA:0,ActiveProjectSelector
FNDA:0,(anonymous_1)
FNDA:0,(anonymous_2)
FNDA:0,(anonymous_3)
FNDA:0,(anonymous_4)
FNDA:0,(anonymous_5)
FNDA:0,(anonymous_6)
FNDA:0,(anonymous_7)
FNDA:0,(anonymous_8)
FNDA:0,(anonymous_9)
FNDA:0,(anonymous_10)
FNDA:0,(anonymous_11)
FNDA:0,(anonymous_12)
FNDA:0,(anonymous_13)
DA:24,0
DA:25,0
DA:26,0
DA:27,0
DA:28,0
DA:29,0
DA:30,0
DA:32,0
DA:34,0
DA:35,0
DA:38,0
DA:39,0
DA:40,0
DA:42,0
DA:43,0
DA:45,0
DA:61,0
DA:62,0
DA:63,0
DA:66,0
DA:68,0
DA:70,0
DA:74,0
DA:75,0
DA:76,0
DA:79,0
DA:80,0
DA:81,0
DA:82,0
DA:83,0
DA:86,0
DA:87,0
DA:88,0
DA:89,0
DA:96,0
DA:97,0
DA:98,0
DA:101,0
DA:102,0
DA:103,0
DA:104,0
DA:105,0
DA:108,0
DA:109,0
DA:110,0
DA:111,0
DA:112,0
DA:115,0
DA:147,0
DA:153,0
DA:179,0
DA:181,0
DA:183,0
DA:220,0
LF:54
LH:0
BRDA:43,0,0,0
BRDA:43,0,1,0
BRDA:61,1,0,0
BRDA:61,1,1,0
BRDA:66,2,0,0
BRDA:66,2,1,0
BRDA:87,3,0,0
BRDA:87,3,1,0
BRDA:90,4,0,0
BRDA:90,4,1,0
BRDA:90,4,2,0
BRDA:96,5,0,0
BRDA:96,5,1,0
BRDA:97,6,0,0
BRDA:97,6,1,0
BRDA:98,7,0,0
BRDA:98,7,1,0
BRDA:101,8,0,0
BRDA:101,8,1,0
BRDA:101,8,2,0
BRDA:102,9,0,0
BRDA:102,9,1,0
BRDA:102,9,2,0
BRDA:103,10,0,0
BRDA:103,10,1,0
BRDA:103,11,0,0
BRDA:103,11,1,0
BRDA:104,12,0,0
BRDA:104,12,1,0
BRDA:104,13,0,0
BRDA:104,13,1,0
BRDA:109,14,0,0
BRDA:109,14,1,0
BRDA:109,15,0,0
BRDA:109,15,1,0
BRDA:109,15,2,0
BRDA:110,16,0,0
BRDA:110,16,1,0
BRDA:111,17,0,0
BRDA:111,17,1,0
BRDA:127,18,0,0
BRDA:127,18,1,0
BRDA:130,19,0,0
BRDA:130,19,1,0
BRDA:166,20,0,0
BRDA:166,20,1,0
BRDA:170,21,0,0
BRDA:170,21,1,0
BRDA:188,22,0,0
BRDA:188,22,1,0
BRDA:194,23,0,0
BRDA:194,23,1,0
BRDA:199,24,0,0
BRDA:199,24,1,0
BRF:54
BRH:0
end_of_record
TN:
SF:components\Card.js
FN:8,Card
FNF:1
FNH:0
FNDA:0,Card
DA:9,0
DA:10,0
DA:12,0
DA:30,0
LF:4
LH:0
BRDA:10,0,0,0
BRDA:10,0,1,0
BRDA:23,1,0,0
BRDA:23,1,1,0
BRF:4
BRH:0
end_of_record
TN:
SF:components\ClientProjectSelector.js
FN:25,ClientProjectSelector
FN:44,(anonymous_1)
FN:54,(anonymous_2)
FN:80,(anonymous_3)
FN:104,(anonymous_4)
FN:111,(anonymous_5)
FN:117,(anonymous_6)
FN:128,(anonymous_7)
FN:131,(anonymous_8)
FN:137,(anonymous_9)
FN:140,(anonymous_10)
FN:146,(anonymous_11)
FN:153,(anonymous_12)
FN:168,(anonymous_13)
FN:219,(anonymous_14)
FN:220,(anonymous_15)
FN:223,(anonymous_16)
FN:259,(anonymous_17)
FN:260,(anonymous_18)
FN:263,(anonymous_19)
FN:293,(anonymous_20)
FNF:21
FNH:0
FNDA:0,ClientProjectSelector
FNDA:0,(anonymous_1)
FNDA:0,(anonymous_2)
FNDA:0,(anonymous_3)
FNDA:0,(anonymous_4)
FNDA:0,(anonymous_5)
FNDA:0,(anonymous_6)
FNDA:0,(anonymous_7)
FNDA:0,(anonymous_8)
FNDA:0,(anonymous_9)
FNDA:0,(anonymous_10)
FNDA:0,(anonymous_11)
FNDA:0,(anonymous_12)
FNDA:0,(anonymous_13)
FNDA:0,(anonymous_14)
FNDA:0,(anonymous_15)
FNDA:0,(anonymous_16)
FNDA:0,(anonymous_17)
FNDA:0,(anonymous_18)
FNDA:0,(anonymous_19)
FNDA:0,(anonymous_20)
DA:31,0
DA:32,0
DA:34,0
DA:35,0
DA:36,0
DA:37,0
DA:38,0
DA:39,0
DA:40,0
DA:42,0
DA:44,0
DA:45,0
DA:46,0
DA:47,0
DA:48,0
DA:49,0
DA:50,0
DA:54,0
DA:55,0
DA:56,0
DA:58,0
DA:59,0
DA:61,0
DA:67,0
DA:68,0
DA:69,0
DA:72,0
DA:74,0
DA:76,0
DA:80,0
DA:81,0
DA:82,0
DA:84,0
DA:91,0
DA:92,0
DA:93,0
DA:96,0
DA:98,0
DA:100,0
DA:104,0
DA:105,0
DA:106,0
DA:107,0
DA:108,0
DA:111,0
DA:112,0
DA:113,0
DA:114,0
DA:117,0
DA:118,0
DA:119,0
DA:120,0
DA:121,0
DA:122,0
DA:124,0
DA:128,0
DA:129,0
DA:130,0
DA:131,0
DA:132,0
DA:137,0
DA:138,0
DA:139,0
DA:140,0
DA:141,0
DA:146,0
DA:147,0
DA:148,0
DA:149,0
DA:150,0
DA:153,0
DA:154,0
DA:155,0
DA:156,0
DA:157,0
DA:160,0
DA:168,0
DA:219,0
DA:221,0
DA:223,0
DA:259,0
DA:261,0
DA:263,0
DA:293,0
LF:84
LH:0
BRDA:45,0,0,0
BRDA:45,0,1,0
BRDA:59,1,0,0
BRDA:59,1,1,0
BRDA:67,2,0,0
BRDA:67,2,1,0
BRDA:72,3,0,0
BRDA:72,3,1,0
BRDA:91,4,0,0
BRDA:91,4,1,0
BRDA:96,5,0,0
BRDA:96,5,1,0
BRDA:118,6,0,0
BRDA:118,6,1,0
BRDA:129,7,0,0
BRDA:129,7,1,0
BRDA:132,8,0,0
BRDA:132,8,1,0
BRDA:138,9,0,0
BRDA:138,9,1,0
BRDA:141,10,0,0
BRDA:141,10,1,0
BRDA:147,11,0,0
BRDA:147,11,1,0
BRDA:147,12,0,0
BRDA:147,12,1,0
BRDA:147,12,2,0
BRDA:148,13,0,0
BRDA:148,13,1,0
BRDA:149,14,0,0
BRDA:149,14,1,0
BRDA:154,15,0,0
BRDA:154,15,1,0
BRDA:155,16,0,0
BRDA:155,16,1,0
BRDA:155,17,0,0
BRDA:155,17,1,0
BRDA:156,18,0,0
BRDA:156,18,1,0
BRDA:173,19,0,0
BRDA:173,19,1,0
BRDA:180,20,0,0
BRDA:180,20,1,0
BRDA:184,21,0,0
BRDA:184,21,1,0
BRDA:184,21,2,0
BRDA:194,22,0,0
BRDA:194,22,1,0
BRDA:201,23,0,0
BRDA:201,23,1,0
BRDA:206,24,0,0
BRDA:206,24,1,0
BRDA:208,25,0,0
BRDA:208,25,1,0
BRDA:231,26,0,0
BRDA:231,26,1,0
BRDA:236,27,0,0
BRDA:236,27,1,0
BRDA:248,28,0,0
BRDA:248,28,1,0
BRDA:274,29,0,0
BRDA:274,29,1,0
BRF:62
BRH:0
end_of_record
TN:
SF:components\DevisAIGenerator.js
FN:26,DevisAIGenerator
FN:38,(anonymous_1)
FN:70,(anonymous_2)
FN:84,(anonymous_3)
FN:87,(anonymous_4)
FN:100,(anonymous_5)
FN:114,(anonymous_6)
FN:122,(anonymous_7)
FN:147,(anonymous_8)
FN:177,(anonymous_9)
FN:183,(anonymous_10)
FN:209,(anonymous_11)
FN:244,(anonymous_12)
FN:257,(anonymous_13)
FN:271,(anonymous_14)
FN:288,(anonymous_15)
FN:297,(anonymous_16)
FN:320,(anonymous_17)
FN:367,(anonymous_18)
FN:374,(anonymous_19)
FN:384,(anonymous_20)
FN:400,(anonymous_21)
FNF:22
FNH:0
FNDA:0,DevisAIGenerator
FNDA:0,(anonymous_1)
FNDA:0,(anonymous_2)
FNDA:0,(anonymous_3)
FNDA:0,(anonymous_4)
FNDA:0,(anonymous_5)
FNDA:0,(anonymous_6)
FNDA:0,(anonymous_7)
FNDA:0,(anonymous_8)
FNDA:0,(anonymous_9)
FNDA:0,(anonymous_10)
FNDA:0,(anonymous_11)
FNDA:0,(anonymous_12)
FNDA:0,(anonymous_13)
FNDA:0,(anonymous_14)
FNDA:0,(anonymous_15)
FNDA:0,(anonymous_16)
FNDA:0,(anonymous_17)
FNDA:0,(anonymous_18)
FNDA:0,(anonymous_19)
FNDA:0,(anonymous_20)
FNDA:0,(anonymous_21)
DA:27,0
DA:28,0
DA:29,0
DA:30,0
DA:31,0
DA:32,0
DA:33,0
DA:35,0
DA:38,0
DA:39,0
DA:40,0
DA:43,0
DA:49,0
DA:51,0
DA:52,0
DA:53,0
DA:56,0
DA:59,0
DA:60,0
DA:63,0
DA:65,0
DA:66,0
DA:69,0
DA:70,0
DA:71,0
DA:73,0
DA:76,0
DA:77,0
DA:79,0
DA:84,0
DA:85,0
DA:87,0
DA:88,0
DA:89,0
DA:90,0
DA:93,0
DA:94,0
DA:96,0
DA:99,0
DA:100,0
DA:101,0
DA:103,0
DA:106,0
DA:107,0
DA:109,0
DA:114,0
DA:115,0
DA:123,0
DA:124,0
DA:127,0
DA:128,0
DA:130,0
DA:131,0
DA:133,0
DA:136,0
DA:138,0
DA:147,0
DA:148,0
DA:152,0
DA:155,0
DA:177,0
DA:183,0
DA:210,0
DA:245,0
DA:257,0
DA:271,0
DA:288,0
DA:297,0
DA:320,0
DA:367,0
DA:374,0
DA:385,0
DA:400,0
DA:401,0
LF:74
LH:0
BRDA:49,0,0,0
BRDA:49,0,1,0
BRDA:51,1,0,0
BRDA:51,1,1,0
BRDA:51,2,0,0
BRDA:51,2,1,0
BRDA:60,3,0,0
BRDA:60,3,1,0
BRDA:77,4,0,0
BRDA:77,4,1,0
BRDA:88,5,0,0
BRDA:88,5,1,0
BRDA:133,6,0,0
BRDA:133,6,1,0
BRDA:163,7,0,0
BRDA:163,7,1,0
BRDA:189,8,0,0
BRDA:189,8,1,0
BRDA:192,9,0,0
BRDA:192,9,1,0
BRDA:194,10,0,0
BRDA:194,10,1,0
BRDA:199,11,0,0
BRDA:199,11,1,0
BRDA:237,12,0,0
BRDA:237,12,1,0
BRDA:255,13,0,0
BRDA:255,13,1,0
BRDA:259,14,0,0
BRDA:259,14,1,0
BRDA:262,15,0,0
BRDA:262,15,1,0
BRDA:269,16,0,0
BRDA:269,16,1,0
BRDA:273,17,0,0
BRDA:273,17,1,0
BRDA:276,18,0,0
BRDA:276,18,1,0
BRDA:282,19,0,0
BRDA:282,19,1,0
BRDA:287,20,0,0
BRDA:287,20,1,0
BRDA:294,21,0,0
BRDA:294,21,1,0
BRDA:301,22,0,0
BRDA:301,22,1,0
BRDA:307,23,0,0
BRDA:307,23,1,0
BRDA:307,23,2,0
BRDA:330,24,0,0
BRDA:330,24,1,0
BRDA:341,25,0,0
BRDA:341,25,1,0
BRDA:347,26,0,0
BRDA:347,26,1,0
BRDA:363,27,0,0
BRDA:363,27,1,0
BRF:57
BRH:0
end_of_record
TN:
SF:components\EmptyState.js
FN:10,EmptyState
FN:43,(anonymous_1)
FNF:2
FNH:0
FNDA:0,EmptyState
FNDA:0,(anonymous_1)
DA:18,0
DA:19,0
DA:21,0
DA:43,0
LF:4
LH:0
BRDA:11,0,0,0
BRDA:12,1,0,0
BRDA:13,2,0,0
BRDA:16,3,0,0
BRDA:27,4,0,0
BRDA:27,4,1,0
BRDA:29,5,0,0
BRDA:29,5,1,0
BRDA:29,5,2,0
BRF:9
BRH:0
end_of_record
TN:
SF:components\ErrorBoundary.js
FN:8,(anonymous_0)
FN:17,(anonymous_1)
FN:21,(anonymous_2)
FN:41,(anonymous_3)
FN:49,(anonymous_4)
FN:96,(anonymous_5)
FNF:6
FNH:0
FNDA:0,(anonymous_0)
FNDA:0,(anonymous_1)
FNDA:0,(anonymous_2)
FNDA:0,(anonymous_3)
FNDA:0,(anonymous_4)
FNDA:0,(anonymous_5)
DA:9,0
DA:10,0
DA:18,0
DA:23,0
DA:29,0
DA:35,0
DA:41,0
DA:42,0
DA:50,0
DA:51,0
DA:53,0
DA:97,0
DA:98,0
DA:112,0
DA:116,0
LF:15
LH:0
BRDA:50,0,0,0
BRDA:50,0,1,0
BRDA:61,1,0,0
BRDA:61,1,1,0
BRDA:67,2,0,0
BRDA:67,2,1,0
BRDA:67,2,2,0
BRDA:72,3,0,0
BRDA:72,3,1,0
BRDA:93,4,0,0
BRDA:93,4,1,0
BRF:11
BRH:0
end_of_record
TN:
SF:components\LoadingScreen.js
FN:10,LoadingScreen
FN:13,(anonymous_1)
FN:15,(anonymous_2)
FN:33,(anonymous_3)
FN:57,(anonymous_4)
FNF:5
FNH:0
FNDA:0,LoadingScreen
FNDA:0,(anonymous_1)
FNDA:0,(anonymous_2)
FNDA:0,(anonymous_3)
FNDA:0,(anonymous_4)
DA:11,0
DA:12,0
DA:13,0
DA:15,0
DA:16,0
DA:31,0
DA:33,0
DA:34,0
DA:38,0
DA:57,0
LF:10
LH:0
BRDA:10,0,0,0
BRDA:50,1,0,0
BRDA:50,1,1,0
BRF:3
BRH:0
end_of_record
TN:
SF:components\NetworkStatusBar.js
FN:6,NetworkStatusBar
FN:10,(anonymous_1)
FN:12,(anonymous_2)
FN:24,(anonymous_3)
FNF:4
FNH:0
FNDA:0,NetworkStatusBar
FNDA:0,(anonymous_1)
FNDA:0,(anonymous_2)
FNDA:0,(anonymous_3)
DA:7,0
DA:8,0
DA:10,0
DA:12,0
DA:13,0
DA:15,0
DA:17,0
DA:24,0
DA:25,0
DA:34,0
DA:37,0
DA:59,0
LF:12
LH:0
BRDA:15,0,0,0
BRDA:15,0,1,0
BRDA:42,1,0,0
BRDA:42,1,1,0
BRDA:48,2,0,0
BRDA:48,2,1,0
BRDA:53,3,0,0
BRDA:53,3,1,0
BRF:8
BRH:0
end_of_record
TN:
SF:components\OfflineIndicator.js
FN:11,OfflineIndicator
FN:16,(anonymous_1)
FN:55,(anonymous_2)
FNF:3
FNH:0
FNDA:0,OfflineIndicator
FNDA:0,(anonymous_1)
FNDA:0,(anonymous_2)
DA:12,0
DA:13,0
DA:14,0
DA:16,0
DA:17,0
DA:19,0
DA:27,0
DA:36,0
DA:38,0
DA:40,0
DA:55,0
LF:11
LH:0
BRDA:17,0,0,0
BRDA:17,0,1,0
BRDA:36,1,0,0
BRDA:36,1,1,0
BRF:4
BRH:0
end_of_record
TN:
SF:components\PrimaryButton.js
FN:8,PrimaryButton
FNF:1
FNH:0
FNDA:0,PrimaryButton
DA:16,0
DA:18,0
DA:43,0
LF:3
LH:0
BRDA:11,0,0,0
BRDA:12,1,0,0
BRDA:23,2,0,0
BRDA:23,2,1,0
BRDA:24,3,0,0
BRDA:24,3,1,0
BRDA:24,4,0,0
BRDA:24,4,1,0
BRDA:29,5,0,0
BRDA:29,5,1,0
BRDA:32,6,0,0
BRDA:32,6,1,0
BRF:12
BRH:0
end_of_record
TN:
SF:components\RefreshableList.js
FN:10,RefreshableList
FNF:1
FNH:0
FNDA:0,RefreshableList
DA:16,0
DA:18,0
LF:2
LH:0
BRDA:11,0,0,0
BRDA:25,1,0,0
BRDA:25,1,1,0
BRDA:26,2,0,0
BRDA:26,2,1,0
BRF:5
BRH:0
end_of_record
TN:
SF:components\RefreshableScrollView.js
FN:10,RefreshableScrollView
FNF:1
FNH:0
FNDA:0,RefreshableScrollView
DA:17,0
DA:19,0
LF:2
LH:0
BRDA:11,0,0,0
BRDA:26,1,0,0
BRDA:26,1,1,0
BRDA:27,2,0,0
BRDA:27,2,1,0
BRF:5
BRH:0
end_of_record
TN:
SF:components\SecondaryButton.js
FN:8,SecondaryButton
FNF:1
FNH:0
FNDA:0,SecondaryButton
DA:16,0
DA:18,0
DA:44,0
LF:3
LH:0
BRDA:11,0,0,0
BRDA:12,1,0,0
BRDA:25,2,0,0
BRDA:25,2,1,0
BRDA:25,3,0,0
BRDA:25,3,1,0
BRDA:30,4,0,0
BRDA:30,4,1,0
BRDA:33,5,0,0
BRDA:33,5,1,0
BRF:10
BRH:0
end_of_record
TN:
SF:components\SplashScreen.js
FN:12,SplashScreen
FN:14,(anonymous_1)
FN:24,(anonymous_2)
FN:74,(anonymous_3)
FN:131,(anonymous_4)
FNF:5
FNH:0
FNDA:0,SplashScreen
FNDA:0,(anonymous_1)
FNDA:0,(anonymous_2)
FNDA:0,(anonymous_3)
FNDA:0,(anonymous_4)
DA:6,0
DA:13,0
DA:14,0
DA:17,0
DA:18,0
DA:19,0
DA:20,0
DA:21,0
DA:22,0
DA:24,0
DA:26,0
DA:76,0
DA:80,0
DA:131,0
LF:14
LH:0
BRDA:76,0,0,0
BRDA:76,0,1,0
BRF:2
BRH:0
end_of_record
TN:
SF:components\Tag.js
FN:8,Tag
FN:16,(anonymous_1)
FNF:2
FNH:0
FNDA:0,Tag
FNDA:0,(anonymous_1)
DA:14,0
DA:16,0
DA:17,0
DA:19,0
DA:25,0
DA:31,0
DA:37,0
DA:43,0
DA:51,0
DA:53,0
DA:77,0
LF:11
LH:0
BRDA:10,0,0,0
BRDA:17,1,0,0
BRDA:17,1,1,0
BRDA:17,1,2,0
BRDA:17,1,3,0
BRDA:17,1,4,0
BRF:6
BRH:0
end_of_record
TN:
SF:components\Toast.js
FN:9,(anonymous_0)
FN:26,(anonymous_1)
FN:33,(anonymous_2)
FN:40,(anonymous_3)
FN:47,(anonymous_4)
FNF:5
FNH:0
FNDA:0,(anonymous_0)
FNDA:0,(anonymous_1)
FNDA:0,(anonymous_2)
FNDA:0,(anonymous_3)
FNDA:0,(anonymous_4)
DA:9,0
DA:10,0
DA:14,0
DA:15,0
DA:19,0
DA:26,0
DA:27,0
DA:33,0
DA:34,0
DA:40,0
DA:41,0
DA:47,0
DA:48,0
LF:13
LH:0
BRDA:9,0,0,0
BRDA:9,1,0,0
BRDA:10,2,0,0
BRDA:10,2,1,0
BRDA:14,3,0,0
BRDA:14,3,1,0
BRDA:26,4,0,0
BRDA:33,5,0,0
BRDA:40,6,0,0
BRDA:47,7,0,0
BRF:10
BRH:0
end_of_record
TN:
SF:components\VoiceRecorder_fixed.js
FN:23,VoiceRecorder
FN:43,(anonymous_1)
FN:231,(anonymous_2)
FN:283,(anonymous_3)
FN:319,(anonymous_4)
FNF:5
FNH:0
FNDA:0,VoiceRecorder
FNDA:0,(anonymous_1)
FNDA:0,(anonymous_2)
FNDA:0,(anonymous_3)
FNDA:0,(anonymous_4)
DA:25,0
DA:27,0
DA:29,0
DA:31,0
DA:33,0
DA:35,0
DA:43,0
DA:45,0
DA:47,0
DA:49,0
DA:55,0
DA:57,0
DA:61,0
DA:65,0
DA:67,0
DA:69,0
DA:75,0
DA:77,0
DA:79,0
DA:81,0
DA:87,0
DA:89,0
DA:91,0
DA:93,0
DA:99,0
DA:101,0
DA:103,0
DA:109,0
DA:133,0
DA:145,0
DA:149,0
DA:159,0
DA:169,0
DA:173,0
DA:175,0
DA:179,0
DA:183,0
DA:201,0
DA:207,0
DA:221,0
DA:223,0
DA:225,0
DA:231,0
DA:237,0
DA:243,0
DA:245,0
DA:261,0
DA:263,0
DA:277,0
DA:283,0
DA:285,0
DA:287,0
DA:289,0
DA:291,0
DA:293,0
DA:295,0
DA:303,0
DA:305,0
DA:307,0
DA:309,0
DA:319,0
DA:321,0
DA:357,0
DA:361,0
DA:403,0
LF:65
LH:0
BRDA:45,0,0,0
BRDA:45,0,1,0
BRDA:145,1,0,0
BRDA:145,1,1,0
BRDA:159,2,0,0
BRDA:159,2,1,0
BRDA:159,2,2,0
BRDA:159,2,3,0
BRDA:159,2,4,0
BRDA:159,2,5,0
BRDA:159,2,6,0
BRDA:173,3,0,0
BRDA:173,3,1,0
BRDA:185,4,0,0
BRDA:185,4,1,0
BRDA:187,5,0,0
BRDA:187,5,1,0
BRDA:189,6,0,0
BRDA:189,6,1,0
BRDA:191,7,0,0
BRDA:191,7,1,0
BRDA:193,8,0,0
BRDA:193,8,1,0
BRDA:221,9,0,0
BRDA:221,9,1,0
BRDA:261,10,0,0
BRDA:261,10,1,0
BRDA:267,11,0,0
BRDA:267,11,1,0
BRDA:357,12,0,0
BRDA:357,12,1,0
BRDA:415,13,0,0
BRDA:415,13,1,0
BRDA:421,14,0,0
BRDA:421,14,1,0
BRDA:421,14,2,0
BRF:36
BRH:0
end_of_record
TN:
SF:components\WeatherBadge.js
FN:10,WeatherBadge
FN:48,(anonymous_1)
FNF:2
FNH:0
FNDA:0,WeatherBadge
FNDA:0,(anonymous_1)
DA:11,0
DA:12,0
DA:14,0
DA:15,0
DA:22,0
DA:23,0
DA:30,0
DA:32,0
DA:48,0
LF:9
LH:0
BRDA:14,0,0,0
BRDA:14,0,1,0
BRDA:22,1,0,0
BRDA:22,1,1,0
BRDA:22,2,0,0
BRDA:22,2,1,0
BRDA:41,3,0,0
BRDA:41,3,1,0
BRF:8
BRH:0
end_of_record
TN:
SF:components\skeletons\SkeletonCard.js
FN:8,SkeletonCard
FN:16,(anonymous_1)
FN:34,(anonymous_2)
FN:54,SkeletonLine
FN:73,SkeletonCircle
FN:89,(anonymous_5)
FNF:6
FNH:0
FNDA:0,SkeletonCard
FNDA:0,(anonymous_1)
FNDA:0,(anonymous_2)
FNDA:0,SkeletonLine
FNDA:0,SkeletonCircle
FNDA:0,(anonymous_5)
DA:13,0
DA:14,0
DA:16,0
DA:17,0
DA:32,0
DA:34,0
DA:37,0
DA:42,0
DA:44,0
DA:55,0
DA:57,0
DA:74,0
DA:76,0
DA:89,0
LF:14
LH:0
BRDA:9,0,0,0
BRDA:10,1,0,0
BRDA:54,2,0,0
BRDA:54,3,0,0
BRDA:54,4,0,0
BRDA:73,5,0,0
BRDA:73,6,0,0
BRF:7
BRH:0
end_of_record
TN:
SF:components\skeletons\SkeletonList.js
FN:8,SkeletonClientList
FN:11,(anonymous_1)
FN:31,SkeletonProjectList
FN:34,(anonymous_3)
FN:57,SkeletonPhotoGrid
FN:60,(anonymous_5)
FN:72,SkeletonForm
FN:87,SkeletonDetail
FNF:8
FNH:0
FNDA:0,SkeletonClientList
FNDA:0,(anonymous_1)
FNDA:0,SkeletonProjectList
FNDA:0,(anonymous_3)
FNDA:0,SkeletonPhotoGrid
FNDA:0,(anonymous_5)
FNDA:0,SkeletonForm
FNDA:0,SkeletonDetail
DA:9,0
DA:12,0
DA:32,0
DA:35,0
DA:58,0
DA:61,0
DA:73,0
DA:88,0
DA:116,0
LF:9
LH:0
BRDA:8,0,0,0
BRDA:31,1,0,0
BRDA:57,2,0,0
BRF:3
BRH:0
end_of_record
TN:
SF:components\skeletons\index.js
FNF:0
FNH:0
LF:0
LH:0
BRF:0
BRH:0
end_of_record
TN:
SF:config\openai.js
FNF:0
FNH:0
DA:4,0
LF:1
LH:0
BRF:0
BRH:0
end_of_record
TN:
SF:config\sentry.example.js
FNF:0
FNH:0
DA:6,0
LF:1
LH:0
BRDA:8,0,0,0
BRDA:8,0,1,0
BRF:2
BRH:0
end_of_record
TN:
SF:config\sentry.js
FNF:0
FNH:0
DA:4,0
LF:1
LH:0
BRDA:6,0,0,0
BRDA:6,0,1,0
BRF:2
BRH:0
end_of_record
TN:
SF:config\supabase.example.js
FNF:0
FNH:0
DA:6,0
LF:1
LH:0
BRF:0
BRH:0
end_of_record
TN:
SF:config\supabase.js
FNF:0
FNH:0
DA:5,0
LF:1
LH:0
BRF:0
BRH:0
end_of_record
TN:
SF:hooks\useNotifications.js
FN:12,useNotifications
FN:16,(anonymous_1)
FN:18,(anonymous_2)
FN:25,(anonymous_3)
FN:34,(anonymous_4)
FN:39,(anonymous_5)
FN:58,handleNotificationResponse
FNF:7
FNH:0
FNDA:0,useNotifications
FNDA:0,(anonymous_1)
FNDA:0,(anonymous_2)
FNDA:0,(anonymous_3)
FNDA:0,(anonymous_4)
FNDA:0,(anonymous_5)
FNDA:0,handleNotificationResponse
DA:13,0
DA:14,0
DA:16,0
DA:18,0
DA:19,0
DA:20,0
DA:25,0
DA:26,0
DA:27,0
DA:32,0
DA:35,0
DA:36,0
DA:40,0
DA:42,0
DA:46,0
DA:49,0
DA:59,0
DA:61,0
DA:64,0
DA:65,0
DA:68,0
DA:69,0
DA:72,0
DA:73,0
DA:76,0
DA:77,0
DA:79,0
LF:27
LH:0
BRDA:19,0,0,0
BRDA:19,0,1,0
BRDA:26,1,0,0
BRDA:26,1,1,0
BRDA:61,2,0,0
BRDA:61,2,1,0
BRDA:61,2,2,0
BRDA:61,2,3,0
BRDA:61,2,4,0
BRF:9
BRH:0
end_of_record
TN:
SF:hooks\usePagination.js
FN:10,usePagination
FN:21,(anonymous_1)
FN:47,(anonymous_2)
FN:72,(anonymous_3)
FN:87,(anonymous_4)
FN:89,(anonymous_5)
FN:104,(anonymous_6)
FNF:7
FNH:0
FNDA:0,usePagination
FNDA:0,(anonymous_1)
FNDA:0,(anonymous_2)
FNDA:0,(anonymous_3)
FNDA:0,(anonymous_4)
FNDA:0,(anonymous_5)
FNDA:0,(anonymous_6)
DA:11,0
DA:12,0
DA:13,0
DA:14,0
DA:15,0
DA:16,0
DA:21,0
DA:22,0
DA:23,0
DA:24,0
DA:25,0
DA:27,0
DA:29,0
DA:31,0
DA:32,0
DA:33,0
DA:35,0
DA:37,0
DA:38,0
DA:40,0
DA:47,0
DA:48,0
DA:49,0
DA:50,0
DA:52,0
DA:54,0
DA:56,0
DA:57,0
DA:58,0
DA:60,0
DA:62,0
DA:63,0
DA:65,0
DA:72,0
DA:73,0
DA:75,0
DA:76,0
DA:77,0
DA:79,0
DA:81,0
DA:83,0
DA:84,0
DA:85,0
DA:87,0
DA:88,0
DA:89,0
DA:91,0
DA:94,0
DA:95,0
DA:97,0
DA:104,0
DA:105,0
DA:106,0
DA:107,0
DA:108,0
DA:109,0
DA:110,0
DA:113,0
LF:58
LH:0
BRDA:10,0,0,0
BRDA:73,1,0,0
BRDA:73,1,1,0
BRDA:73,2,0,0
BRDA:73,2,1,0
BRDA:83,3,0,0
BRDA:83,3,1,0
BRF:7
BRH:0
end_of_record
TN:
SF:hooks\useValidation.js
FN:9,useValidation
FN:17,(anonymous_1)
FN:35,(anonymous_2)
FN:44,(anonymous_3)
FN:51,(anonymous_4)
FN:62,(anonymous_5)
FN:69,(anonymous_6)
FN:70,(anonymous_7)
FN:79,(anonymous_8)
FN:86,(anonymous_9)
FNF:10
FNH:0
FNDA:0,useValidation
FNDA:0,(anonymous_1)
FNDA:0,(anonymous_2)
FNDA:0,(anonymous_3)
FNDA:0,(anonymous_4)
FNDA:0,(anonymous_5)
FNDA:0,(anonymous_6)
FNDA:0,(anonymous_7)
FNDA:0,(anonymous_8)
FNDA:0,(anonymous_9)
DA:10,0
DA:17,0
DA:18,0
DA:20,0
DA:21,0
DA:22,0
DA:24,0
DA:25,0
DA:35,0
DA:36,0
DA:38,0
DA:39,0
DA:42,0
DA:43,0
DA:44,0
DA:45,0
DA:46,0
DA:47,0
DA:49,0
DA:51,0
DA:55,0
DA:62,0
DA:63,0
DA:69,0
DA:70,0
DA:79,0
DA:80,0
DA:86,0
DA:87,0
DA:90,0
LF:30
LH:0
BRDA:20,0,0,0
BRDA:20,0,1,0
BRDA:38,1,0,0
BRDA:38,1,1,0
BRDA:53,2,0,0
BRDA:53,2,1,0
BRF:6
BRH:0
end_of_record
TN:
SF:hooks\useWeather.js
FN:12,useWeather
FN:17,(anonymous_1)
FN:20,(anonymous_2)
FN:60,(anonymous_3)
FN:101,(anonymous_4)
FNF:5
FNH:0
FNDA:0,useWeather
FNDA:0,(anonymous_1)
FNDA:0,(anonymous_2)
FNDA:0,(anonymous_3)
FNDA:0,(anonymous_4)
DA:13,0
DA:14,0
DA:15,0
DA:17,0
DA:18,0
DA:20,0
DA:21,0
DA:22,0
DA:23,0
DA:26,0
DA:27,0
DA:28,0
DA:29,0
DA:30,0
DA:32,0
DA:36,0
DA:43,0
DA:45,0
DA:46,0
DA:48,0
DA:54,0
DA:56,0
DA:57,0
DA:58,0
DA:60,0
DA:61,0
DA:63,0
DA:67,0
DA:68,0
DA:69,0
DA:70,0
DA:72,0
DA:73,0
DA:77,0
DA:78,0
DA:80,0
DA:81,0
DA:82,0
DA:83,0
DA:85,0
DA:86,0
DA:88,0
DA:91,0
DA:92,0
DA:93,0
DA:94,0
DA:99,0
DA:101,0
DA:102,0
DA:106,0
LF:50
LH:0
BRDA:27,0,0,0
BRDA:27,0,1,0
BRDA:28,1,0,0
BRDA:28,1,1,0
BRDA:43,2,0,0
BRDA:43,2,1,0
BRDA:45,3,0,0
BRDA:45,3,1,0
BRDA:56,4,0,0
BRDA:56,4,1,0
BRDA:56,5,0,0
BRDA:56,5,1,0
BRDA:58,6,0,0
BRDA:58,6,1,0
BRDA:58,7,0,0
BRDA:58,7,1,0
BRDA:61,8,0,0
BRDA:61,8,1,0
BRDA:67,9,0,0
BRDA:67,9,1,0
BRDA:68,10,0,0
BRDA:68,10,1,0
BRDA:80,11,0,0
BRDA:80,11,1,0
BRDA:81,12,0,0
BRDA:81,12,1,0
BRDA:92,13,0,0
BRDA:92,13,1,0
BRF:28
BRH:0
end_of_record
TN:
SF:navigation\AppNavigator.js
FN:36,ClientsStackNavigator
FN:53,CaptureStackNavigator
FN:68,ProStackNavigator
FN:89,AnimatedTabIcon
FN:92,(anonymous_4)
FN:118,TabNavigator
FN:147,(anonymous_6)
FN:157,(anonymous_7)
FN:167,(anonymous_8)
FN:177,(anonymous_9)
FN:188,AppNavigator
FNF:11
FNH:0
FNDA:0,ClientsStackNavigator
FNDA:0,CaptureStackNavigator
FNDA:0,ProStackNavigator
FNDA:0,AnimatedTabIcon
FNDA:0,(anonymous_4)
FNDA:0,TabNavigator
FNDA:0,(anonymous_6)
FNDA:0,(anonymous_7)
FNDA:0,(anonymous_8)
FNDA:0,(anonymous_9)
FNDA:0,AppNavigator
DA:23,0
DA:24,0
DA:25,0
DA:26,0
DA:27,0
DA:30,0
DA:31,0
DA:32,0
DA:33,0
DA:37,0
DA:54,0
DA:69,0
DA:90,0
DA:92,0
DA:93,0
DA:94,0
DA:101,0
DA:110,0
DA:119,0
DA:120,0
DA:122,0
DA:148,0
DA:158,0
DA:168,0
DA:178,0
DA:186,0
DA:189,0
LF:27
LH:0
BRDA:25,0,0,0
BRDA:25,0,1,0
BRDA:78,1,0,0
BRDA:78,1,1,0
BRDA:78,1,2,0
BRDA:81,2,0,0
BRDA:81,2,1,0
BRDA:81,2,2,0
BRDA:90,3,0,0
BRDA:90,3,1,0
BRDA:93,4,0,0
BRDA:93,4,1,0
BRF:12
BRH:0
end_of_record
TN:
SF:screens\AuthScreen.js
FN:20,AuthScreen
FN:28,(anonymous_1)
FN:30,(anonymous_2)
FN:63,(anonymous_3)
FN:104,(anonymous_4)
FN:203,(anonymous_5)
FN:223,(anonymous_6)
FNF:7
FNH:0
FNDA:0,AuthScreen
FNDA:0,(anonymous_1)
FNDA:0,(anonymous_2)
FNDA:0,(anonymous_3)
FNDA:0,(anonymous_4)
FNDA:0,(anonymous_5)
FNDA:0,(anonymous_6)
DA:21,0
DA:22,0
DA:23,0
DA:24,0
DA:25,0
DA:26,0
DA:28,0
DA:30,0
DA:32,0
DA:33,0
DA:34,0
DA:38,0
DA:39,0
DA:40,0
DA:41,0
DA:44,0
DA:45,0
DA:46,0
DA:49,0
DA:50,0
DA:52,0
DA:54,0
DA:56,0
DA:58,0
DA:59,0
DA:63,0
DA:66,0
DA:68,0
DA:71,0
DA:73,0
DA:78,0
DA:80,0
DA:85,0
DA:87,0
DA:89,0
DA:90,0
DA:95,0
DA:98,0
DA:99,0
DA:104,0
DA:107,0
DA:110,0
DA:118,0
DA:121,0
DA:123,0
DA:124,0
DA:125,0
DA:126,0
DA:129,0
DA:131,0
DA:135,0
DA:204,0
DA:205,0
DA:206,0
DA:223,0
LF:55
LH:0
BRDA:32,0,0,0
BRDA:32,0,1,0
BRDA:32,1,0,0
BRDA:32,1,1,0
BRDA:39,2,0,0
BRDA:39,2,1,0
BRDA:44,3,0,0
BRDA:44,3,1,0
BRDA:52,4,0,0
BRDA:52,4,1,0
BRDA:56,5,0,0
BRDA:56,5,1,0
BRDA:58,6,0,0
BRDA:58,6,1,0
BRDA:58,7,0,0
BRDA:58,7,1,0
BRDA:71,8,0,0
BRDA:71,8,1,0
BRDA:71,9,0,0
BRDA:71,9,1,0
BRDA:78,10,0,0
BRDA:78,10,1,0
BRDA:87,11,0,0
BRDA:87,11,1,0
BRDA:89,12,0,0
BRDA:89,12,1,0
BRDA:98,13,0,0
BRDA:98,13,1,0
BRDA:98,14,0,0
BRDA:98,14,1,0
BRDA:121,15,0,0
BRDA:121,15,1,0
BRDA:123,16,0,0
BRDA:123,16,1,0
BRDA:123,17,0,0
BRDA:123,17,1,0
BRDA:125,18,0,0
BRDA:125,18,1,0
BRDA:138,19,0,0
BRDA:138,19,1,0
BRDA:156,20,0,0
BRDA:156,20,1,0
BRDA:187,21,0,0
BRDA:187,21,1,0
BRDA:192,22,0,0
BRDA:192,22,1,0
BRDA:196,23,0,0
BRDA:196,23,1,0
BRDA:211,24,0,0
BRDA:211,24,1,0
BRDA:250,25,0,0
BRDA:250,25,1,0
BRF:52
BRH:0
end_of_record
TN:
SF:screens\CaptureHubScreen.js
FN:35,CaptureHubScreen
FN:68,(anonymous_1)
FN:70,(anonymous_2)
FN:74,(anonymous_3)
FN:79,(anonymous_4)
FN:84,(anonymous_5)
FN:102,(anonymous_6)
FN:121,(anonymous_7)
FN:141,(anonymous_8)
FN:146,(anonymous_9)
FN:159,(anonymous_10)
FN:198,(anonymous_11)
FN:228,(anonymous_12)
FN:234,(anonymous_13)
FN:247,(anonymous_14)
FN:266,(anonymous_15)
FN:286,(anonymous_16)
FN:304,(anonymous_17)
FN:313,(anonymous_18)
FN:314,(anonymous_19)
FN:326,(anonymous_20)
FN:383,(anonymous_21)
FN:433,(anonymous_22)
FN:441,(anonymous_23)
FN:446,(anonymous_24)
FN:456,(anonymous_25)
FN:470,(anonymous_26)
FN:480,(anonymous_27)
FN:503,(anonymous_28)
FN:563,(anonymous_29)
FN:572,(anonymous_30)
FN:599,(anonymous_31)
FN:600,(anonymous_32)
FN:601,(anonymous_33)
FN:603,(anonymous_34)
FN:625,(anonymous_35)
FN:626,(anonymous_36)
FN:627,(anonymous_37)
FN:629,(anonymous_38)
FN:651,(anonymous_39)
FN:652,(anonymous_40)
FN:653,(anonymous_41)
FN:655,(anonymous_42)
FN:710,(anonymous_43)
FN:719,(anonymous_44)
FN:729,(anonymous_45)
FN:743,(anonymous_46)
FN:803,(anonymous_47)
FN:834,(anonymous_48)
FN:892,(anonymous_49)
FN:901,(anonymous_50)
FN:920,(anonymous_51)
FN:936,(anonymous_52)
FN:950,(anonymous_53)
FN:958,(anonymous_54)
FN:972,(anonymous_55)
FN:977,(anonymous_56)
FN:988,(anonymous_57)
FN:1010,(anonymous_58)
FN:1018,(anonymous_59)
FN:1026,(anonymous_60)
FN:1037,(anonymous_61)
FN:1048,(anonymous_62)
FN:1060,(anonymous_63)
FN:1068,(anonymous_64)
FN:1072,(anonymous_65)
FN:1077,(anonymous_66)
FN:1091,(anonymous_67)
FNF:68
FNH:0
FNDA:0,CaptureHubScreen
FNDA:0,(anonymous_1)
FNDA:0,(anonymous_2)
FNDA:0,(anonymous_3)
FNDA:0,(anonymous_4)
FNDA:0,(anonymous_5)
FNDA:0,(anonymous_6)
FNDA:0,(anonymous_7)
FNDA:0,(anonymous_8)
FNDA:0,(anonymous_9)
FNDA:0,(anonymous_10)
FNDA:0,(anonymous_11)
FNDA:0,(anonymous_12)
FNDA:0,(anonymous_13)
FNDA:0,(anonymous_14)
FNDA:0,(anonymous_15)
FNDA:0,(anonymous_16)
FNDA:0,(anonymous_17)
FNDA:0,(anonymous_18)
FNDA:0,(anonymous_19)
FNDA:0,(anonymous_20)
FNDA:0,(anonymous_21)
FNDA:0,(anonymous_22)
FNDA:0,(anonymous_23)
FNDA:0,(anonymous_24)
FNDA:0,(anonymous_25)
FNDA:0,(anonymous_26)
FNDA:0,(anonymous_27)
FNDA:0,(anonymous_28)
FNDA:0,(anonymous_29)
FNDA:0,(anonymous_30)
FNDA:0,(anonymous_31)
FNDA:0,(anonymous_32)
FNDA:0,(anonymous_33)
FNDA:0,(anonymous_34)
FNDA:0,(anonymous_35)
FNDA:0,(anonymous_36)
FNDA:0,(anonymous_37)
FNDA:0,(anonymous_38)
FNDA:0,(anonymous_39)
FNDA:0,(anonymous_40)
FNDA:0,(anonymous_41)
FNDA:0,(anonymous_42)
FNDA:0,(anonymous_43)
FNDA:0,(anonymous_44)
FNDA:0,(anonymous_45)
FNDA:0,(anonymous_46)
FNDA:0,(anonymous_47)
FNDA:0,(anonymous_48)
FNDA:0,(anonymous_49)
FNDA:0,(anonymous_50)
FNDA:0,(anonymous_51)
FNDA:0,(anonymous_52)
FNDA:0,(anonymous_53)
FNDA:0,(anonymous_54)
FNDA:0,(anonymous_55)
FNDA:0,(anonymous_56)
FNDA:0,(anonymous_57)
FNDA:0,(anonymous_58)
FNDA:0,(anonymous_59)
FNDA:0,(anonymous_60)
FNDA:0,(anonymous_61)
FNDA:0,(anonymous_62)
FNDA:0,(anonymous_63)
FNDA:0,(anonymous_64)
FNDA:0,(anonymous_65)
FNDA:0,(anonymous_66)
FNDA:0,(anonymous_67)
DA:36,0
DA:37,0
DA:38,0
DA:39,0
DA:40,0
DA:41,0
DA:42,0
DA:43,0
DA:44,0
DA:45,0
DA:46,0
DA:49,0
DA:50,0
DA:51,0
DA:52,0
DA:53,0
DA:56,0
DA:57,0
DA:58,0
DA:59,0
DA:62,0
DA:65,0
DA:66,0
DA:68,0
DA:70,0
DA:71,0
DA:74,0
DA:75,0
DA:76,0
DA:78,0
DA:79,0
DA:84,0
DA:85,0
DA:86,0
DA:91,0
DA:92,0
DA:93,0
DA:94,0
DA:96,0
DA:98,0
DA:102,0
DA:103,0
DA:104,0
DA:111,0
DA:112,0
DA:113,0
DA:115,0
DA:117,0
DA:121,0
DA:123,0
DA:124,0
DA:125,0
DA:126,0
DA:130,0
DA:131,0
DA:132,0
DA:133,0
DA:134,0
DA:135,0
DA:136,0
DA:141,0
DA:142,0
DA:143,0
DA:146,0
DA:147,0
DA:148,0
DA:149,0
DA:150,0
DA:151,0
DA:152,0
DA:159,0
DA:160,0
DA:162,0
DA:163,0
DA:164,0
DA:165,0
DA:166,0
DA:169,0
DA:174,0
DA:175,0
DA:176,0
DA:180,0
DA:185,0
DA:186,0
DA:187,0
DA:188,0
DA:190,0
DA:191,0
DA:193,0
DA:198,0
DA:199,0
DA:200,0
DA:201,0
DA:202,0
DA:203,0
DA:206,0
DA:211,0
DA:212,0
DA:213,0
DA:214,0
DA:218,0
DA:223,0
DA:224,0
DA:228,0
DA:229,0
DA:230,0
DA:231,0
DA:234,0
DA:235,0
DA:236,0
DA:238,0
DA:239,0
DA:240,0
DA:241,0
DA:243,0
DA:244,0
DA:247,0
DA:248,0
DA:250,0
DA:251,0
DA:252,0
DA:254,0
DA:256,0
DA:258,0
DA:259,0
DA:261,0
DA:266,0
DA:267,0
DA:269,0
DA:270,0
DA:271,0
DA:272,0
DA:273,0
DA:276,0
DA:281,0
DA:282,0
DA:286,0
DA:287,0
DA:288,0
DA:289,0
DA:290,0
DA:291,0
DA:294,0
DA:299,0
DA:300,0
DA:304,0
DA:305,0
DA:306,0
DA:307,0
DA:308,0
DA:309,0
DA:310,0
DA:313,0
DA:314,0
DA:318,0
DA:320,0
DA:321,0
DA:326,0
DA:327,0
DA:329,0
DA:331,0
DA:332,0
DA:333,0
DA:336,0
DA:337,0
DA:339,0
DA:340,0
DA:341,0
DA:344,0
DA:345,0
DA:353,0
DA:354,0
DA:355,0
DA:356,0
DA:358,0
DA:359,0
DA:361,0
DA:365,0
DA:370,0
DA:371,0
DA:374,0
DA:375,0
DA:376,0
DA:377,0
DA:383,0
DA:384,0
DA:385,0
DA:386,0
DA:389,0
DA:392,0
DA:393,0
DA:394,0
DA:396,0
DA:397,0
DA:399,0
DA:407,0
DA:408,0
DA:410,0
DA:411,0
DA:412,0
DA:414,0
DA:415,0
DA:417,0
DA:421,0
DA:425,0
DA:426,0
DA:428,0
DA:429,0
DA:433,0
DA:434,0
DA:435,0
DA:436,0
DA:441,0
DA:446,0
DA:447,0
DA:456,0
DA:470,0
DA:471,0
DA:480,0
DA:495,0
DA:496,0
DA:497,0
DA:498,0
DA:499,0
DA:500,0
DA:503,0
DA:504,0
DA:551,0
DA:552,0
DA:553,0
DA:554,0
DA:555,0
DA:556,0
DA:559,0
DA:563,0
DA:564,0
DA:572,0
DA:573,0
DA:581,0
DA:599,0
DA:600,0
DA:601,0
DA:603,0
DA:625,0
DA:626,0
DA:627,0
DA:629,0
DA:651,0
DA:652,0
DA:653,0
DA:655,0
DA:710,0
DA:719,0
DA:729,0
DA:744,0
DA:745,0
DA:804,0
DA:805,0
DA:835,0
DA:836,0
DA:893,0
DA:894,0
DA:897,0
DA:898,0
DA:899,0
DA:901,0
DA:902,0
DA:903,0
DA:904,0
DA:905,0
DA:921,0
DA:922,0
DA:923,0
DA:924,0
DA:937,0
DA:938,0
DA:939,0
DA:950,0
DA:958,0
DA:972,0
DA:977,0
DA:988,0
DA:1010,0
DA:1018,0
DA:1026,0
DA:1037,0
DA:1048,0
DA:1060,0
DA:1068,0
DA:1072,0
DA:1077,0
DA:1091,0
LF:292
LH:0
BRDA:75,0,0,0
BRDA:75,0,1,0
BRDA:78,1,0,0
BRDA:78,1,1,0
BRDA:91,2,0,0
BRDA:91,2,1,0
BRDA:96,3,0,0
BRDA:96,3,1,0
BRDA:111,4,0,0
BRDA:111,4,1,0
BRDA:115,5,0,0
BRDA:115,5,1,0
BRDA:123,6,0,0
BRDA:123,6,1,0
BRDA:130,7,0,0
BRDA:130,7,1,0
BRDA:132,8,0,0
BRDA:132,8,1,0
BRDA:134,9,0,0
BRDA:134,9,1,0
BRDA:147,10,0,0
BRDA:147,10,1,0
BRDA:149,11,0,0
BRDA:149,11,1,0
BRDA:151,12,0,0
BRDA:151,12,1,0
BRDA:160,13,0,0
BRDA:160,13,1,0
BRDA:163,14,0,0
BRDA:163,14,1,0
BRDA:174,15,0,0
BRDA:174,15,1,0
BRDA:191,16,0,0
BRDA:191,16,1,0
BRDA:200,17,0,0
BRDA:200,17,1,0
BRDA:211,18,0,0
BRDA:211,18,1,0
BRDA:235,19,0,0
BRDA:235,19,1,0
BRDA:248,20,0,0
BRDA:248,20,1,0
BRDA:259,21,0,0
BRDA:259,21,1,0
BRDA:267,22,0,0
BRDA:267,22,1,0
BRDA:270,23,0,0
BRDA:270,23,1,0
BRDA:288,24,0,0
BRDA:288,24,1,0
BRDA:327,25,0,0
BRDA:327,25,1,0
BRDA:331,26,0,0
BRDA:331,26,1,0
BRDA:344,27,0,0
BRDA:344,27,1,0
BRDA:359,28,0,0
BRDA:359,28,1,0
BRDA:384,29,0,0
BRDA:384,29,1,0
BRDA:392,30,0,0
BRDA:392,30,1,0
BRDA:397,31,0,0
BRDA:397,31,1,0
BRDA:408,32,0,0
BRDA:408,32,1,0
BRDA:415,33,0,0
BRDA:415,33,1,0
BRDA:451,34,0,0
BRDA:451,34,1,0
BRDA:462,35,0,0
BRDA:462,35,1,0
BRDA:475,36,0,0
BRDA:475,36,1,0
BRDA:486,37,0,0
BRDA:486,37,1,0
BRDA:604,38,0,0
BRDA:604,38,1,0
BRDA:630,39,0,0
BRDA:630,39,1,0
BRDA:656,40,0,0
BRDA:656,40,1,0
BRDA:679,41,0,0
BRDA:679,41,1,0
BRDA:679,41,2,0
BRDA:696,42,0,0
BRDA:696,42,1,0
BRDA:701,43,0,0
BRDA:701,43,1,0
BRDA:707,44,0,0
BRDA:707,44,1,0
BRDA:750,45,0,0
BRDA:750,45,1,0
BRDA:751,46,0,0
BRDA:751,46,1,0
BRDA:794,47,0,0
BRDA:794,47,1,0
BRDA:835,48,0,0
BRDA:835,48,1,0
BRDA:848,49,0,0
BRDA:848,49,1,0
BRDA:893,50,0,0
BRDA:893,50,1,0
BRDA:897,51,0,0
BRDA:897,51,1,0
BRDA:921,52,0,0
BRDA:921,52,1,0
BRDA:937,53,0,0
BRDA:937,53,1,0
BRDA:944,54,0,0
BRDA:944,54,1,0
BRDA:958,55,0,0
BRF:112
BRH:0
end_of_record
TN:
SF:screens\ClientDetailScreen.js
FN:18,ClientDetailScreen
FN:25,(anonymous_1)
FN:27,(anonymous_2)
FN:73,(anonymous_3)
FN:78,(anonymous_4)
FN:87,(anonymous_5)
FN:113,(anonymous_6)
FN:131,(anonymous_7)
FN:165,(anonymous_8)
FN:166,(anonymous_9)
FN:173,(anonymous_10)
FN:187,(anonymous_11)
FN:193,(anonymous_12)
FN:194,(anonymous_13)
FN:233,(anonymous_14)
FNF:15
FNH:0
FNDA:0,ClientDetailScreen
FNDA:0,(anonymous_1)
FNDA:0,(anonymous_2)
FNDA:0,(anonymous_3)
FNDA:0,(anonymous_4)
FNDA:0,(anonymous_5)
FNDA:0,(anonymous_6)
FNDA:0,(anonymous_7)
FNDA:0,(anonymous_8)
FNDA:0,(anonymous_9)
FNDA:0,(anonymous_10)
FNDA:0,(anonymous_11)
FNDA:0,(anonymous_12)
FNDA:0,(anonymous_13)
FNDA:0,(anonymous_14)
DA:19,0
DA:20,0
DA:21,0
DA:22,0
DA:23,0
DA:25,0
DA:27,0
DA:28,0
DA:29,0
DA:35,0
DA:37,0
DA:38,0
DA:39,0
DA:40,0
DA:42,0
DA:43,0
DA:44,0
DA:46,0
DA:47,0
DA:48,0
DA:51,0
DA:58,0
DA:59,0
DA:60,0
DA:61,0
DA:63,0
DA:65,0
DA:66,0
DA:72,0
DA:74,0
DA:78,0
DA:79,0
DA:88,0
DA:89,0
DA:97,0
DA:98,0
DA:99,0
DA:102,0
DA:103,0
DA:105,0
DA:113,0
DA:114,0
DA:116,0
DA:118,0
DA:120,0
DA:122,0
DA:126,0
DA:131,0
DA:165,0
DA:167,0
DA:175,0
DA:178,0
DA:188,0
DA:189,0
DA:193,0
DA:194,0
DA:233,0
LF:57
LH:0
BRDA:35,0,0,0
BRDA:35,0,1,0
BRDA:37,1,0,0
BRDA:37,1,1,0
BRDA:46,2,0,0
BRDA:46,2,1,0
BRDA:58,3,0,0
BRDA:58,3,1,0
BRDA:63,4,0,0
BRDA:63,4,1,0
BRDA:97,5,0,0
BRDA:97,5,1,0
BRDA:114,6,0,0
BRDA:114,6,1,0
BRDA:114,6,2,0
BRDA:114,6,3,0
BRDA:141,7,0,0
BRDA:141,7,1,0
BRDA:142,8,0,0
BRDA:142,8,1,0
BRDA:148,9,0,0
BRDA:148,9,1,0
BRDA:154,10,0,0
BRDA:154,10,1,0
BRDA:188,11,0,0
BRDA:188,11,1,0
BRDA:206,12,0,0
BRDA:206,12,1,0
BRDA:216,13,0,0
BRDA:216,13,1,0
BRF:30
BRH:0
end_of_record
TN:
SF:screens\ClientsListScreen.js
FN:24,ClientsListScreen
FN:37,(anonymous_1)
FN:39,(anonymous_2)
FN:67,(anonymous_3)
FN:71,(anonymous_4)
FN:134,(anonymous_5)
FN:143,(anonymous_6)
FN:163,(anonymous_7)
FN:293,(anonymous_8)
FN:297,(anonymous_9)
FN:325,(anonymous_10)
FN:345,(anonymous_11)
FNF:12
FNH:0
FNDA:0,ClientsListScreen
FNDA:0,(anonymous_1)
FNDA:0,(anonymous_2)
FNDA:0,(anonymous_3)
FNDA:0,(anonymous_4)
FNDA:0,(anonymous_5)
FNDA:0,(anonymous_6)
FNDA:0,(anonymous_7)
FNDA:0,(anonymous_8)
FNDA:0,(anonymous_9)
FNDA:0,(anonymous_10)
FNDA:0,(anonymous_11)
DA:25,0
DA:26,0
DA:27,0
DA:28,0
DA:29,0
DA:30,0
DA:31,0
DA:32,0
DA:33,0
DA:34,0
DA:35,0
DA:37,0
DA:39,0
DA:40,0
DA:41,0
DA:42,0
DA:43,0
DA:44,0
DA:47,0
DA:49,0
DA:54,0
DA:55,0
DA:56,0
DA:57,0
DA:59,0
DA:60,0
DA:62,0
DA:63,0
DA:67,0
DA:68,0
DA:71,0
DA:72,0
DA:74,0
DA:75,0
DA:76,0
DA:78,0
DA:79,0
DA:80,0
DA:82,0
DA:83,0
DA:84,0
DA:85,0
DA:88,0
DA:89,0
DA:90,0
DA:91,0
DA:92,0
DA:93,0
DA:96,0
DA:98,0
DA:107,0
DA:109,0
DA:110,0
DA:111,0
DA:112,0
DA:115,0
DA:117,0
DA:118,0
DA:119,0
DA:120,0
DA:121,0
DA:122,0
DA:124,0
DA:125,0
DA:127,0
DA:128,0
DA:130,0
DA:134,0
DA:135,0
DA:144,0
DA:145,0
DA:146,0
DA:147,0
DA:148,0
DA:149,0
DA:151,0
DA:152,0
DA:154,0
DA:155,0
DA:163,0
DA:164,0
DA:165,0
DA:172,0
DA:294,0
DA:297,0
DA:326,0
DA:327,0
DA:345,0
LF:88
LH:0
BRDA:42,0,0,0
BRDA:42,0,1,0
BRDA:54,1,0,0
BRDA:54,1,1,0
BRDA:59,2,0,0
BRDA:59,2,1,0
BRDA:60,3,0,0
BRDA:60,3,1,0
BRDA:74,4,0,0
BRDA:74,4,1,0
BRDA:78,5,0,0
BRDA:78,5,1,0
BRDA:83,6,0,0
BRDA:83,6,1,0
BRDA:83,7,0,0
BRDA:83,7,1,0
BRDA:91,8,0,0
BRDA:91,8,1,0
BRDA:100,9,0,0
BRDA:100,9,1,0
BRDA:101,10,0,0
BRDA:101,10,1,0
BRDA:103,11,0,0
BRDA:103,11,1,0
BRDA:104,12,0,0
BRDA:104,12,1,0
BRDA:110,13,0,0
BRDA:110,13,1,0
BRDA:128,14,0,0
BRDA:128,14,1,0
BRDA:146,15,0,0
BRDA:146,15,1,0
BRDA:166,16,0,0
BRDA:166,16,1,0
BRDA:166,16,2,0
BRDA:166,16,3,0
BRDA:166,16,4,0
BRDA:182,17,0,0
BRDA:182,17,1,0
BRDA:260,18,0,0
BRDA:260,18,1,0
BRDA:264,19,0,0
BRDA:264,19,1,0
BRDA:286,20,0,0
BRDA:286,20,1,0
BRDA:290,21,0,0
BRDA:290,21,1,0
BRDA:305,22,0,0
BRDA:305,22,1,0
BRDA:311,23,0,0
BRDA:311,23,1,0
BRDA:317,24,0,0
BRDA:317,24,1,0
BRF:53
BRH:0
end_of_record
TN:
SF:screens\DashboardScreen.js
FN:24,DashboardScreen
FN:37,(anonymous_1)
FN:49,(anonymous_2)
FN:115,(anonymous_3)
FN:141,(anonymous_4)
FN:142,(anonymous_5)
FN:206,(anonymous_6)
FN:211,(anonymous_7)
FN:256,(anonymous_8)
FN:270,(anonymous_9)
FN:286,(anonymous_10)
FN:305,(anonymous_11)
FN:317,(anonymous_12)
FN:351,(anonymous_13)
FN:365,(anonymous_14)
FN:370,(anonymous_15)
FN:374,(anonymous_16)
FN:379,(anonymous_17)
FN:414,(anonymous_18)
FN:424,(anonymous_19)
FN:428,(anonymous_20)
FN:431,(anonymous_21)
FN:467,StatCard
FN:472,(anonymous_23)
FN:482,(anonymous_24)
FN:492,(anonymous_25)
FN:535,(anonymous_26)
FNF:27
FNH:0
FNDA:0,DashboardScreen
FNDA:0,(anonymous_1)
FNDA:0,(anonymous_2)
FNDA:0,(anonymous_3)
FNDA:0,(anonymous_4)
FNDA:0,(anonymous_5)
FNDA:0,(anonymous_6)
FNDA:0,(anonymous_7)
FNDA:0,(anonymous_8)
FNDA:0,(anonymous_9)
FNDA:0,(anonymous_10)
FNDA:0,(anonymous_11)
FNDA:0,(anonymous_12)
FNDA:0,(anonymous_13)
FNDA:0,(anonymous_14)
FNDA:0,(anonymous_15)
FNDA:0,(anonymous_16)
FNDA:0,(anonymous_17)
FNDA:0,(anonymous_18)
FNDA:0,(anonymous_19)
FNDA:0,(anonymous_20)
FNDA:0,(anonymous_21)
FNDA:0,StatCard
FNDA:0,(anonymous_23)
FNDA:0,(anonymous_24)
FNDA:0,(anonymous_25)
FNDA:0,(anonymous_26)
DA:25,0
DA:26,0
DA:27,0
DA:28,0
DA:34,0
DA:35,0
DA:37,0
DA:40,0
DA:41,0
DA:42,0
DA:43,0
DA:44,0
DA:45,0
DA:46,0
DA:47,0
DA:49,0
DA:51,0
DA:112,0
DA:115,0
DA:116,0
DA:117,0
DA:120,0
DA:121,0
DA:122,0
DA:123,0
DA:124,0
DA:128,0
DA:136,0
DA:137,0
DA:141,0
DA:142,0
DA:145,0
DA:152,0
DA:153,0
DA:157,0
DA:164,0
DA:165,0
DA:168,0
DA:175,0
DA:176,0
DA:179,0
DA:186,0
DA:187,0
DA:189,0
DA:195,0
DA:197,0
DA:199,0
DA:205,0
DA:207,0
DA:211,0
DA:212,0
DA:214,0
DA:216,0
DA:218,0
DA:220,0
DA:224,0
DA:225,0
DA:235,0
DA:258,0
DA:272,0
DA:288,0
DA:289,0
DA:292,0
DA:307,0
DA:319,0
DA:320,0
DA:323,0
DA:325,0
DA:326,0
DA:327,0
DA:330,0
DA:337,0
DA:351,0
DA:365,0
DA:370,0
DA:375,0
DA:376,0
DA:380,0
DA:381,0
DA:414,0
DA:424,0
DA:429,0
DA:433,0
DA:434,0
DA:439,0
DA:440,0
DA:443,0
DA:446,0
DA:468,0
DA:469,0
DA:470,0
DA:472,0
DA:473,0
DA:475,0
DA:477,0
DA:478,0
DA:482,0
DA:483,0
DA:484,0
DA:492,0
DA:493,0
DA:494,0
DA:502,0
DA:535,0
LF:104
LH:0
BRDA:121,0,0,0
BRDA:121,0,1,0
BRDA:136,1,0,0
BRDA:136,1,1,0
BRDA:141,2,0,0
BRDA:141,2,1,0
BRDA:141,3,0,0
BRDA:141,3,1,0
BRDA:142,4,0,0
BRDA:142,4,1,0
BRDA:152,5,0,0
BRDA:152,5,1,0
BRDA:164,6,0,0
BRDA:164,6,1,0
BRDA:175,7,0,0
BRDA:175,7,1,0
BRDA:182,8,0,0
BRDA:182,8,1,0
BRDA:183,9,0,0
BRDA:183,9,1,0
BRDA:183,10,0,0
BRDA:183,10,1,0
BRDA:186,11,0,0
BRDA:186,11,1,0
BRDA:187,12,0,0
BRDA:187,12,1,0
BRDA:192,13,0,0
BRDA:192,13,1,0
BRDA:193,14,0,0
BRDA:193,14,1,0
BRDA:193,15,0,0
BRDA:193,15,1,0
BRDA:212,16,0,0
BRDA:212,16,1,0
BRDA:212,16,2,0
BRDA:212,16,3,0
BRDA:224,17,0,0
BRDA:224,17,1,0
BRDA:288,18,0,0
BRDA:288,18,1,0
BRDA:319,19,0,0
BRDA:319,19,1,0
BRDA:325,20,0,0
BRDA:325,20,1,0
BRDA:359,21,0,0
BRDA:359,21,1,0
BRDA:408,22,0,0
BRDA:408,22,1,0
BRDA:439,23,0,0
BRDA:439,23,1,0
BRDA:473,24,0,0
BRDA:473,24,1,0
BRDA:477,25,0,0
BRDA:477,25,1,0
BRDA:483,26,0,0
BRDA:483,26,1,0
BRDA:493,27,0,0
BRDA:493,27,1,0
BRDA:522,28,0,0
BRDA:522,28,1,0
BRF:60
BRH:0
end_of_record
TN:
SF:screens\DebugLogsScreen.js
FN:18,DebugLogsScreen
FN:26,(anonymous_1)
FN:28,(anonymous_2)
FN:32,(anonymous_3)
FN:34,(anonymous_4)
FN:38,(anonymous_5)
FN:42,(anonymous_6)
FN:55,(anonymous_7)
FN:64,(anonymous_8)
FN:74,(anonymous_9)
FN:101,(anonymous_10)
FN:110,(anonymous_11)
FN:125,(anonymous_12)
FN:172,(anonymous_13)
FN:183,(anonymous_14)
FN:214,(anonymous_15)
FNF:16
FNH:0
FNDA:0,DebugLogsScreen
FNDA:0,(anonymous_1)
FNDA:0,(anonymous_2)
FNDA:0,(anonymous_3)
FNDA:0,(anonymous_4)
FNDA:0,(anonymous_5)
FNDA:0,(anonymous_6)
FNDA:0,(anonymous_7)
FNDA:0,(anonymous_8)
FNDA:0,(anonymous_9)
FNDA:0,(anonymous_10)
FNDA:0,(anonymous_11)
FNDA:0,(anonymous_12)
FNDA:0,(anonymous_13)
FNDA:0,(anonymous_14)
FNDA:0,(anonymous_15)
DA:19,0
DA:20,0
DA:21,0
DA:22,0
DA:23,0
DA:24,0
DA:26,0
DA:28,0
DA:29,0
DA:32,0
DA:33,0
DA:34,0
DA:35,0
DA:38,0
DA:42,0
DA:43,0
DA:44,0
DA:45,0
DA:46,0
DA:48,0
DA:49,0
DA:51,0
DA:55,0
DA:56,0
DA:65,0
DA:66,0
DA:67,0
DA:74,0
DA:75,0
DA:76,0
DA:78,0
DA:79,0
DA:80,0
DA:83,0
DA:84,0
DA:85,0
DA:90,0
DA:93,0
DA:94,0
DA:98,0
DA:101,0
DA:105,0
DA:110,0
DA:125,0
DA:172,0
DA:184,0
DA:214,0
LF:47
LH:0
BRDA:33,0,0,0
BRDA:33,0,1,0
BRDA:78,1,0,0
BRDA:78,1,1,0
BRDA:78,2,0,0
BRDA:78,2,1,0
BRDA:84,3,0,0
BRDA:84,3,1,0
BRDA:98,4,0,0
BRDA:98,4,1,0
BRDA:124,5,0,0
BRDA:124,5,1,0
BRDA:131,6,0,0
BRDA:131,6,1,0
BRDA:171,7,0,0
BRDA:171,7,1,0
BRDA:184,8,0,0
BRDA:184,8,1,0
BRDA:190,9,0,0
BRDA:190,9,1,0
BRDA:195,10,0,0
BRDA:195,10,1,0
BRDA:198,11,0,0
BRDA:198,11,1,0
BRF:24
BRH:0
end_of_record
TN:
SF:screens\DevisAIConversationalScreen.js
FN:24,DevisAIConversationalScreen
FN:38,(anonymous_1)
FN:42,(anonymous_2)
FN:55,(anonymous_3)
FN:69,(anonymous_4)
FN:72,(anonymous_5)
FN:88,(anonymous_6)
FN:101,(anonymous_7)
FN:119,(anonymous_8)
FN:132,(anonymous_9)
FN:140,(anonymous_10)
FN:175,(anonymous_11)
FN:204,(anonymous_12)
FN:244,(anonymous_13)
FN:254,(anonymous_14)
FN:305,(anonymous_15)
FNF:16
FNH:0
FNDA:0,DevisAIConversationalScreen
FNDA:0,(anonymous_1)
FNDA:0,(anonymous_2)
FNDA:0,(anonymous_3)
FNDA:0,(anonymous_4)
FNDA:0,(anonymous_5)
FNDA:0,(anonymous_6)
FNDA:0,(anonymous_7)
FNDA:0,(anonymous_8)
FNDA:0,(anonymous_9)
FNDA:0,(anonymous_10)
FNDA:0,(anonymous_11)
FNDA:0,(anonymous_12)
FNDA:0,(anonymous_13)
FNDA:0,(anonymous_14)
FNDA:0,(anonymous_15)
DA:25,0
DA:26,0
DA:29,0
DA:30,0
DA:31,0
DA:32,0
DA:33,0
DA:34,0
DA:35,0
DA:38,0
DA:39,0
DA:42,0
DA:43,0
DA:44,0
DA:45,0
DA:47,0
DA:48,0
DA:49,0
DA:50,0
DA:51,0
DA:54,0
DA:55,0
DA:56,0
DA:58,0
DA:61,0
DA:62,0
DA:63,0
DA:65,0
DA:69,0
DA:70,0
DA:72,0
DA:73,0
DA:74,0
DA:75,0
DA:78,0
DA:79,0
DA:81,0
DA:82,0
DA:83,0
DA:84,0
DA:87,0
DA:88,0
DA:89,0
DA:91,0
DA:94,0
DA:95,0
DA:97,0
DA:101,0
DA:102,0
DA:103,0
DA:106,0
DA:107,0
DA:111,0
DA:113,0
DA:119,0
DA:125,0
DA:126,0
DA:128,0
DA:132,0
DA:133,0
DA:141,0
DA:142,0
DA:143,0
DA:144,0
DA:145,0
DA:146,0
DA:148,0
DA:150,0
DA:158,0
DA:160,0
DA:161,0
DA:171,0
DA:175,0
DA:205,0
DA:245,0
DA:254,0
DA:305,0
DA:306,0
LF:78
LH:0
BRDA:73,0,0,0
BRDA:73,0,1,0
BRDA:106,1,0,0
BRDA:106,1,1,0
BRDA:160,2,0,0
BRDA:160,2,1,0
BRDA:160,3,0,0
BRDA:160,3,1,0
BRDA:184,4,0,0
BRDA:184,4,1,0
BRDA:186,5,0,0
BRDA:186,5,1,0
BRDA:191,6,0,0
BRDA:191,6,1,0
BRDA:196,7,0,0
BRDA:196,7,1,0
BRDA:234,8,0,0
BRDA:234,8,1,0
BRDA:253,9,0,0
BRDA:253,9,1,0
BRDA:273,10,0,0
BRDA:273,10,1,0
BRDA:284,11,0,0
BRDA:284,11,1,0
BRDA:290,12,0,0
BRDA:290,12,1,0
BRF:26
BRH:0
end_of_record
TN:
SF:screens\DocumentsScreen.js
FN:19,DocumentsScreen
FN:28,(anonymous_1)
FN:30,(anonymous_2)
FN:34,(anonymous_3)
FN:51,(anonymous_4)
FN:62,(anonymous_5)
FN:70,(anonymous_6)
FN:81,(anonymous_7)
FN:82,(anonymous_8)
FN:83,(anonymous_9)
FN:95,(anonymous_10)
FN:119,(anonymous_11)
FN:128,(anonymous_12)
FN:171,(anonymous_13)
FN:179,(anonymous_14)
FN:195,(anonymous_15)
FN:216,(anonymous_16)
FN:237,(anonymous_17)
FN:263,(anonymous_18)
FN:312,(anonymous_19)
FN:320,(anonymous_20)
FN:339,(anonymous_21)
FNF:22
FNH:0
FNDA:0,DocumentsScreen
FNDA:0,(anonymous_1)
FNDA:0,(anonymous_2)
FNDA:0,(anonymous_3)
FNDA:0,(anonymous_4)
FNDA:0,(anonymous_5)
FNDA:0,(anonymous_6)
FNDA:0,(anonymous_7)
FNDA:0,(anonymous_8)
FNDA:0,(anonymous_9)
FNDA:0,(anonymous_10)
FNDA:0,(anonymous_11)
FNDA:0,(anonymous_12)
FNDA:0,(anonymous_13)
FNDA:0,(anonymous_14)
FNDA:0,(anonymous_15)
FNDA:0,(anonymous_16)
FNDA:0,(anonymous_17)
FNDA:0,(anonymous_18)
FNDA:0,(anonymous_19)
FNDA:0,(anonymous_20)
FNDA:0,(anonymous_21)
DA:20,0
DA:21,0
DA:22,0
DA:23,0
DA:24,0
DA:25,0
DA:26,0
DA:28,0
DA:30,0
DA:31,0
DA:34,0
DA:35,0
DA:36,0
DA:37,0
DA:38,0
DA:39,0
DA:40,0
DA:41,0
DA:43,0
DA:46,0
DA:48,0
DA:51,0
DA:52,0
DA:53,0
DA:55,0
DA:56,0
DA:61,0
DA:62,0
DA:63,0
DA:64,0
DA:69,0
DA:70,0
DA:72,0
DA:77,0
DA:78,0
DA:80,0
DA:81,0
DA:82,0
DA:83,0
DA:85,0
DA:88,0
DA:89,0
DA:91,0
DA:95,0
DA:96,0
DA:97,0
DA:98,0
DA:101,0
DA:102,0
DA:103,0
DA:104,0
DA:106,0
DA:107,0
DA:108,0
DA:110,0
DA:114,0
DA:115,0
DA:119,0
DA:120,0
DA:129,0
DA:130,0
DA:131,0
DA:132,0
DA:133,0
DA:134,0
DA:136,0
DA:137,0
DA:145,0
DA:146,0
DA:156,0
DA:171,0
DA:179,0
DA:195,0
DA:216,0
DA:237,0
DA:264,0
DA:265,0
DA:266,0
DA:267,0
DA:269,0
DA:312,0
DA:320,0
DA:339,0
LF:83
LH:0
BRDA:36,0,0,0
BRDA:36,0,1,0
BRDA:39,1,0,0
BRDA:39,1,1,0
BRDA:40,2,0,0
BRDA:40,2,1,0
BRDA:55,3,0,0
BRDA:55,3,1,0
BRDA:61,4,0,0
BRDA:61,4,1,0
BRDA:62,5,0,0
BRDA:62,5,1,0
BRDA:63,6,0,0
BRDA:63,6,1,0
BRDA:69,7,0,0
BRDA:69,7,1,0
BRDA:70,8,0,0
BRDA:70,8,1,0
BRDA:77,9,0,0
BRDA:77,9,1,0
BRDA:78,10,0,0
BRDA:78,10,1,0
BRDA:81,11,0,0
BRDA:81,11,1,0
BRDA:82,12,0,0
BRDA:82,12,1,0
BRDA:96,13,0,0
BRDA:96,13,1,0
BRDA:103,14,0,0
BRDA:103,14,1,0
BRDA:107,15,0,0
BRDA:107,15,1,0
BRDA:130,16,0,0
BRDA:130,16,1,0
BRDA:132,17,0,0
BRDA:132,17,1,0
BRDA:145,18,0,0
BRDA:145,18,1,0
BRDA:168,19,0,0
BRDA:168,19,1,0
BRDA:193,20,0,0
BRDA:193,20,1,0
BRDA:201,21,0,0
BRDA:201,21,1,0
BRDA:206,22,0,0
BRDA:206,22,1,0
BRDA:214,23,0,0
BRDA:214,23,1,0
BRDA:222,24,0,0
BRDA:222,24,1,0
BRDA:227,25,0,0
BRDA:227,25,1,0
BRDA:235,26,0,0
BRDA:235,26,1,0
BRDA:243,27,0,0
BRDA:243,27,1,0
BRDA:248,28,0,0
BRDA:248,28,1,0
BRDA:256,29,0,0
BRDA:256,29,1,0
BRDA:265,30,0,0
BRDA:265,30,1,0
BRDA:266,31,0,0
BRDA:266,31,1,0
BRDA:267,32,0,0
BRDA:267,32,1,0
BRDA:270,33,0,0
BRDA:270,33,1,0
BRDA:276,34,0,0
BRDA:276,34,1,0
BRDA:292,35,0,0
BRDA:292,35,1,0
BRDA:298,36,0,0
BRDA:298,36,1,0
BRDA:299,37,0,0
BRDA:299,37,1,0
BRDA:303,38,0,0
BRDA:303,38,1,0
BRDA:304,39,0,0
BRDA:304,39,1,0
BRDA:306,40,0,0
BRDA:306,40,1,0
BRDA:309,41,0,0
BRDA:309,41,1,0
BRF:84
BRH:0
end_of_record
TN:
SF:screens\OnboardingScreen.js
FN:43,OnboardingScreen
FN:50,(anonymous_1)
FN:52,(anonymous_2)
FN:65,(anonymous_3)
FN:69,(anonymous_4)
FN:83,(anonymous_5)
FN:91,(anonymous_6)
FN:154,(anonymous_7)
FN:159,(anonymous_8)
FN:175,(anonymous_9)
FN:211,(anonymous_10)
FN:215,(anonymous_11)
FN:219,(anonymous_12)
FN:231,(anonymous_13)
FN:244,(anonymous_14)
FNF:15
FNH:0
FNDA:0,OnboardingScreen
FNDA:0,(anonymous_1)
FNDA:0,(anonymous_2)
FNDA:0,(anonymous_3)
FNDA:0,(anonymous_4)
FNDA:0,(anonymous_5)
FNDA:0,(anonymous_6)
FNDA:0,(anonymous_7)
FNDA:0,(anonymous_8)
FNDA:0,(anonymous_9)
FNDA:0,(anonymous_10)
FNDA:0,(anonymous_11)
FNDA:0,(anonymous_12)
FNDA:0,(anonymous_13)
FNDA:0,(anonymous_14)
DA:16,0
DA:18,0
DA:44,0
DA:45,0
DA:46,0
DA:47,0
DA:48,0
DA:50,0
DA:52,0
DA:53,0
DA:54,0
DA:55,0
DA:56,0
DA:61,0
DA:65,0
DA:66,0
DA:69,0
DA:70,0
DA:71,0
DA:72,0
DA:74,0
DA:75,0
DA:79,0
DA:84,0
DA:85,0
DA:86,0
DA:91,0
DA:92,0
DA:98,0
DA:104,0
DA:110,0
DA:133,0
DA:154,0
DA:160,0
DA:176,0
DA:177,0
DA:178,0
DA:211,0
DA:212,0
DA:213,0
DA:215,0
DA:216,0
DA:219,0
DA:220,0
DA:221,0
DA:222,0
DA:224,0
DA:225,0
DA:227,0
DA:231,0
DA:232,0
DA:233,0
DA:234,0
DA:236,0
DA:240,0
DA:244,0
LF:56
LH:0
BRDA:53,0,0,0
BRDA:53,0,1,0
BRDA:124,1,0,0
BRDA:124,1,1,0
BRDA:164,2,0,0
BRDA:164,2,1,0
BRDA:172,3,0,0
BRDA:172,3,1,0
BRDA:199,4,0,0
BRDA:199,4,1,0
BRDA:201,5,0,0
BRDA:201,5,1,0
BRF:12
BRH:0
end_of_record
TN:
SF:screens\PhotoGalleryScreen.js
FN:28,PhotoGalleryScreen
FN:36,(anonymous_1)
FN:38,(anonymous_2)
FN:42,(anonymous_3)
FN:74,(anonymous_4)
FN:79,(anonymous_5)
FN:80,(anonymous_6)
FN:100,(anonymous_7)
FN:108,(anonymous_8)
FN:122,(anonymous_9)
FN:136,(anonymous_10)
FN:138,(anonymous_11)
FN:141,(anonymous_12)
FN:161,(anonymous_13)
FN:167,(anonymous_14)
FN:175,(anonymous_15)
FN:188,(anonymous_16)
FNF:17
FNH:0
FNDA:0,PhotoGalleryScreen
FNDA:0,(anonymous_1)
FNDA:0,(anonymous_2)
FNDA:0,(anonymous_3)
FNDA:0,(anonymous_4)
FNDA:0,(anonymous_5)
FNDA:0,(anonymous_6)
FNDA:0,(anonymous_7)
FNDA:0,(anonymous_8)
FNDA:0,(anonymous_9)
FNDA:0,(anonymous_10)
FNDA:0,(anonymous_11)
FNDA:0,(anonymous_12)
FNDA:0,(anonymous_13)
FNDA:0,(anonymous_14)
FNDA:0,(anonymous_15)
FNDA:0,(anonymous_16)
DA:21,0
DA:22,0
DA:29,0
DA:30,0
DA:31,0
DA:32,0
DA:33,0
DA:34,0
DA:36,0
DA:38,0
DA:39,0
DA:42,0
DA:43,0
DA:44,0
DA:45,0
DA:46,0
DA:47,0
DA:48,0
DA:49,0
DA:53,0
DA:59,0
DA:60,0
DA:61,0
DA:62,0
DA:65,0
DA:66,0
DA:68,0
DA:70,0
DA:74,0
DA:75,0
DA:76,0
DA:79,0
DA:80,0
DA:85,0
DA:86,0
DA:96,0
DA:100,0
DA:108,0
DA:122,0
DA:136,0
DA:139,0
DA:141,0
DA:161,0
DA:168,0
DA:175,0
DA:188,0
LF:46
LH:0
BRDA:46,0,0,0
BRDA:46,0,1,0
BRDA:59,1,0,0
BRDA:59,1,1,0
BRDA:65,2,0,0
BRDA:65,2,1,0
BRDA:66,3,0,0
BRDA:66,3,1,0
BRDA:85,4,0,0
BRDA:85,4,1,0
BRDA:116,5,0,0
BRDA:116,5,1,0
BRDA:129,6,0,0
BRDA:129,6,1,0
BRF:14
BRH:0
end_of_record
TN:
SF:screens\ProDashboardScreen.js
FN:14,ProDashboardScreen
FN:24,(anonymous_1)
FN:28,(anonymous_2)
FN:68,(anonymous_3)
FN:94,(anonymous_4)
FN:122,(anonymous_5)
FNF:6
FNH:0
FNDA:0,ProDashboardScreen
FNDA:0,(anonymous_1)
FNDA:0,(anonymous_2)
FNDA:0,(anonymous_3)
FNDA:0,(anonymous_4)
FNDA:0,(anonymous_5)
DA:15,0
DA:16,0
DA:17,0
DA:24,0
DA:25,0
DA:28,0
DA:29,0
DA:30,0
DA:33,0
DA:38,0
DA:39,0
DA:43,0
DA:48,0
DA:49,0
DA:53,0
DA:54,0
DA:55,0
DA:57,0
DA:64,0
DA:65,0
DA:68,0
DA:71,0
DA:76,0
DA:77,0
DA:80,0
DA:87,0
DA:88,0
DA:90,0
DA:94,0
DA:95,0
DA:102,0
DA:103,0
DA:111,0
DA:122,0
DA:178,0
LF:35
LH:0
BRDA:38,0,0,0
BRDA:38,0,1,0
BRDA:48,1,0,0
BRDA:48,1,1,0
BRDA:64,2,0,0
BRDA:64,2,1,0
BRDA:68,3,0,0
BRDA:68,3,1,0
BRDA:68,4,0,0
BRDA:68,4,1,0
BRDA:76,5,0,0
BRDA:76,5,1,0
BRDA:81,6,0,0
BRDA:81,6,1,0
BRDA:82,7,0,0
BRDA:82,7,1,0
BRDA:84,8,0,0
BRDA:84,8,1,0
BRDA:102,9,0,0
BRDA:102,9,1,0
BRDA:159,10,0,0
BRDA:159,10,1,0
BRDA:160,11,0,0
BRDA:160,11,1,0
BRDA:164,12,0,0
BRDA:164,12,1,0
BRDA:165,13,0,0
BRDA:165,13,1,0
BRDA:165,14,0,0
BRDA:165,14,1,0
BRDA:165,15,0,0
BRDA:165,15,1,0
BRF:32
BRH:0
end_of_record
TN:
SF:screens\ProjectDetailScreen.js
FN:32,ProjectDetailScreen
FN:59,(anonymous_1)
FN:61,(anonymous_2)
FN:65,(anonymous_3)
FN:109,(anonymous_4)
FN:168,(anonymous_5)
FN:169,(anonymous_6)
FN:228,(anonymous_7)
FN:244,(anonymous_8)
FN:278,(anonymous_9)
FN:287,(anonymous_10)
FN:313,(anonymous_11)
FN:316,(anonymous_12)
FN:319,(anonymous_13)
FN:337,(anonymous_14)
FN:345,(anonymous_15)
FN:383,(anonymous_16)
FN:390,(anonymous_17)
FN:402,(anonymous_18)
FN:462,(anonymous_19)
FN:471,(anonymous_20)
FN:472,(anonymous_21)
FN:484,(anonymous_22)
FN:497,(anonymous_23)
FN:580,(anonymous_24)
FN:587,(anonymous_25)
FN:598,(anonymous_26)
FN:610,(anonymous_27)
FN:621,(anonymous_28)
FN:633,(anonymous_29)
FN:669,(anonymous_30)
FN:685,(anonymous_31)
FN:689,(anonymous_32)
FN:691,(anonymous_33)
FN:708,(anonymous_34)
FN:710,(anonymous_35)
FN:723,(anonymous_36)
FN:725,(anonymous_37)
FN:738,(anonymous_38)
FN:740,(anonymous_39)
FN:753,(anonymous_40)
FN:770,(anonymous_41)
FN:831,(anonymous_42)
FN:854,(anonymous_43)
FN:856,(anonymous_44)
FN:857,(anonymous_45)
FN:874,(anonymous_46)
FN:892,(anonymous_47)
FN:910,(anonymous_48)
FN:928,(anonymous_49)
FN:944,(anonymous_50)
FN:958,(anonymous_51)
FN:966,(anonymous_52)
FN:972,(anonymous_53)
FN:1003,(anonymous_54)
FN:1038,(anonymous_55)
FNF:56
FNH:0
FNDA:0,ProjectDetailScreen
FNDA:0,(anonymous_1)
FNDA:0,(anonymous_2)
FNDA:0,(anonymous_3)
FNDA:0,(anonymous_4)
FNDA:0,(anonymous_5)
FNDA:0,(anonymous_6)
FNDA:0,(anonymous_7)
FNDA:0,(anonymous_8)
FNDA:0,(anonymous_9)
FNDA:0,(anonymous_10)
FNDA:0,(anonymous_11)
FNDA:0,(anonymous_12)
FNDA:0,(anonymous_13)
FNDA:0,(anonymous_14)
FNDA:0,(anonymous_15)
FNDA:0,(anonymous_16)
FNDA:0,(anonymous_17)
FNDA:0,(anonymous_18)
FNDA:0,(anonymous_19)
FNDA:0,(anonymous_20)
FNDA:0,(anonymous_21)
FNDA:0,(anonymous_22)
FNDA:0,(anonymous_23)
FNDA:0,(anonymous_24)
FNDA:0,(anonymous_25)
FNDA:0,(anonymous_26)
FNDA:0,(anonymous_27)
FNDA:0,(anonymous_28)
FNDA:0,(anonymous_29)
FNDA:0,(anonymous_30)
FNDA:0,(anonymous_31)
FNDA:0,(anonymous_32)
FNDA:0,(anonymous_33)
FNDA:0,(anonymous_34)
FNDA:0,(anonymous_35)
FNDA:0,(anonymous_36)
FNDA:0,(anonymous_37)
FNDA:0,(anonymous_38)
FNDA:0,(anonymous_39)
FNDA:0,(anonymous_40)
FNDA:0,(anonymous_41)
FNDA:0,(anonymous_42)
FNDA:0,(anonymous_43)
FNDA:0,(anonymous_44)
FNDA:0,(anonymous_45)
FNDA:0,(anonymous_46)
FNDA:0,(anonymous_47)
FNDA:0,(anonymous_48)
FNDA:0,(anonymous_49)
FNDA:0,(anonymous_50)
FNDA:0,(anonymous_51)
FNDA:0,(anonymous_52)
FNDA:0,(anonymous_53)
FNDA:0,(anonymous_54)
FNDA:0,(anonymous_55)
DA:33,0
DA:34,0
DA:35,0
DA:36,0
DA:37,0
DA:38,0
DA:39,0
DA:40,0
DA:41,0
DA:42,0
DA:43,0
DA:44,0
DA:46,0
DA:47,0
DA:48,0
DA:49,0
DA:50,0
DA:51,0
DA:54,0
DA:55,0
DA:56,0
DA:57,0
DA:59,0
DA:61,0
DA:62,0
DA:65,0
DA:66,0
DA:67,0
DA:73,0
DA:74,0
DA:75,0
DA:76,0
DA:79,0
DA:80,0
DA:81,0
DA:83,0
DA:84,0
DA:90,0
DA:92,0
DA:93,0
DA:95,0
DA:97,0
DA:98,0
DA:99,0
DA:104,0
DA:105,0
DA:109,0
DA:110,0
DA:112,0
DA:113,0
DA:114,0
DA:115,0
DA:118,0
DA:119,0
DA:120,0
DA:121,0
DA:124,0
DA:125,0
DA:126,0
DA:132,0
DA:140,0
DA:143,0
DA:150,0
DA:153,0
DA:159,0
DA:162,0
DA:163,0
DA:164,0
DA:167,0
DA:168,0
DA:169,0
DA:176,0
DA:182,0
DA:183,0
DA:184,0
DA:185,0
DA:188,0
DA:190,0
DA:198,0
DA:199,0
DA:202,0
DA:204,0
DA:206,0
DA:207,0
DA:208,0
DA:209,0
DA:214,0
DA:215,0
DA:216,0
DA:217,0
DA:222,0
DA:225,0
DA:228,0
DA:231,0
DA:232,0
DA:235,0
DA:236,0
DA:240,0
DA:244,0
DA:245,0
DA:246,0
DA:248,0
DA:253,0
DA:254,0
DA:255,0
DA:259,0
DA:261,0
DA:268,0
DA:269,0
DA:271,0
DA:273,0
DA:274,0
DA:278,0
DA:279,0
DA:288,0
DA:289,0
DA:297,0
DA:298,0
DA:299,0
DA:302,0
DA:303,0
DA:305,0
DA:313,0
DA:315,0
DA:316,0
DA:319,0
DA:320,0
DA:321,0
DA:325,0
DA:327,0
DA:330,0
DA:331,0
DA:334,0
DA:337,0
DA:339,0
DA:340,0
DA:341,0
DA:345,0
DA:346,0
DA:347,0
DA:348,0
DA:352,0
DA:354,0
DA:355,0
DA:356,0
DA:358,0
DA:359,0
DA:361,0
DA:370,0
DA:375,0
DA:376,0
DA:377,0
DA:380,0
DA:383,0
DA:386,0
DA:387,0
DA:390,0
DA:391,0
DA:394,0
DA:395,0
DA:398,0
DA:402,0
DA:403,0
DA:405,0
DA:407,0
DA:409,0
DA:411,0
DA:415,0
DA:416,0
DA:426,0
DA:428,0
DA:462,0
DA:471,0
DA:473,0
DA:484,0
DA:497,0
DA:581,0
DA:588,0
DA:589,0
DA:590,0
DA:599,0
DA:600,0
DA:601,0
DA:611,0
DA:612,0
DA:613,0
DA:622,0
DA:623,0
DA:624,0
DA:634,0
DA:669,0
DA:685,0
DA:689,0
DA:691,0
DA:709,0
DA:710,0
DA:724,0
DA:725,0
DA:739,0
DA:740,0
DA:753,0
DA:771,0
DA:772,0
DA:773,0
DA:832,0
DA:833,0
DA:834,0
DA:854,0
DA:856,0
DA:857,0
DA:874,0
DA:892,0
DA:910,0
DA:928,0
DA:944,0
DA:959,0
DA:960,0
DA:967,0
DA:968,0
DA:972,0
DA:1003,0
DA:1038,0
LF:222
LH:0
BRDA:73,0,0,0
BRDA:73,0,1,0
BRDA:79,1,0,0
BRDA:79,1,1,0
BRDA:83,2,0,0
BRDA:83,2,1,0
BRDA:90,3,0,0
BRDA:90,3,1,0
BRDA:92,4,0,0
BRDA:92,4,1,0
BRDA:97,5,0,0
BRDA:97,5,1,0
BRDA:112,6,0,0
BRDA:112,6,1,0
BRDA:118,7,0,0
BRDA:118,7,1,0
BRDA:133,8,0,0
BRDA:133,8,1,0
BRDA:133,9,0,0
BRDA:133,9,1,0
BRDA:134,10,0,0
BRDA:134,10,1,0
BRDA:135,11,0,0
BRDA:135,11,1,0
BRDA:136,12,0,0
BRDA:136,12,1,0
BRDA:137,13,0,0
BRDA:137,13,1,0
BRDA:144,14,0,0
BRDA:144,14,1,0
BRDA:145,15,0,0
BRDA:145,15,1,0
BRDA:146,16,0,0
BRDA:146,16,1,0
BRDA:147,17,0,0
BRDA:147,17,1,0
BRDA:155,18,0,0
BRDA:155,18,1,0
BRDA:156,19,0,0
BRDA:156,19,1,0
BRDA:162,20,0,0
BRDA:162,20,1,0
BRDA:162,21,0,0
BRDA:162,21,1,0
BRDA:168,22,0,0
BRDA:168,22,1,0
BRDA:168,22,2,0
BRDA:171,23,0,0
BRDA:171,23,1,0
BRDA:172,24,0,0
BRDA:172,24,1,0
BRDA:173,25,0,0
BRDA:173,25,1,0
BRDA:182,26,0,0
BRDA:182,26,1,0
BRDA:195,27,0,0
BRDA:195,27,1,0
BRDA:198,28,0,0
BRDA:198,28,1,0
BRDA:208,29,0,0
BRDA:208,29,1,0
BRDA:208,30,0,0
BRDA:208,30,1,0
BRDA:214,31,0,0
BRDA:214,31,1,0
BRDA:216,32,0,0
BRDA:216,32,1,0
BRDA:235,33,0,0
BRDA:235,33,1,0
BRDA:235,33,2,0
BRDA:253,34,0,0
BRDA:253,34,1,0
BRDA:268,35,0,0
BRDA:268,35,1,0
BRDA:297,36,0,0
BRDA:297,36,1,0
BRDA:341,37,0,0
BRDA:341,37,1,0
BRDA:346,38,0,0
BRDA:346,38,1,0
BRDA:359,39,0,0
BRDA:359,39,1,0
BRDA:375,40,0,0
BRDA:375,40,1,0
BRDA:395,41,0,0
BRDA:395,41,1,0
BRDA:403,42,0,0
BRDA:403,42,1,0
BRDA:403,42,2,0
BRDA:403,42,3,0
BRDA:415,43,0,0
BRDA:415,43,1,0
BRDA:426,44,0,0
BRDA:426,44,1,0
BRDA:439,45,0,0
BRDA:439,45,1,0
BRDA:445,46,0,0
BRDA:445,46,1,0
BRDA:653,47,0,0
BRDA:653,47,1,0
BRDA:658,48,0,0
BRDA:658,48,1,0
BRDA:695,49,0,0
BRDA:695,49,1,0
BRDA:771,50,0,0
BRDA:771,50,1,0
BRDA:779,51,0,0
BRDA:779,51,1,0
BRDA:780,52,0,0
BRDA:780,52,1,0
BRDA:816,53,0,0
BRDA:816,53,1,0
BRDA:817,54,0,0
BRDA:817,54,1,0
BRDA:817,54,2,0
BRDA:820,55,0,0
BRDA:820,55,1,0
BRDA:832,56,0,0
BRDA:832,56,1,0
BRDA:838,57,0,0
BRDA:838,57,1,0
BRDA:872,58,0,0
BRDA:872,58,1,0
BRDA:882,59,0,0
BRDA:882,59,1,0
BRDA:890,60,0,0
BRDA:890,60,1,0
BRDA:900,61,0,0
BRDA:900,61,1,0
BRDA:908,62,0,0
BRDA:908,62,1,0
BRDA:918,63,0,0
BRDA:918,63,1,0
BRDA:926,64,0,0
BRDA:926,64,1,0
BRDA:936,65,0,0
BRDA:936,65,1,0
BRDA:959,66,0,0
BRDA:959,66,1,0
BRDA:967,67,0,0
BRDA:967,67,1,0
BRDA:1001,68,0,0
BRDA:1001,68,1,0
BRDA:1016,69,0,0
BRDA:1016,69,1,0
BRDA:1022,70,0,0
BRDA:1022,70,1,0
BRF:147
BRH:0
end_of_record
TN:
SF:screens\ProjectsListScreen.js
FN:21,ProjectsListScreen
FN:29,(anonymous_1)
FN:31,(anonymous_2)
FN:75,(anonymous_3)
FN:81,(anonymous_4)
FN:86,(anonymous_5)
FN:93,(anonymous_6)
FN:100,(anonymous_7)
FN:105,(anonymous_8)
FN:107,(anonymous_9)
FN:109,(anonymous_10)
FN:112,(anonymous_11)
FN:118,(anonymous_12)
FN:128,(anonymous_13)
FN:131,(anonymous_14)
FN:190,(anonymous_15)
FN:195,(anonymous_16)
FN:213,(anonymous_17)
FN:221,(anonymous_18)
FN:228,(anonymous_19)
FN:259,(anonymous_20)
FN:278,(anonymous_21)
FNF:22
FNH:0
FNDA:0,ProjectsListScreen
FNDA:0,(anonymous_1)
FNDA:0,(anonymous_2)
FNDA:0,(anonymous_3)
FNDA:0,(anonymous_4)
FNDA:0,(anonymous_5)
FNDA:0,(anonymous_6)
FNDA:0,(anonymous_7)
FNDA:0,(anonymous_8)
FNDA:0,(anonymous_9)
FNDA:0,(anonymous_10)
FNDA:0,(anonymous_11)
FNDA:0,(anonymous_12)
FNDA:0,(anonymous_13)
FNDA:0,(anonymous_14)
FNDA:0,(anonymous_15)
FNDA:0,(anonymous_16)
FNDA:0,(anonymous_17)
FNDA:0,(anonymous_18)
FNDA:0,(anonymous_19)
FNDA:0,(anonymous_20)
FNDA:0,(anonymous_21)
DA:22,0
DA:23,0
DA:24,0
DA:25,0
DA:26,0
DA:27,0
DA:29,0
DA:31,0
DA:32,0
DA:33,0
DA:34,0
DA:35,0
DA:36,0
DA:37,0
DA:40,0
DA:42,0
DA:59,0
DA:60,0
DA:61,0
DA:62,0
DA:65,0
DA:66,0
DA:68,0
DA:69,0
DA:71,0
DA:75,0
DA:76,0
DA:80,0
DA:82,0
DA:86,0
DA:87,0
DA:88,0
DA:89,0
DA:90,0
DA:93,0
DA:94,0
DA:95,0
DA:96,0
DA:97,0
DA:100,0
DA:101,0
DA:104,0
DA:105,0
DA:106,0
DA:107,0
DA:108,0
DA:109,0
DA:112,0
DA:116,0
DA:117,0
DA:118,0
DA:119,0
DA:125,0
DA:128,0
DA:129,0
DA:131,0
DA:168,0
DA:175,0
DA:176,0
DA:186,0
DA:190,0
DA:195,0
DA:213,0
DA:222,0
DA:228,0
DA:259,0
DA:278,0
LF:67
LH:0
BRDA:35,0,0,0
BRDA:35,0,1,0
BRDA:59,1,0,0
BRDA:59,1,1,0
BRDA:65,2,0,0
BRDA:65,2,1,0
BRDA:66,3,0,0
BRDA:66,3,1,0
BRDA:87,4,0,0
BRDA:87,4,1,0
BRDA:87,5,0,0
BRDA:87,5,1,0
BRDA:87,5,2,0
BRDA:88,6,0,0
BRDA:88,6,1,0
BRDA:89,7,0,0
BRDA:89,7,1,0
BRDA:94,8,0,0
BRDA:94,8,1,0
BRDA:94,9,0,0
BRDA:94,9,1,0
BRDA:94,9,2,0
BRDA:95,10,0,0
BRDA:95,10,1,0
BRDA:96,11,0,0
BRDA:96,11,1,0
BRDA:104,12,0,0
BRDA:104,12,1,0
BRDA:105,13,0,0
BRDA:105,13,1,0
BRDA:105,13,2,0
BRDA:105,13,3,0
BRDA:106,14,0,0
BRDA:106,14,1,0
BRDA:107,15,0,0
BRDA:107,15,1,0
BRDA:108,16,0,0
BRDA:108,16,1,0
BRDA:116,17,0,0
BRDA:116,17,1,0
BRDA:119,18,0,0
BRDA:119,18,1,0
BRDA:119,18,2,0
BRDA:119,18,3,0
BRDA:119,18,4,0
BRDA:143,19,0,0
BRDA:143,19,1,0
BRDA:146,20,0,0
BRDA:146,20,1,0
BRDA:157,21,0,0
BRDA:157,21,1,0
BRDA:175,22,0,0
BRDA:175,22,1,0
BRDA:212,23,0,0
BRDA:212,23,1,0
BRDA:226,24,0,0
BRDA:226,24,1,0
BRDA:234,25,0,0
BRDA:234,25,1,0
BRDA:239,26,0,0
BRDA:239,26,1,0
BRDA:252,27,0,0
BRDA:252,27,1,0
BRDA:264,28,0,0
BRDA:264,28,1,0
BRDA:264,29,0,0
BRDA:264,29,1,0
BRDA:265,30,0,0
BRDA:265,30,1,0
BRDA:270,31,0,0
BRDA:270,31,1,0
BRF:71
BRH:0
end_of_record
TN:
SF:screens\QATestRunnerScreen.js
FN:16,QATestRunnerScreen
FN:22,(anonymous_1)
FN:37,(anonymous_2)
FN:48,(anonymous_3)
FN:75,(anonymous_4)
FN:100,(anonymous_5)
FN:150,(anonymous_6)
FN:166,(anonymous_7)
FN:178,(anonymous_8)
FNF:9
FNH:0
FNDA:0,QATestRunnerScreen
FNDA:0,(anonymous_1)
FNDA:0,(anonymous_2)
FNDA:0,(anonymous_3)
FNDA:0,(anonymous_4)
FNDA:0,(anonymous_5)
FNDA:0,(anonymous_6)
FNDA:0,(anonymous_7)
FNDA:0,(anonymous_8)
DA:17,0
DA:18,0
DA:19,0
DA:20,0
DA:22,0
DA:23,0
DA:24,0
DA:26,0
DA:27,0
DA:28,0
DA:29,0
DA:31,0
DA:33,0
DA:37,0
DA:38,0
DA:39,0
DA:40,0
DA:43,0
DA:49,0
DA:50,0
DA:51,0
DA:53,0
DA:62,0
DA:63,0
DA:64,0
DA:66,0
DA:68,0
DA:75,0
DA:76,0
DA:77,0
DA:78,0
DA:81,0
DA:82,0
DA:83,0
DA:84,0
DA:85,0
DA:86,0
DA:87,0
DA:89,0
DA:92,0
DA:96,0
DA:100,0
DA:151,0
DA:167,0
DA:179,0
DA:194,0
LF:46
LH:0
BRDA:38,0,0,0
BRDA:38,0,1,0
BRDA:76,1,0,0
BRDA:76,1,1,0
BRDA:83,2,0,0
BRDA:83,2,1,0
BRDA:109,3,0,0
BRDA:109,3,1,0
BRDA:113,4,0,0
BRDA:113,4,1,0
BRDA:121,5,0,0
BRDA:121,5,1,0
BRDA:121,5,2,0
BRDA:123,6,0,0
BRDA:123,6,1,0
BRDA:125,7,0,0
BRDA:125,7,1,0
BRDA:133,8,0,0
BRDA:133,8,1,0
BRDA:141,9,0,0
BRDA:141,9,1,0
BRDA:155,10,0,0
BRDA:155,10,1,0
BRDA:163,11,0,0
BRDA:163,11,1,0
BRDA:175,12,0,0
BRDA:175,12,1,0
BRF:27
BRH:0
end_of_record
TN:
SF:screens\SettingsScreen.js
FN:22,SettingsScreen
[...]
DA:441,0
DA:443,0
DA:445,0
DA:449,0
DA:463,0
DA:469,0
DA:475,0
LF:78
LH:0
BRDA:49,0,0,0
BRDA:67,1,0,0
BRDA:67,1,1,0
BRDA:67,2,0,0
BRDA:67,2,1,0
BRDA:79,3,0,0
BRDA:79,3,1,0
BRDA:93,4,0,0
BRDA:93,4,1,0
BRDA:99,5,0,0
BRDA:99,5,1,0
BRDA:129,6,0,0
BRDA:129,6,1,0
BRDA:133,7,0,0
BRDA:133,7,1,0
BRDA:139,8,0,0
BRDA:139,8,1,0
BRDA:169,9,0,0
BRDA:169,9,1,0
BRDA:191,10,0,0
BRDA:191,10,1,0
BRDA:235,11,0,0
BRDA:235,11,1,0
BRDA:235,12,0,0
BRDA:235,12,1,0
BRDA:237,13,0,0
BRDA:237,13,1,0
BRDA:237,14,0,0
BRDA:237,14,1,0
BRDA:237,14,2,0
BRDA:239,15,0,0
BRDA:239,15,1,0
BRDA:239,16,0,0
BRDA:239,16,1,0
BRDA:239,16,2,0
BRDA:241,17,0,0
BRDA:241,17,1,0
BRDA:241,18,0,0
BRDA:241,18,1,0
BRDA:243,19,0,0
BRDA:243,19,1,0
BRDA:257,20,0,0
BRDA:257,20,1,0
BRDA:305,21,0,0
BRDA:305,21,1,0
BRDA:359,22,0,0
BRDA:359,22,1,0
BRDA:383,23,0,0
BRDA:383,23,1,0
BRDA:391,24,0,0
BRDA:391,24,1,0
BRDA:391,25,0,0
BRDA:391,25,1,0
BRDA:391,25,2,0
BRDA:397,26,0,0
BRDA:397,26,1,0
BRDA:397,27,0,0
BRDA:397,27,1,0
BRDA:397,27,2,0
BRDA:403,28,0,0
BRDA:403,28,1,0
BRDA:403,29,0,0
BRDA:403,29,1,0
BRDA:409,30,0,0
BRDA:409,30,1,0
BRDA:409,31,0,0
BRDA:409,31,1,0
BRDA:415,32,0,0
BRDA:415,32,1,0
BRDA:415,33,0,0
BRDA:415,33,1,0
BRF:71
BRH:0
end_of_record
TN:
SF:utils\auth.js
FN:12,signUp
FN:48,signIn
FN:73,signOut
FN:94,getCurrentUser
FN:113,getCurrentSession
FN:132,getCurrentUserId
FN:146,getCurrentUserOrThrow
FN:165,onAuthStateChange
FN:166,(anonymous_8)
FNF:9
FNH:0
FNDA:0,signUp
FNDA:0,signIn
FNDA:0,signOut
FNDA:0,getCurrentUser
FNDA:0,getCurrentSession
FNDA:0,getCurrentUserId
FNDA:0,getCurrentUserOrThrow
FNDA:0,onAuthStateChange
FNDA:0,(anonymous_8)
DA:13,0
DA:14,0
DA:16,0
DA:25,0
DA:26,0
DA:27,0
DA:31,0
DA:32,0
DA:34,0
DA:37,0
DA:39,0
DA:40,0
DA:49,0
DA:50,0
DA:52,0
DA:57,0
DA:58,0
DA:59,0
DA:62,0
DA:63,0
DA:65,0
DA:66,0
DA:74,0
DA:75,0
DA:77,0
DA:79,0
DA:80,0
DA:81,0
DA:84,0
DA:86,0
DA:87,0
DA:95,0
DA:96,0
DA:98,0
DA:99,0
DA:100,0
DA:103,0
DA:105,0
DA:106,0
DA:114,0
DA:115,0
DA:117,0
DA:118,0
DA:119,0
DA:122,0
DA:124,0
DA:125,0
DA:133,0
DA:134,0
DA:135,0
DA:137,0
DA:138,0
DA:147,0
DA:148,0
DA:150,0
DA:151,0
DA:152,0
DA:155,0
DA:157,0
DA:158,0
DA:166,0
DA:167,0
DA:168,0
DA:169,0
DA:170,0
DA:171,0
DA:172,0
DA:175,0
LF:68
LH:0
BRDA:25,0,0,0
BRDA:25,0,1,0
BRDA:31,1,0,0
BRDA:31,1,1,0
BRDA:57,2,0,0
BRDA:57,2,1,0
BRDA:79,3,0,0
BRDA:79,3,1,0
BRDA:98,4,0,0
BRDA:98,4,1,0
BRDA:117,5,0,0
BRDA:117,5,1,0
BRDA:135,6,0,0
BRDA:135,6,1,0
BRDA:150,7,0,0
BRDA:150,7,1,0
BRDA:150,8,0,0
BRDA:150,8,1,0
BRDA:167,9,0,0
BRDA:167,9,1,0
BRDA:169,10,0,0
BRDA:169,10,1,0
BRDA:171,11,0,0
BRDA:171,11,1,0
BRF:24
BRH:0
end_of_record
TN:
SF:utils\dbHelpers.js
FN:15,dbQuery
FN:46,prepareInsertData
FN:65,dbMutate
FN:92,getUserIdSync
FNF:4
FNH:0
FNDA:0,dbQuery
FNDA:0,prepareInsertData
FNDA:0,dbMutate
FNDA:0,getUserIdSync
DA:16,0
DA:17,0
DA:18,0
DA:19,0
DA:20,0
DA:23,0
DA:24,0
DA:26,0
DA:27,0
DA:29,0
DA:32,0
DA:34,0
DA:35,0
DA:47,0
DA:48,0
DA:49,0
DA:50,0
DA:51,0
DA:55,0
DA:57,0
DA:58,0
DA:66,0
DA:67,0
DA:68,0
DA:69,0
DA:70,0
DA:73,0
DA:74,0
DA:76,0
DA:77,0
DA:79,0
DA:82,0
DA:84,0
DA:85,0
DA:94,0
DA:95,0
LF:36
LH:0
BRDA:15,0,0,0
BRDA:18,1,0,0
BRDA:18,1,1,0
BRDA:26,2,0,0
BRDA:26,2,1,0
BRDA:29,3,0,0
BRDA:29,3,1,0
BRDA:46,4,0,0
BRDA:49,5,0,0
BRDA:49,5,1,0
BRDA:65,6,0,0
BRDA:68,7,0,0
BRDA:68,7,1,0
BRDA:76,8,0,0
BRDA:76,8,1,0
BRDA:95,9,0,0
BRDA:95,9,1,0
BRF:17
BRH:0
end_of_record
TN:
SF:utils\errorHandler.js
FN:3,(anonymous_0)
FNF:1
FNH:0
FNDA:0,(anonymous_0)
DA:3,0
DA:4,0
DA:6,0
DA:7,0
DA:14,0
DA:15,0
DA:22,0
DA:23,0
DA:30,0
LF:9
LH:0
BRDA:6,0,0,0
BRDA:6,0,1,0
BRDA:14,1,0,0
BRDA:14,1,1,0
BRDA:14,2,0,0
BRDA:14,2,1,0
BRDA:22,3,0,0
BRDA:22,3,1,0
BRDA:22,4,0,0
BRDA:22,4,1,0
BRF:10
BRH:0
end_of_record
TN:
SF:utils\logger.js
FN:15,(anonymous_0)
FN:25,(anonymous_1)
FN:58,(anonymous_2)
FN:65,(anonymous_3)
FN:75,(anonymous_4)
FN:88,(anonymous_5)
FN:98,(anonymous_6)
FN:108,(anonymous_7)
FN:118,(anonymous_8)
FN:134,(anonymous_9)
FN:146,(anonymous_10)
FN:156,(anonymous_11)
FN:174,(anonymous_12)
FN:181,(anonymous_13)
FN:195,(anonymous_14)
FN:210,(anonymous_15)
FNF:16
FNH:8
FNDA:1,(anonymous_0)
FNDA:1,(anonymous_1)
FNDA:5,(anonymous_2)
FNDA:5,(anonymous_3)
FNDA:5,(anonymous_4)
FNDA:5,(anonymous_5)
FNDA:4,(anonymous_6)
FNDA:1,(anonymous_7)
FNDA:0,(anonymous_8)
FNDA:0,(anonymous_9)
FNDA:0,(anonymous_10)
FNDA:0,(anonymous_11)
FNDA:0,(anonymous_12)
FNDA:0,(anonymous_13)
FNDA:0,(anonymous_14)
FNDA:0,(anonymous_15)
DA:11,1
DA:12,1
DA:16,1
DA:17,1
DA:18,1
DA:19,1
DA:26,1
DA:28,1
DA:30,1
DA:32,1
DA:34,0
DA:35,0
DA:37,0
DA:38,0
DA:42,0
DA:47,0
DA:48,0
DA:51,1
DA:59,5
DA:66,5
DA:67,5
DA:69,5
DA:76,5
DA:77,5
DA:81,0
DA:89,5
DA:90,5
DA:91,0
DA:99,4
DA:100,4
DA:101,4
DA:102,4
DA:109,1
DA:110,1
DA:111,1
DA:112,1
DA:119,0
DA:125,0
DA:126,0
DA:127,0
DA:128,0
DA:135,0
DA:136,0
DA:137,0
DA:138,0
DA:139,0
DA:147,0
DA:148,0
DA:149,0
DA:150,0
DA:157,0
DA:158,0
DA:159,0
DA:160,0
DA:163,0
DA:164,0
DA:166,0
DA:167,0
DA:175,0
DA:182,0
DA:183,0
DA:184,0
DA:185,0
DA:186,0
DA:188,0
DA:196,0
DA:197,0
DA:198,0
DA:200,0
DA:201,0
DA:207,1
DA:210,1
LF:72
LH:29
BRDA:26,0,0,0
BRDA:26,0,1,1
BRDA:32,1,0,0
BRDA:32,1,1,0
BRDA:34,2,0,0
BRDA:34,2,1,0
BRDA:35,3,0,0
BRDA:35,3,1,0
BRDA:65,4,0,0
BRDA:67,5,0,0
BRDA:67,5,1,5
BRDA:90,6,0,0
BRDA:90,6,1,5
BRDA:98,7,0,4
BRDA:108,8,0,1
BRDA:118,9,0,0
BRDA:119,10,0,0
BRDA:119,10,1,0
BRDA:134,11,0,0
BRDA:135,12,0,0
BRDA:135,12,1,0
BRDA:146,13,0,0
BRDA:159,14,0,0
BRDA:159,14,1,0
BRDA:174,15,0,0
BRF:25
BRH:5
end_of_record
TN:
SF:utils\networkManager.js
FN:9,(anonymous_0)
FN:17,(anonymous_1)
FN:22,(anonymous_2)
FN:27,(anonymous_3)
FN:50,(anonymous_4)
FN:57,(anonymous_5)
FN:59,(anonymous_6)
FN:60,(anonymous_7)
FN:64,(anonymous_8)
FN:65,(anonymous_9)
FN:70,(anonymous_10)
FN:85,(anonymous_11)
FN:98,(anonymous_12)
FN:101,(anonymous_13)
FN:111,(anonymous_14)
FN:121,(anonymous_15)
FN:133,(anonymous_16)
FN:158,(anonymous_17)
FN:177,(anonymous_18)
FNF:19
FNH:0
FNDA:0,(anonymous_0)
FNDA:0,(anonymous_1)
FNDA:0,(anonymous_2)
FNDA:0,(anonymous_3)
FNDA:0,(anonymous_4)
FNDA:0,(anonymous_5)
FNDA:0,(anonymous_6)
FNDA:0,(anonymous_7)
FNDA:0,(anonymous_8)
FNDA:0,(anonymous_9)
FNDA:0,(anonymous_10)
FNDA:0,(anonymous_11)
FNDA:0,(anonymous_12)
FNDA:0,(anonymous_13)
FNDA:0,(anonymous_14)
FNDA:0,(anonymous_15)
FNDA:0,(anonymous_16)
FNDA:0,(anonymous_17)
FNDA:0,(anonymous_18)
DA:5,0
DA:6,0
DA:10,0
DA:11,0
DA:12,0
DA:13,0
DA:14,0
DA:19,0
DA:22,0
DA:23,0
DA:28,0
DA:29,0
DA:30,0
DA:31,0
DA:34,0
DA:35,0
DA:38,0
DA:39,0
DA:43,0
DA:46,0
DA:51,0
DA:52,0
DA:53,0
DA:58,0
DA:59,0
DA:60,0
DA:65,0
DA:71,0
DA:72,0
DA:73,0
DA:74,0
DA:75,0
DA:76,0
DA:78,0
DA:80,0
DA:81,0
DA:86,0
DA:87,0
DA:91,0
DA:92,0
DA:94,0
DA:99,0
DA:100,0
DA:101,0
DA:102,0
DA:103,0
DA:105,0
DA:112,0
DA:113,0
DA:114,0
DA:115,0
DA:117,0
DA:122,0
DA:123,0
DA:124,0
DA:125,0
DA:126,0
DA:129,0
DA:134,0
DA:135,0
DA:136,0
DA:139,0
DA:141,0
DA:142,0
DA:144,0
DA:145,0
DA:146,0
DA:147,0
DA:149,0
DA:151,0
DA:155,0
DA:161,0
DA:164,0
DA:167,0
DA:170,0
DA:173,0
DA:178,0
LF:77
LH:0
BRDA:34,0,0,0
BRDA:34,0,1,0
BRDA:35,1,0,0
BRDA:35,1,1,0
BRDA:38,2,0,0
BRDA:38,2,1,0
BRDA:38,3,0,0
BRDA:38,3,1,0
BRDA:51,4,0,0
BRDA:51,4,1,0
BRDA:73,5,0,0
BRDA:73,5,1,0
BRDA:124,6,0,0
BRDA:124,6,1,0
BRDA:134,7,0,0
BRDA:134,7,1,0
BRDA:161,8,0,0
BRDA:161,8,1,0
BRDA:161,8,2,0
BRDA:161,8,3,0
BRF:20
BRH:0
end_of_record
TN:
SF:utils\offlineManager.js
FN:17,(anonymous_0)
FN:33,(anonymous_1)
FN:57,(anonymous_2)
FN:70,(anonymous_3)
FN:138,(anonymous_4)
FN:179,(anonymous_5)
FN:195,(anonymous_6)
FN:207,(anonymous_7)
FN:223,(anonymous_8)
FN:247,(anonymous_9)
FN:260,(anonymous_10)
FN:263,(anonymous_11)
FN:266,(anonymous_12)
FN:279,(anonymous_13)
FNF:14
FNH:0
FNDA:0,(anonymous_0)
FNDA:0,(anonymous_1)
FNDA:0,(anonymous_2)
FNDA:0,(anonymous_3)
FNDA:0,(anonymous_4)
FNDA:0,(anonymous_5)
FNDA:0,(anonymous_6)
FNDA:0,(anonymous_7)
FNDA:0,(anonymous_8)
FNDA:0,(anonymous_9)
FNDA:0,(anonymous_10)
FNDA:0,(anonymous_11)
FNDA:0,(anonymous_12)
FNDA:0,(anonymous_13)
DA:6,0
DA:7,0
DA:18,0
DA:19,0
DA:20,0
DA:22,0
DA:23,0
DA:34,0
DA:35,0
DA:36,0
DA:44,0
DA:45,0
DA:46,0
DA:47,0
DA:49,0
DA:50,0
DA:58,0
DA:59,0
DA:60,0
DA:62,0
DA:63,0
DA:71,0
DA:72,0
DA:73,0
DA:74,0
DA:77,0
DA:78,0
DA:79,0
DA:80,0
DA:83,0
DA:84,0
DA:85,0
DA:86,0
DA:88,0
DA:89,0
DA:91,0
DA:92,0
DA:93,0
DA:94,0
DA:99,0
DA:101,0
DA:104,0
DA:107,0
DA:108,0
DA:109,0
DA:111,0
DA:112,0
DA:113,0
DA:114,0
DA:117,0
DA:118,0
DA:119,0
DA:120,0
DA:125,0
DA:127,0
DA:128,0
DA:130,0
DA:131,0
DA:139,0
DA:140,0
DA:143,0
DA:144,0
DA:145,0
DA:146,0
DA:150,0
DA:151,0
DA:155,0
DA:156,0
DA:159,0
DA:160,0
DA:165,0
DA:166,0
DA:167,0
DA:170,0
DA:172,0
DA:180,0
DA:181,0
DA:182,0
DA:183,0
DA:184,0
DA:186,0
DA:188,0
DA:196,0
DA:197,0
DA:198,0
DA:200,0
DA:208,0
DA:209,0
DA:210,0
DA:214,0
DA:216,0
DA:224,0
DA:225,0
DA:226,0
DA:227,0
DA:229,0
DA:230,0
DA:232,0
DA:233,0
DA:234,0
DA:237,0
DA:239,0
DA:240,0
DA:248,0
DA:249,0
DA:250,0
DA:252,0
DA:260,0
DA:261,0
DA:263,0
DA:264,0
DA:266,0
DA:267,0
DA:268,0
DA:269,0
DA:274,0
DA:277,0
DA:279,0
DA:280,0
DA:281,0
DA:285,0
LF:121
LH:0
BRDA:20,0,0,0
BRDA:20,0,1,0
BRDA:60,1,0,0
BRDA:60,1,1,0
BRDA:72,2,0,0
BRDA:72,2,1,0
BRDA:79,3,0,0
BRDA:79,3,1,0
BRDA:91,4,0,0
BRDA:91,4,1,0
BRDA:99,5,0,0
BRDA:99,5,1,0
BRDA:99,6,0,0
BRDA:99,6,1,0
BRDA:107,7,0,0
BRDA:107,7,1,0
BRDA:144,8,0,0
BRDA:144,8,1,0
BRDA:150,9,0,0
BRDA:150,9,1,0
BRDA:159,10,0,0
BRDA:159,10,1,0
BRDA:165,11,0,0
BRDA:165,11,1,0
BRDA:166,12,0,0
BRDA:166,12,1,0
BRDA:183,13,0,0
BRDA:183,13,1,0
BRDA:223,14,0,0
BRDA:227,15,0,0
BRDA:227,15,1,0
BRDA:230,16,0,0
BRDA:230,16,1,0
BRDA:250,17,0,0
BRDA:250,17,1,0
BRDA:268,18,0,0
BRDA:268,18,1,0
BRF:37
BRH:0
end_of_record
TN:
SF:utils\offlineQueue.js
FN:19,getQueue
FN:32,addToQueue
FN:54,removeFromQueue
FN:57,(anonymous_3)
FN:68,incrementRetry
FN:71,(anonymous_5)
FN:83,getEligibleActions
FN:85,(anonymous_7)
FN:91,clearQueue
FN:103,getQueueSize
FNF:10
FNH:0
FNDA:0,getQueue
FNDA:0,addToQueue
FNDA:0,removeFromQueue
FNDA:0,(anonymous_3)
FNDA:0,incrementRetry
FNDA:0,(anonymous_5)
FNDA:0,getEligibleActions
FNDA:0,(anonymous_7)
FNDA:0,clearQueue
FNDA:0,getQueueSize
DA:3,0
DA:20,0
DA:21,0
DA:22,0
DA:24,0
DA:25,0
DA:33,0
DA:34,0
DA:35,0
DA:41,0
DA:42,0
DA:43,0
DA:44,0
DA:46,0
DA:47,0
DA:55,0
DA:56,0
DA:57,0
DA:58,0
DA:59,0
DA:61,0
DA:69,0
DA:70,0
DA:71,0
DA:72,0
DA:74,0
DA:76,0
DA:84,0
DA:85,0
DA:92,0
DA:93,0
DA:94,0
DA:96,0
DA:104,0
DA:105,0
LF:35
LH:0
BRDA:22,0,0,0
BRDA:22,0,1,0
BRDA:72,1,0,0
BRDA:72,1,1,0
BRDA:72,2,0,0
BRDA:72,2,1,0
BRDA:85,3,0,0
BRDA:85,3,1,0
BRF:8
BRH:0
end_of_record
TN:
SF:utils\qaMocks.js
FN:8,(anonymous_0)
FN:27,(anonymous_1)
FN:35,(anonymous_2)
FN:43,(anonymous_3)
FN:53,(anonymous_4)
FNF:5
FNH:0
FNDA:0,(anonymous_0)
FNDA:0,(anonymous_1)
FNDA:0,(anonymous_2)
FNDA:0,(anonymous_3)
FNDA:0,(anonymous_4)
DA:8,0
DA:11,0
DA:17,0
DA:27,0
DA:29,0
DA:35,0
DA:36,0
DA:37,0
DA:43,0
DA:53,0
LF:10
LH:0
BRF:0
BRH:0
end_of_record
TN:
SF:utils\qaRunner.js
FN:14,(anonymous_0)
FN:39,(anonymous_1)
FN:51,(anonymous_2)
FN:60,(anonymous_3)
FN:67,(anonymous_4)
FN:92,(anonymous_5)
FN:117,(anonymous_6)
FN:150,(anonymous_7)
FN:198,(anonymous_8)
FN:241,(anonymous_9)
FN:287,(anonymous_10)
FN:332,(anonymous_11)
FN:356,(anonymous_12)
FN:401,(anonymous_13)
FNF:14
FNH:0
FNDA:0,(anonymous_0)
FNDA:0,(anonymous_1)
FNDA:0,(anonymous_2)
FNDA:0,(anonymous_3)
FNDA:0,(anonymous_4)
FNDA:0,(anonymous_5)
FNDA:0,(anonymous_6)
FNDA:0,(anonymous_7)
FNDA:0,(anonymous_8)
FNDA:0,(anonymous_9)
FNDA:0,(anonymous_10)
FNDA:0,(anonymous_11)
FNDA:0,(anonymous_12)
FNDA:0,(anonymous_13)
DA:15,0
DA:16,0
DA:25,0
DA:40,0
DA:45,0
DA:52,0
DA:53,0
DA:54,0
DA:61,0
DA:68,0
DA:70,0
DA:71,0
DA:73,0
DA:74,0
DA:80,0
DA:81,0
DA:82,0
DA:83,0
DA:85,0
DA:93,0
DA:95,0
DA:96,0
DA:98,0
DA:99,0
DA:105,0
DA:106,0
DA:107,0
DA:108,0
DA:110,0
DA:118,0
DA:120,0
DA:121,0
DA:123,0
DA:138,0
DA:139,0
DA:140,0
DA:141,0
DA:143,0
DA:151,0
DA:152,0
DA:159,0
DA:160,0
DA:164,0
DA:165,0
DA:166,0
DA:169,0
DA:178,0
DA:180,0
DA:181,0
DA:182,0
DA:183,0
DA:191,0
DA:199,0
DA:200,0
DA:206,0
DA:214,0
DA:223,0
DA:224,0
DA:227,0
DA:232,0
DA:234,0
DA:242,0
DA:244,0
DA:245,0
DA:247,0
DA:253,0
DA:255,0
DA:273,0
DA:275,0
DA:276,0
DA:277,0
DA:278,0
DA:280,0
DA:288,0
DA:289,0
DA:291,0
DA:292,0
DA:293,0
DA:294,0
DA:297,0
DA:299,0
DA:303,0
DA:305,0
DA:306,0
DA:309,0
DA:310,0
DA:312,0
DA:321,0
DA:322,0
DA:323,0
DA:325,0
DA:333,0
DA:335,0
DA:336,0
DA:337,0
DA:338,0
DA:339,0
DA:340,0
DA:341,0
DA:342,0
DA:347,0
DA:348,0
DA:350,0
DA:357,0
DA:359,0
DA:360,0
DA:361,0
DA:364,0
DA:365,0
DA:366,0
DA:369,0
DA:370,0
DA:371,0
DA:374,0
DA:376,0
DA:377,0
DA:378,0
DA:381,0
DA:382,0
DA:383,0
DA:386,0
DA:387,0
DA:388,0
DA:391,0
DA:393,0
DA:394,0
DA:402,0
LF:127
LH:0
BRDA:39,0,0,0
BRDA:52,1,0,0
BRDA:52,1,1,0
BRDA:53,2,0,0
BRDA:53,2,1,0
BRDA:60,3,0,0
BRDA:71,4,0,0
BRDA:71,4,1,0
BRDA:80,5,0,0
BRDA:80,5,1,0
BRDA:96,6,0,0
BRDA:96,6,1,0
BRDA:105,7,0,0
BRDA:105,7,1,0
BRDA:121,8,0,0
BRDA:121,8,1,0
BRDA:138,9,0,0
BRDA:138,9,1,0
BRDA:159,10,0,0
BRDA:159,10,1,0
BRDA:159,11,0,0
BRDA:159,11,1,0
BRDA:159,11,2,0
BRDA:165,12,0,0
BRDA:165,12,1,0
BRDA:165,13,0,0
BRDA:165,13,1,0
BRDA:165,13,2,0
BRDA:165,13,3,0
BRDA:178,14,0,0
BRDA:178,14,1,0
BRDA:245,15,0,0
BRDA:245,15,1,0
BRDA:273,16,0,0
BRDA:273,16,1,0
BRDA:303,17,0,0
BRDA:303,17,1,0
BRDA:310,18,0,0
BRDA:310,18,1,0
BRDA:359,19,0,0
BRDA:359,19,1,0
BRDA:364,20,0,0
BRDA:364,20,1,0
BRDA:369,21,0,0
BRDA:369,21,1,0
BRDA:374,22,0,0
BRDA:374,22,1,0
BRDA:381,23,0,0
BRDA:381,23,1,0
BRDA:386,24,0,0
BRDA:386,24,1,0
BRF:51
BRH:0
end_of_record
TN:
SF:utils\sentryInit.js
FN:19,initSentry
FN:53,(anonymous_1)
FN:79,captureException
FN:92,captureMessage
FN:106,setUser
FN:119,clearUser
FN:128,addBreadcrumb
FNF:7
FNH:0
FNDA:0,initSentry
FNDA:0,(anonymous_1)
FNDA:0,captureException
FNDA:0,captureMessage
FNDA:0,setUser
FNDA:0,clearUser
FNDA:0,addBreadcrumb
DA:5,0
DA:6,0
DA:7,0
DA:8,0
DA:11,0
DA:12,0
DA:21,0
DA:23,0
DA:24,0
DA:26,0
DA:29,0
DA:30,0
DA:31,0
DA:34,0
DA:35,0
DA:55,0
DA:56,0
DA:60,0
DA:62,0
DA:63,0
DA:66,0
DA:70,0
DA:72,0
DA:80,0
DA:82,0
DA:93,0
DA:95,0
DA:107,0
DA:109,0
DA:120,0
DA:122,0
DA:129,0
DA:131,0
LF:33
LH:0
BRDA:8,0,0,0
BRDA:8,0,1,0
BRDA:11,1,0,0
BRDA:11,1,1,0
BRDA:21,2,0,0
BRDA:21,2,1,0
BRDA:21,3,0,0
BRDA:21,3,1,0
BRDA:23,4,0,0
BRDA:23,4,1,0
BRDA:29,5,0,0
BRDA:29,5,1,0
BRDA:29,6,0,0
BRDA:29,6,1,0
BRDA:39,7,0,0
BRDA:39,7,1,0
BRDA:41,8,0,0
BRDA:41,8,1,0
BRDA:55,9,0,0
BRDA:55,9,1,0
BRDA:55,10,0,0
BRDA:55,10,1,0
BRDA:60,11,0,0
BRDA:60,11,1,0
BRDA:79,12,0,0
BRDA:80,13,0,0
BRDA:80,13,1,0
BRDA:92,14,0,0
BRDA:92,15,0,0
BRDA:93,16,0,0
BRDA:93,16,1,0
BRDA:107,17,0,0
BRDA:107,17,1,0
BRDA:111,18,0,0
BRDA:111,18,1,0
BRDA:120,19,0,0
BRDA:120,19,1,0
BRDA:128,20,0,0
BRDA:128,21,0,0
BRDA:129,22,0,0
BRDA:129,22,1,0
BRF:41
BRH:0
end_of_record
TN:
SF:utils\supabaseErrorHandler.js
FN:14,logSupabaseError
FN:39,executeSupabaseOperation
FN:59,isMissingColumnError
FN:68,isAuthError
FN:77,formatUserFriendlyError
FNF:5
FNH:0
FNDA:0,logSupabaseError
FNDA:0,executeSupabaseOperation
FNDA:0,isMissingColumnError
FNDA:0,isAuthError
FNDA:0,formatUserFriendlyError
DA:15,0
DA:17,0
DA:25,0
DA:28,0
DA:29,0
DA:40,0
DA:41,0
DA:43,0
DA:44,0
DA:47,0
DA:49,0
DA:50,0
DA:60,0
DA:69,0
DA:78,0
DA:80,0
DA:81,0
DA:84,0
DA:85,0
DA:88,0
DA:89,0
DA:92,0
DA:93,0
DA:96,0
LF:24
LH:0
BRDA:14,0,0,0
BRDA:15,1,0,0
BRDA:15,1,1,0
BRDA:28,2,0,0
BRDA:28,2,1,0
BRDA:43,3,0,0
BRDA:43,3,1,0
BRDA:60,4,0,0
BRDA:60,4,1,0
BRDA:69,5,0,0
BRDA:69,5,1,0
BRDA:78,6,0,0
BRDA:78,6,1,0
BRDA:80,7,0,0
BRDA:80,7,1,0
BRDA:84,8,0,0
BRDA:84,8,1,0
BRDA:88,9,0,0
BRDA:88,9,1,0
BRDA:92,10,0,0
BRDA:92,10,1,0
BRDA:96,11,0,0
BRDA:96,11,1,0
BRF:23
BRH:0
end_of_record
TN:
SF:utils\supabaseQueries.js
FN:8,fetchClientsPaginated
FN:30,fetchProjectsPaginated
FN:58,fetchPhotosPaginated
FN:81,fetchNotesPaginated
FNF:4
FNH:0
FNDA:0,fetchClientsPaginated
FNDA:0,fetchProjectsPaginated
FNDA:0,fetchPhotosPaginated
FNDA:0,fetchNotesPaginated
DA:9,0
DA:10,0
DA:11,0
DA:13,0
DA:19,0
DA:21,0
DA:23,0
DA:25,0
DA:26,0
DA:31,0
DA:32,0
DA:33,0
DA:35,0
DA:41,0
DA:42,0
DA:45,0
DA:47,0
DA:49,0
DA:51,0
DA:53,0
DA:54,0
DA:59,0
DA:60,0
DA:61,0
DA:63,0
DA:70,0
DA:72,0
DA:74,0
DA:76,0
DA:77,0
DA:82,0
DA:83,0
DA:84,0
DA:86,0
DA:93,0
DA:95,0
DA:97,0
DA:99,0
DA:100,0
LF:39
LH:0
BRDA:8,0,0,0
BRDA:8,1,0,0
BRDA:19,2,0,0
BRDA:19,2,1,0
BRDA:23,3,0,0
BRDA:23,3,1,0
BRDA:30,4,0,0
BRDA:30,5,0,0
BRDA:41,6,0,0
BRDA:41,6,1,0
BRDA:47,7,0,0
BRDA:47,7,1,0
BRDA:51,8,0,0
BRDA:51,8,1,0
BRDA:58,9,0,0
BRDA:58,10,0,0
BRDA:70,11,0,0
BRDA:70,11,1,0
BRDA:74,12,0,0
BRDA:74,12,1,0
BRDA:81,13,0,0
BRDA:81,14,0,0
BRDA:93,15,0,0
BRDA:93,15,1,0
BRDA:97,16,0,0
BRDA:97,16,1,0
BRF:26
BRH:0
end_of_record
TN:
SF:utils\supabase_helpers.js
FN:17,insertAutoQuote
FN:77,updateQuote
FN:102,deleteQuote
FNF:3
FNH:0
FNDA:0,insertAutoQuote
FNDA:0,updateQuote
FNDA:0,deleteQuote
DA:18,0
DA:20,0
DA:21,0
DA:22,0
DA:25,0
DA:26,0
DA:27,0
DA:31,0
DA:32,0
DA:34,0
DA:37,0
DA:38,0
DA:40,0
DA:54,0
DA:56,0
DA:58,0
DA:59,0
DA:60,0
DA:63,0
DA:64,0
DA:66,0
DA:67,0
DA:78,0
DA:79,0
DA:85,0
DA:86,0
DA:87,0
DA:90,0
DA:92,0
DA:93,0
DA:103,0
DA:104,0
DA:106,0
DA:107,0
DA:108,0
DA:111,0
DA:113,0
DA:114,0
LF:38
LH:0
BRDA:17,0,0,0
BRDA:17,1,0,0
BRDA:20,2,0,0
BRDA:20,2,1,0
BRDA:20,3,0,0
BRDA:20,3,1,0
BRDA:25,4,0,0
BRDA:25,4,1,0
BRDA:25,5,0,0
BRDA:25,5,1,0
BRDA:32,6,0,0
BRDA:32,6,1,0
BRDA:51,7,0,0
BRDA:51,7,1,0
BRDA:58,8,0,0
BRDA:58,8,1,0
BRDA:85,9,0,0
BRDA:85,9,1,0
BRDA:106,10,0,0
BRDA:106,10,1,0
BRF:20
BRH:0
end_of_record
TN:
SF:utils\utils\pdf.js
FN:10,generateDevisNumber
FN:26,buildDevisHTML
FN:59,(anonymous_2)
FN:74,(anonymous_3)
FN:203,generateDevisPDF
FNF:5
FNH:0
FNDA:0,generateDevisNumber
FNDA:0,buildDevisHTML
FNDA:0,(anonymous_2)
FNDA:0,(anonymous_3)
FNDA:0,generateDevisPDF
DA:11,0
DA:12,0
DA:13,0
DA:27,0
DA:40,0
DA:50,0
DA:59,0
DA:60,0
DA:61,0
DA:62,0
DA:63,0
DA:74,0
DA:75,0
DA:76,0
DA:77,0
DA:80,0
DA:81,0
DA:82,0
DA:84,0
DA:85,0
DA:94,0
DA:95,0
DA:108,0
DA:116,0
DA:212,0
DA:213,0
DA:221,0
DA:222,0
DA:224,0
DA:225,0
DA:227,0
DA:228,0
DA:230,0
DA:231,0
DA:234,0
DA:235,0
DA:237,0
DA:240,0
DA:241,0
DA:253,0
DA:254,0
DA:257,0
DA:260,0
DA:263,0
DA:264,0
DA:266,0
DA:267,0
DA:270,0
DA:271,0
DA:274,0
DA:275,0
DA:278,0
DA:280,0
DA:282,0
DA:284,0
DA:285,0
DA:286,0
DA:288,0
DA:290,0
DA:297,0
DA:298,0
DA:299,0
DA:303,0
DA:306,0
DA:307,0
DA:309,0
DA:312,0
DA:314,0
DA:316,0
DA:319,0
DA:320,0
LF:71
LH:0
BRDA:26,0,0,0
BRDA:29,1,0,0
BRDA:29,1,1,0
BRDA:31,2,0,0
BRDA:31,2,1,0
BRDA:32,3,0,0
BRDA:32,3,1,0
BRDA:33,4,0,0
BRDA:33,4,1,0
BRDA:34,5,0,0
BRDA:34,5,1,0
BRDA:35,6,0,0
BRDA:35,6,1,0
BRDA:43,7,0,0
BRDA:43,7,1,0
BRDA:44,8,0,0
BRDA:44,8,1,0
BRDA:45,9,0,0
BRDA:45,9,1,0
BRDA:46,10,0,0
BRDA:46,10,1,0
BRDA:53,11,0,0
BRDA:53,11,1,0
BRDA:54,12,0,0
BRDA:54,12,1,0
BRDA:59,13,0,0
BRDA:59,13,1,0
BRDA:60,14,0,0
BRDA:60,14,1,0
BRDA:61,15,0,0
BRDA:61,15,1,0
BRDA:65,16,0,0
BRDA:65,16,1,0
BRDA:67,17,0,0
BRDA:67,17,1,0
BRDA:74,18,0,0
BRDA:74,18,1,0
BRDA:74,19,0,0
BRDA:74,19,1,0
BRDA:74,20,0,0
BRDA:74,20,1,0
BRDA:75,21,0,0
BRDA:75,21,1,0
BRDA:84,22,0,0
BRDA:84,22,1,0
BRDA:94,23,0,0
BRDA:94,23,1,0
BRDA:177,24,0,0
BRDA:177,24,1,0
BRDA:178,25,0,0
BRDA:178,25,1,0
BRDA:184,26,0,0
BRDA:184,26,1,0
BRDA:207,27,0,0
BRDA:208,28,0,0
BRDA:209,29,0,0
BRDA:210,30,0,0
BRDA:217,31,0,0
BRDA:217,31,1,0
BRDA:221,32,0,0
BRDA:221,32,1,0
BRDA:224,33,0,0
BRDA:224,33,1,0
BRDA:227,34,0,0
BRDA:227,34,1,0
BRDA:230,35,0,0
BRDA:230,35,1,0
BRDA:230,36,0,0
BRDA:230,36,1,0
BRDA:253,37,0,0
BRDA:253,37,1,0
BRDA:270,38,0,0
BRDA:270,38,1,0
BRDA:270,39,0,0
BRDA:270,39,1,0
BRDA:278,40,0,0
BRDA:278,40,1,0
BRDA:297,41,0,0
BRDA:297,41,1,0
BRDA:299,42,0,0
BRDA:299,42,1,0
BRF:81
BRH:0
end_of_record
TN:
SF:validation\schemas.js
FN:155,(anonymous_0)
FN:170,validate
FN:177,(anonymous_2)
FN:190,validateAsync
FN:197,(anonymous_4)
FNF:5
FNH:2
FNDA:0,(anonymous_0)
FNDA:6,validate
FNDA:4,(anonymous_2)
FNDA:0,validateAsync
FNDA:0,(anonymous_4)
DA:11,1
DA:17,1
DA:23,1
DA:25,1
DA:27,1
DA:33,1
DA:47,1
DA:53,1
DA:63,1
DA:69,1
DA:80,1
DA:95,1
DA:111,1
DA:120,1
DA:137,1
DA:146,1
DA:151,1
DA:155,0
DA:171,6
DA:172,6
DA:173,2
DA:175,4
DA:176,4
DA:177,4
DA:178,4
DA:179,4
DA:181,4
DA:183,0
DA:191,0
DA:192,0
DA:193,0
DA:195,0
DA:196,0
DA:197,0
DA:198,0
DA:199,0
DA:201,0
DA:203,0
LF:38
LH:26
BRDA:175,0,0,4
BRDA:175,0,1,0
BRDA:195,1,0,0
BRDA:195,1,1,0
BRF:4
BRH:1
end_of_record
